<?xml version="1.0" encoding="UTF-8"?>
<!-- Generated by org.testng.reporters.JUnitXMLReporter -->
<testsuite hostname="DESKTOP-PN0RVR2" ignored="0" name="CompleteTest2" tests="2" failures="1" timestamp="02 Jul 2021 06:02:12 GMT" time="89.708" errors="0">
  <testcase name="verifyCreateAccount" time="1.148" classname="com.pagefactory.framework.homepage.TC002_VerifyCreateAccount"/>
  <testcase name="verifyExternalWebsiteLink" time="61.41" classname="com.pagefactory.framework.homepage.TC004_VerifyExternalLink">
    <failure type="java.lang.AssertionError" message="expected [true] but found [false]">
      <![CDATA[java.lang.AssertionError: expected [true] but found [false]
	at com.pagefactory.framework.homepage.TC004_VerifyExternalLink.verifyExternalWebsiteLink(TC004_VerifyExternalLink.java:46)
	at java.util.concurrent.ThreadPoolExecutor.runWorker(ThreadPoolExecutor.java:1149)
	at java.util.concurrent.ThreadPoolExecutor$Worker.run(ThreadPoolExecutor.java:624)
	at java.lang.Thread.run(Thread.java:748)
... Removed 16 stack frames]]>
    </failure>
  </testcase> <!-- verifyExternalWebsiteLink -->
</testsuite> <!-- CompleteTest2 -->
