<html>
<head>
<title>TestNG:  CompleteTest1</title>
<link href="../testng.css" rel="stylesheet" type="text/css" />
<link href="../my-testng.css" rel="stylesheet" type="text/css" />

<style type="text/css">
.log { display: none;} 
.stack-trace { display: none;} 
</style>
<script type="text/javascript">
<!--
function flip(e) {
  current = e.style.display;
  if (current == 'block') {
    e.style.display = 'none';
    return 0;
  }
  else {
    e.style.display = 'block';
    return 1;
  }
}

function toggleBox(szDivId, elem, msg1, msg2)
{
  var res = -1;  if (document.getElementById) {
    res = flip(document.getElementById(szDivId));
  }
  else if (document.all) {
    // this is the way old msie versions work
    res = flip(document.all[szDivId]);
  }
  if(elem) {
    if(res == 0) elem.innerHTML = msg1; else elem.innerHTML = msg2;
  }

}

function toggleAllBoxes() {
  if (document.getElementsByTagName) {
    d = document.getElementsByTagName('div');
    for (i = 0; i < d.length; i++) {
      if (d[i].className == 'log') {
        flip(d[i]);
      }
    }
  }
}

// -->
</script>

</head>
<body>
<h2 align='center'>CompleteTest1</h2><table border='1' align="center">
<tr>
<td>Tests passed/Failed/Skipped:</td><td>2/1/6</td>
</tr><tr>
<td>Started on:</td><td>Fri Jul 02 11:27:03 IST 2021</td>
</tr>
<tr><td>Total time:</td><td>219 seconds (219384 ms)</td>
</tr><tr>
<td>Included groups:</td><td></td>
</tr><tr>
<td>Excluded groups:</td><td></td>
</tr>
</table><p/>
<small><i>(Hover the method name to see the test class name)</i></small><p/>
<table width='100%' border='1' class='invocation-failed'>
<tr><td colspan='4' align='center'><b>FAILED TESTS</b></td></tr>
<tr><td><b>Test method</b></td>
<td width="30%"><b>Exception</b></td>
<td width="10%"><b>Time (seconds)</b></td>
<td><b>Instance</b></td>
</tr>
<tr>
<td title='com.pagefactory.framework.homepage.TC004_VerifyExternalLink.verifyExternalWebsiteLink()'><b>verifyExternalWebsiteLink</b><br>Test class: com.pagefactory.framework.homepage.TC004_VerifyExternalLink<br/>
<a href="#Output-780340181" onClick='toggleBox("Output-780340181", this, "Show output", "Hide output");'>Show output</a>

<a href="#Output-780340181" onClick="toggleAllBoxes();">Show all outputs</a>
<div class='log' id="Output-780340181">
------------------- Starting verifyExternalWebsiteLink Test -------------------<br/>
Trying to find element By:By.xpath: //*[@id='accordian']/descendant::div[@class='panel panel-default']/descendant::div[@class='panel-heading']/descendant::a[@href='#mens']<br/>
Found element By:By.xpath: //*[@id='accordian']/descendant::div[@class='panel panel-default']/descendant::div[@class='panel-heading']/descendant::a[@href='#mens']<br/>
Clicked On: [[FirefoxDriver: firefox on WINDOWS (12535c7f-e3e0-44f3-9568-d8b0585a79b8)] -> xpath: //*[@id='accordian']/descendant::div[@class='panel panel-default']/descendant::div[@class='panel-heading']/descendant::a[@href='#mens']]<br/>
Clicked on mensNavigation menu item<br/>
Trying to find element By:By.xpath: //*[@id='accordian']/descendant::div[@class='panel panel-default']/descendant::div[@id='mens']/descendant::div[@class='panel-body']/descendant::ul/child::li/child::a[contains(text(),'Valentino')]<br/>
Found element By:By.xpath: //*[@id='accordian']/descendant::div[@class='panel panel-default']/descendant::div[@id='mens']/descendant::div[@class='panel-body']/descendant::ul/child::li/child::a[contains(text(),'Valentino')]<br/>
Clicked On: [[FirefoxDriver: firefox on WINDOWS (12535c7f-e3e0-44f3-9568-d8b0585a79b8)] -> xpath: //*[@id='accordian']/descendant::div[@class='panel panel-default']/descendant::div[@id='mens']/descendant::div[@class='panel-body']/descendant::ul/child::li/child::a[contains(text(),'Valentino')]]<br/>
Clicked on Valentino of Mens<br/>
Trying to find element By:By.xpath: //*[@id='footer']/div[3]/div/div/p[2]/span/a<br/>
Found element By:By.xpath: //*[@id='footer']/div[3]/div/div/p[2]/span/a<br/>
Clicked On: [[FirefoxDriver: firefox on WINDOWS (12535c7f-e3e0-44f3-9568-d8b0585a79b8)] -> xpath: //*[@id='footer']/div[3]/div/div/p[2]/span/a]<br/>
Trying to find element By:By.xpath: //*[@id='footer']/div[3]/div/div/p[2]/span/a<br/>
Found element By:By.xpath: //*[@id='footer']/div[3]/div/div/p[2]/span/a<br/>
Website Link clicked and object is :[[FirefoxDriver: firefox on WINDOWS (12535c7f-e3e0-44f3-9568-d8b0585a79b8)] -> xpath: //*[@id='footer']/div[3]/div/div/p[2]/span/a]<br/>
Trying to find element By:By.xpath: //p[contains(text(),'s functionality with our robus')]<br/>
Exception Occured org.openqa.selenium.NoSuchElementException: Unable to locate element: //p[contains(text(),'s functionality with our robus')]
For documentation on this error, please visit: https://www.seleniumhq.org/exceptions/no_such_element.html
Build info: version: '3.141.59', revision: 'e82be7d358', time: '2018-11-14T08:17:03'
System info: host: 'DESKTOP-PN0RVR2', ip: '192.168.14.241', os.name: 'Windows 10', os.arch: 'amd64', os.version: '10.0', java.version: '1.8.0_181'
Driver info: org.openqa.selenium.firefox.FirefoxDriver
Capabilities {acceptInsecureCerts: true, browserName: firefox, browserVersion: 89.0.2, javascriptEnabled: true, moz:accessibilityChecks: false, moz:buildID: 20210622155641, moz:geckodriverVersion: 0.29.1, moz:headless: false, moz:processID: 12548, moz:profile: C:\Users\tarun\AppData\Loca..., moz:shutdownTimeout: 60000, moz:useNonSpecCompliantPointerOrigin: false, moz:webdriverClick: true, pageLoadStrategy: normal, platform: WINDOWS, platformName: WINDOWS, platformVersion: 10.0, setWindowRect: true, strictFileInteractability: false, timeouts: {implicit: 0, pageLoad: 300000, script: 30000}, unhandledPromptBehavior: dismiss and notify}
Session ID: 12535c7f-e3e0-44f3-9568-d8b0585a79b8
*** Element info: {Using=xpath, value=//p[contains(text(),'s functionality with our robus')]}<br/>
</div>
</td>
<td><div><pre>java.lang.AssertionError: expected [true] but found [false]
	at com.pagefactory.framework.homepage.TC004_VerifyExternalLink.verifyExternalWebsiteLink(TC004_VerifyExternalLink.java:46)
	at java.util.concurrent.ThreadPoolExecutor.runWorker(ThreadPoolExecutor.java:1149)
	at java.util.concurrent.ThreadPoolExecutor$Worker.run(ThreadPoolExecutor.java:624)
	at java.lang.Thread.run(Thread.java:748)
... Removed 16 stack frames</pre></div><a href='#' onClick='toggleBox("stack-trace780340181", this, "Click to show all stack frames", "Click to hide stack frames")'>Click to show all stack frames</a>
<div class='stack-trace' id='stack-trace780340181'><pre>java.lang.AssertionError: expected [true] but found [false]
	at org.testng.Assert.fail(Assert.java:94)
	at org.testng.Assert.failNotEquals(Assert.java:513)
	at org.testng.Assert.assertEqualsImpl(Assert.java:135)
	at org.testng.Assert.assertEquals(Assert.java:116)
	at org.testng.Assert.assertEquals(Assert.java:305)
	at org.testng.Assert.assertEquals(Assert.java:315)
	at com.pagefactory.framework.homepage.TC004_VerifyExternalLink.verifyExternalWebsiteLink(TC004_VerifyExternalLink.java:46)
	at sun.reflect.NativeMethodAccessorImpl.invoke0(Native Method)
	at sun.reflect.NativeMethodAccessorImpl.invoke(NativeMethodAccessorImpl.java:62)
	at sun.reflect.DelegatingMethodAccessorImpl.invoke(DelegatingMethodAccessorImpl.java:43)
	at java.lang.reflect.Method.invoke(Method.java:498)
	at org.testng.internal.MethodInvocationHelper.invokeMethod(MethodInvocationHelper.java:104)
	at org.testng.internal.Invoker.invokeMethod(Invoker.java:645)
	at org.testng.internal.Invoker.retryFailed(Invoker.java:998)
	at org.testng.internal.Invoker.invokeTestMethods(Invoker.java:1200)
	at org.testng.internal.TestMethodWorker.invokeTestMethods(TestMethodWorker.java:129)
	at org.testng.internal.TestMethodWorker.run(TestMethodWorker.java:112)
	at java.util.concurrent.ThreadPoolExecutor.runWorker(ThreadPoolExecutor.java:1149)
	at java.util.concurrent.ThreadPoolExecutor$Worker.run(ThreadPoolExecutor.java:624)
	at java.lang.Thread.run(Thread.java:748)
</pre></div></td>
<td>61</td>
<td>com.pagefactory.framework.homepage.TC004_VerifyExternalLink@4d50efb8</td></tr>
</table><p>
<table width='100%' border='1' class='invocation-passed'>
<tr><td colspan='4' align='center'><b>PASSED TESTS</b></td></tr>
<tr><td><b>Test method</b></td>
<td width="30%"><b>Exception</b></td>
<td width="10%"><b>Time (seconds)</b></td>
<td><b>Instance</b></td>
</tr>
<tr>
<td title='com.pagefactory.framework.homepage.TC003_VerifyLoginWithDifferentData.createAccountDifferentRecordsTest()'><b>createAccountDifferentRecordsTest</b><br>Test class: com.pagefactory.framework.homepage.TC003_VerifyLoginWithDifferentData<br>Parameters: Alex, a@a.com, password, y<br/>
<a href="#Output-1690615532" onClick='toggleBox("Output-1690615532", this, "Show output", "Hide output");'>Show output</a>

<a href="#Output-1690615532" onClick="toggleAllBoxes();">Show all outputs</a>
<div class='log' id="Output-1690615532">
Trying to find element By:By.xpath: //*[@id='header']/div[2]/div/div/div[2]/div/ul/li[5]/a<br/>
Found element By:By.xpath: //*[@id='header']/div[2]/div/div/div[2]/div/ul/li[5]/a<br/>
Clicked On: [[FirefoxDriver: firefox on WINDOWS (14da6ee2-560f-42a5-b71d-39e1549b6d5a)] -> xpath: //*[@id='header']/div[2]/div/div/div[2]/div/ul/li[5]/a]<br/>
------------------- Starting createAccountDifferentRecordsTest Test -------------------<br/>
Trying to find element By:By.xpath: //*[@id='header']/div[2]/div/div/div[2]/div/ul/li[5]/a<br/>
Found element By:By.xpath: //*[@id='header']/div[2]/div/div/div[2]/div/ul/li[5]/a<br/>
Clicked On: [[FirefoxDriver: firefox on WINDOWS (14da6ee2-560f-42a5-b71d-39e1549b6d5a)] -> xpath: //*[@id='header']/div[2]/div/div/div[2]/div/ul/li[5]/a]<br/>
Trying to find element By:By.xpath: //*[@id='form']/div/div/div[3]/div/form/input[1]<br/>
Found element By:By.xpath: //*[@id='form']/div/div/div[3]/div/form/input[1]<br/>
Value of the WebElement [[FirefoxDriver: firefox on WINDOWS (14da6ee2-560f-42a5-b71d-39e1549b6d5a)] -> xpath: //*[@id='form']/div/div/div[3]/div/form/input[1]] before any changes<br/>
Value changed to [[FirefoxDriver: firefox on WINDOWS (14da6ee2-560f-42a5-b71d-39e1549b6d5a)] -> xpath: //*[@id='form']/div/div/div[3]/div/form/input[1]]<br/>
Trying to find element By:By.xpath: //*[@id='form']/div/div/div[3]/div/form/input[1]<br/>
Found element By:By.xpath: //*[@id='form']/div/div/div[3]/div/form/input[1]<br/>
Value of the WebElement [[FirefoxDriver: firefox on WINDOWS (14da6ee2-560f-42a5-b71d-39e1549b6d5a)] -> xpath: //*[@id='form']/div/div/div[3]/div/form/input[1]] before any changes<br/>
Value changed to [[FirefoxDriver: firefox on WINDOWS (14da6ee2-560f-42a5-b71d-39e1549b6d5a)] -> xpath: //*[@id='form']/div/div/div[3]/div/form/input[1]]<br/>
Clicked on Sign In and object is:Alex<br/>
Trying to find element By:By.xpath: //*[@id='form']/div/div/div[3]/div/form/input[2]<br/>
Found element By:By.xpath: //*[@id='form']/div/div/div[3]/div/form/input[2]<br/>
Value of the WebElement [[FirefoxDriver: firefox on WINDOWS (14da6ee2-560f-42a5-b71d-39e1549b6d5a)] -> xpath: //*[@id='form']/div/div/div[3]/div/form/input[2]] before any changes<br/>
Value changed to [[FirefoxDriver: firefox on WINDOWS (14da6ee2-560f-42a5-b71d-39e1549b6d5a)] -> xpath: //*[@id='form']/div/div/div[3]/div/form/input[2]]<br/>
Trying to find element By:By.xpath: //*[@id='form']/div/div/div[3]/div/form/input[2]<br/>
Found element By:By.xpath: //*[@id='form']/div/div/div[3]/div/form/input[2]<br/>
Value of the WebElement [[FirefoxDriver: firefox on WINDOWS (14da6ee2-560f-42a5-b71d-39e1549b6d5a)] -> xpath: //*[@id='form']/div/div/div[3]/div/form/input[2]] before any changes<br/>
Value changed to [[FirefoxDriver: firefox on WINDOWS (14da6ee2-560f-42a5-b71d-39e1549b6d5a)] -> xpath: //*[@id='form']/div/div/div[3]/div/form/input[2]]<br/>
Clicked on Sign In and object is:a@a.com<br/>
Trying to find element By:By.xpath: //*[@id='form']/div/div/div[3]/div/form/input[3]<br/>
Found element By:By.xpath: //*[@id='form']/div/div/div[3]/div/form/input[3]<br/>
Value of the WebElement [[FirefoxDriver: firefox on WINDOWS (14da6ee2-560f-42a5-b71d-39e1549b6d5a)] -> xpath: //*[@id='form']/div/div/div[3]/div/form/input[3]] before any changes<br/>
Value changed to [[FirefoxDriver: firefox on WINDOWS (14da6ee2-560f-42a5-b71d-39e1549b6d5a)] -> xpath: //*[@id='form']/div/div/div[3]/div/form/input[3]]<br/>
Trying to find element By:By.xpath: //*[@id='form']/div/div/div[3]/div/form/input[3]<br/>
Found element By:By.xpath: //*[@id='form']/div/div/div[3]/div/form/input[3]<br/>
Value of the WebElement [[FirefoxDriver: firefox on WINDOWS (14da6ee2-560f-42a5-b71d-39e1549b6d5a)] -> xpath: //*[@id='form']/div/div/div[3]/div/form/input[3]] before any changes<br/>
Value changed to [[FirefoxDriver: firefox on WINDOWS (14da6ee2-560f-42a5-b71d-39e1549b6d5a)] -> xpath: //*[@id='form']/div/div/div[3]/div/form/input[3]]<br/>
Clicked on Sign In and object is:password<br/>
Trying to find element By:By.xpath: //*[@id='header']/div[1]/div/div/div[1]/div/ul/li[1]/a<br/>
Found element By:By.xpath: //*[@id='header']/div[1]/div/div/div[1]/div/ul/li[1]/a<br/>
<a href='D:\Workspace\eclipse\PageFactoryFramework\src\main\java\com\pagefactory\framework\screenshot\createAccountDifferentRecordsTestAlex_02_07_2021_11_27_49.png'><img src='D:\Workspace\eclipse\PageFactoryFramework\src\main\java\com\pagefactory\framework\screenshot\createAccountDifferentRecordsTestAlex_02_07_2021_11_27_49.png' height='100' width='100'/> </a<br/>
------------------- Ending createAccountDifferentRecordsTest Test -------------------<br/>
</div>
</td>
<td></td>
<td>1</td>
<td>com.pagefactory.framework.homepage.TC003_VerifyLoginWithDifferentData@467aecef</td></tr>
<tr>
<td title='com.pagefactory.framework.homepage.TC002_VerifyCreateAccount.verifyCreateAccount()'><b>verifyCreateAccount</b><br>Test class: com.pagefactory.framework.homepage.TC002_VerifyCreateAccount<br/>
<a href="#Output-265902520" onClick='toggleBox("Output-265902520", this, "Show output", "Hide output");'>Show output</a>

<a href="#Output-265902520" onClick="toggleAllBoxes();">Show all outputs</a>
<div class='log' id="Output-265902520">
------------------- Starting verifyCreateAccount Test -------------------<br/>
Trying to find element By:By.xpath: //*[@id='header']/div[2]/div/div/div[2]/div/ul/li[5]/a<br/>
Found element By:By.xpath: //*[@id='header']/div[2]/div/div/div[2]/div/ul/li[5]/a<br/>
Clicked On: [[FirefoxDriver: firefox on WINDOWS (e8642139-6e64-442b-b41b-7e5723b2ae89)] -> xpath: //*[@id='header']/div[2]/div/div/div[2]/div/ul/li[5]/a]<br/>
Trying to find element By:By.xpath: //*[@id='form']/div/div/div[3]/div/form/input[1]<br/>
Found element By:By.xpath: //*[@id='form']/div/div/div[3]/div/form/input[1]<br/>
Value of the WebElement [[FirefoxDriver: firefox on WINDOWS (e8642139-6e64-442b-b41b-7e5723b2ae89)] -> xpath: //*[@id='form']/div/div/div[3]/div/form/input[1]] before any changes<br/>
Value changed to [[FirefoxDriver: firefox on WINDOWS (e8642139-6e64-442b-b41b-7e5723b2ae89)] -> xpath: //*[@id='form']/div/div/div[3]/div/form/input[1]]<br/>
Trying to find element By:By.xpath: //*[@id='form']/div/div/div[3]/div/form/input[1]<br/>
Found element By:By.xpath: //*[@id='form']/div/div/div[3]/div/form/input[1]<br/>
Value of the WebElement [[FirefoxDriver: firefox on WINDOWS (e8642139-6e64-442b-b41b-7e5723b2ae89)] -> xpath: //*[@id='form']/div/div/div[3]/div/form/input[1]] before any changes<br/>
Value changed to [[FirefoxDriver: firefox on WINDOWS (e8642139-6e64-442b-b41b-7e5723b2ae89)] -> xpath: //*[@id='form']/div/div/div[3]/div/form/input[1]]<br/>
Clicked on Sign In and object is:Hasu<br/>
Trying to find element By:By.xpath: //*[@id='form']/div/div/div[3]/div/form/input[2]<br/>
Found element By:By.xpath: //*[@id='form']/div/div/div[3]/div/form/input[2]<br/>
Value of the WebElement [[FirefoxDriver: firefox on WINDOWS (e8642139-6e64-442b-b41b-7e5723b2ae89)] -> xpath: //*[@id='form']/div/div/div[3]/div/form/input[2]] before any changes<br/>
Value changed to [[FirefoxDriver: firefox on WINDOWS (e8642139-6e64-442b-b41b-7e5723b2ae89)] -> xpath: //*[@id='form']/div/div/div[3]/div/form/input[2]]<br/>
Trying to find element By:By.xpath: //*[@id='form']/div/div/div[3]/div/form/input[2]<br/>
Found element By:By.xpath: //*[@id='form']/div/div/div[3]/div/form/input[2]<br/>
Value of the WebElement [[FirefoxDriver: firefox on WINDOWS (e8642139-6e64-442b-b41b-7e5723b2ae89)] -> xpath: //*[@id='form']/div/div/div[3]/div/form/input[2]] before any changes<br/>
Value changed to [[FirefoxDriver: firefox on WINDOWS (e8642139-6e64-442b-b41b-7e5723b2ae89)] -> xpath: //*[@id='form']/div/div/div[3]/div/form/input[2]]<br/>
Clicked on Sign In and object is:hasu019@gmail.com<br/>
Trying to find element By:By.xpath: //*[@id='form']/div/div/div[3]/div/form/input[3]<br/>
Found element By:By.xpath: //*[@id='form']/div/div/div[3]/div/form/input[3]<br/>
Value of the WebElement [[FirefoxDriver: firefox on WINDOWS (e8642139-6e64-442b-b41b-7e5723b2ae89)] -> xpath: //*[@id='form']/div/div/div[3]/div/form/input[3]] before any changes<br/>
Value changed to [[FirefoxDriver: firefox on WINDOWS (e8642139-6e64-442b-b41b-7e5723b2ae89)] -> xpath: //*[@id='form']/div/div/div[3]/div/form/input[3]]<br/>
Trying to find element By:By.xpath: //*[@id='form']/div/div/div[3]/div/form/input[3]<br/>
Found element By:By.xpath: //*[@id='form']/div/div/div[3]/div/form/input[3]<br/>
Value of the WebElement [[FirefoxDriver: firefox on WINDOWS (e8642139-6e64-442b-b41b-7e5723b2ae89)] -> xpath: //*[@id='form']/div/div/div[3]/div/form/input[3]] before any changes<br/>
Value changed to [[FirefoxDriver: firefox on WINDOWS (e8642139-6e64-442b-b41b-7e5723b2ae89)] -> xpath: //*[@id='form']/div/div/div[3]/div/form/input[3]]<br/>
Clicked on Sign In and object is:password<br/>
Trying to find element By:By.xpath: //*[@id='header']/div[1]/div/div/div[1]/div/ul/li[1]/a<br/>
Found element By:By.xpath: //*[@id='header']/div[1]/div/div/div[1]/div/ul/li[1]/a<br/>
------------------- Ending verifyCreateAccount Test -------------------<br/>
</div>
</td>
<td></td>
<td>2</td>
<td>com.pagefactory.framework.homepage.TC002_VerifyCreateAccount@3dfc5fb8</td></tr>
</table><p>
<table width='100%' border='1' class='invocation-skipped'>
<tr><td colspan='4' align='center'><b>SKIPPED TESTS</b></td></tr>
<tr><td><b>Test method</b></td>
<td width="30%"><b>Exception</b></td>
<td width="10%"><b>Time (seconds)</b></td>
<td><b>Instance</b></td>
</tr>
<tr>
<td title='com.pagefactory.framework.homepage.TC003_VerifyLoginWithDifferentData.createAccountDifferentRecordsTest()'><b>createAccountDifferentRecordsTest</b><br>Test class: com.pagefactory.framework.homepage.TC003_VerifyLoginWithDifferentData<br>Parameters: Bhavik, b@b.com, password, n</td>
<td><div><pre>org.testng.SkipException: This record is marked this as no Run 
	at com.pagefactory.framework.homepage.TC003_VerifyLoginWithDifferentData.createAccountDifferentRecordsTest(TC003_VerifyLoginWithDifferentData.java:37)
	at java.util.concurrent.ThreadPoolExecutor.runWorker(ThreadPoolExecutor.java:1149)
	at java.util.concurrent.ThreadPoolExecutor$Worker.run(ThreadPoolExecutor.java:624)
	at java.lang.Thread.run(Thread.java:748)
... Removed 10 stack frames</pre></div><a href='#' onClick='toggleBox("stack-trace1974017420", this, "Click to show all stack frames", "Click to hide stack frames")'>Click to show all stack frames</a>
<div class='stack-trace' id='stack-trace1974017420'><pre>org.testng.SkipException: This record is marked this as no Run 
	at com.pagefactory.framework.homepage.TC003_VerifyLoginWithDifferentData.createAccountDifferentRecordsTest(TC003_VerifyLoginWithDifferentData.java:37)
	at sun.reflect.NativeMethodAccessorImpl.invoke0(Native Method)
	at sun.reflect.NativeMethodAccessorImpl.invoke(NativeMethodAccessorImpl.java:62)
	at sun.reflect.DelegatingMethodAccessorImpl.invoke(DelegatingMethodAccessorImpl.java:43)
	at java.lang.reflect.Method.invoke(Method.java:498)
	at org.testng.internal.MethodInvocationHelper.invokeMethod(MethodInvocationHelper.java:104)
	at org.testng.internal.Invoker.invokeMethod(Invoker.java:645)
	at org.testng.internal.Invoker.invokeTestMethod(Invoker.java:851)
	at org.testng.internal.Invoker.invokeTestMethods(Invoker.java:1177)
	at org.testng.internal.TestMethodWorker.invokeTestMethods(TestMethodWorker.java:129)
	at org.testng.internal.TestMethodWorker.run(TestMethodWorker.java:112)
	at java.util.concurrent.ThreadPoolExecutor.runWorker(ThreadPoolExecutor.java:1149)
	at java.util.concurrent.ThreadPoolExecutor$Worker.run(ThreadPoolExecutor.java:624)
	at java.lang.Thread.run(Thread.java:748)
</pre></div></td>
<td>0</td>
<td>com.pagefactory.framework.homepage.TC003_VerifyLoginWithDifferentData@467aecef</td></tr>
<tr>
<td title='com.pagefactory.framework.homepage.TC003_VerifyLoginWithDifferentData.createAccountDifferentRecordsTest()'><b>createAccountDifferentRecordsTest</b><br>Test class: com.pagefactory.framework.homepage.TC003_VerifyLoginWithDifferentData<br>Parameters: Child, c@c.com, password, n</td>
<td><div><pre>org.testng.SkipException: This record is marked this as no Run 
	at com.pagefactory.framework.homepage.TC003_VerifyLoginWithDifferentData.createAccountDifferentRecordsTest(TC003_VerifyLoginWithDifferentData.java:37)
	at java.util.concurrent.ThreadPoolExecutor.runWorker(ThreadPoolExecutor.java:1149)
	at java.util.concurrent.ThreadPoolExecutor$Worker.run(ThreadPoolExecutor.java:624)
	at java.lang.Thread.run(Thread.java:748)
... Removed 10 stack frames</pre></div><a href='#' onClick='toggleBox("stack-trace1404476337", this, "Click to show all stack frames", "Click to hide stack frames")'>Click to show all stack frames</a>
<div class='stack-trace' id='stack-trace1404476337'><pre>org.testng.SkipException: This record is marked this as no Run 
	at com.pagefactory.framework.homepage.TC003_VerifyLoginWithDifferentData.createAccountDifferentRecordsTest(TC003_VerifyLoginWithDifferentData.java:37)
	at sun.reflect.NativeMethodAccessorImpl.invoke0(Native Method)
	at sun.reflect.NativeMethodAccessorImpl.invoke(NativeMethodAccessorImpl.java:62)
	at sun.reflect.DelegatingMethodAccessorImpl.invoke(DelegatingMethodAccessorImpl.java:43)
	at java.lang.reflect.Method.invoke(Method.java:498)
	at org.testng.internal.MethodInvocationHelper.invokeMethod(MethodInvocationHelper.java:104)
	at org.testng.internal.Invoker.invokeMethod(Invoker.java:645)
	at org.testng.internal.Invoker.invokeTestMethod(Invoker.java:851)
	at org.testng.internal.Invoker.invokeTestMethods(Invoker.java:1177)
	at org.testng.internal.TestMethodWorker.invokeTestMethods(TestMethodWorker.java:129)
	at org.testng.internal.TestMethodWorker.run(TestMethodWorker.java:112)
	at java.util.concurrent.ThreadPoolExecutor.runWorker(ThreadPoolExecutor.java:1149)
	at java.util.concurrent.ThreadPoolExecutor$Worker.run(ThreadPoolExecutor.java:624)
	at java.lang.Thread.run(Thread.java:748)
</pre></div></td>
<td>0</td>
<td>com.pagefactory.framework.homepage.TC003_VerifyLoginWithDifferentData@467aecef</td></tr>
<tr>
<td title='com.pagefactory.framework.homepage.TC003_VerifyLoginWithDifferentData.createAccountDifferentRecordsTest()'><b>createAccountDifferentRecordsTest</b><br>Test class: com.pagefactory.framework.homepage.TC003_VerifyLoginWithDifferentData<br>Parameters: Denmark, d@d.com, password, n</td>
<td><div><pre>org.testng.SkipException: This record is marked this as no Run 
	at com.pagefactory.framework.homepage.TC003_VerifyLoginWithDifferentData.createAccountDifferentRecordsTest(TC003_VerifyLoginWithDifferentData.java:37)
	at java.util.concurrent.ThreadPoolExecutor.runWorker(ThreadPoolExecutor.java:1149)
	at java.util.concurrent.ThreadPoolExecutor$Worker.run(ThreadPoolExecutor.java:624)
	at java.lang.Thread.run(Thread.java:748)
... Removed 10 stack frames</pre></div><a href='#' onClick='toggleBox("stack-trace1317237296", this, "Click to show all stack frames", "Click to hide stack frames")'>Click to show all stack frames</a>
<div class='stack-trace' id='stack-trace1317237296'><pre>org.testng.SkipException: This record is marked this as no Run 
	at com.pagefactory.framework.homepage.TC003_VerifyLoginWithDifferentData.createAccountDifferentRecordsTest(TC003_VerifyLoginWithDifferentData.java:37)
	at sun.reflect.NativeMethodAccessorImpl.invoke0(Native Method)
	at sun.reflect.NativeMethodAccessorImpl.invoke(NativeMethodAccessorImpl.java:62)
	at sun.reflect.DelegatingMethodAccessorImpl.invoke(DelegatingMethodAccessorImpl.java:43)
	at java.lang.reflect.Method.invoke(Method.java:498)
	at org.testng.internal.MethodInvocationHelper.invokeMethod(MethodInvocationHelper.java:104)
	at org.testng.internal.Invoker.invokeMethod(Invoker.java:645)
	at org.testng.internal.Invoker.invokeTestMethod(Invoker.java:851)
	at org.testng.internal.Invoker.invokeTestMethods(Invoker.java:1177)
	at org.testng.internal.TestMethodWorker.invokeTestMethods(TestMethodWorker.java:129)
	at org.testng.internal.TestMethodWorker.run(TestMethodWorker.java:112)
	at java.util.concurrent.ThreadPoolExecutor.runWorker(ThreadPoolExecutor.java:1149)
	at java.util.concurrent.ThreadPoolExecutor$Worker.run(ThreadPoolExecutor.java:624)
	at java.lang.Thread.run(Thread.java:748)
</pre></div></td>
<td>0</td>
<td>com.pagefactory.framework.homepage.TC003_VerifyLoginWithDifferentData@467aecef</td></tr>
<tr>
<td title='com.pagefactory.framework.homepage.TC003_VerifyLoginWithDifferentData.createAccountDifferentRecordsTest()'><b>createAccountDifferentRecordsTest</b><br>Test class: com.pagefactory.framework.homepage.TC003_VerifyLoginWithDifferentData<br>Parameters: England, e@e.com, password, n</td>
<td><div><pre>org.testng.SkipException: This record is marked this as no Run 
	at com.pagefactory.framework.homepage.TC003_VerifyLoginWithDifferentData.createAccountDifferentRecordsTest(TC003_VerifyLoginWithDifferentData.java:37)
	at java.util.concurrent.ThreadPoolExecutor.runWorker(ThreadPoolExecutor.java:1149)
	at java.util.concurrent.ThreadPoolExecutor$Worker.run(ThreadPoolExecutor.java:624)
	at java.lang.Thread.run(Thread.java:748)
... Removed 10 stack frames</pre></div><a href='#' onClick='toggleBox("stack-trace602110920", this, "Click to show all stack frames", "Click to hide stack frames")'>Click to show all stack frames</a>
<div class='stack-trace' id='stack-trace602110920'><pre>org.testng.SkipException: This record is marked this as no Run 
	at com.pagefactory.framework.homepage.TC003_VerifyLoginWithDifferentData.createAccountDifferentRecordsTest(TC003_VerifyLoginWithDifferentData.java:37)
	at sun.reflect.NativeMethodAccessorImpl.invoke0(Native Method)
	at sun.reflect.NativeMethodAccessorImpl.invoke(NativeMethodAccessorImpl.java:62)
	at sun.reflect.DelegatingMethodAccessorImpl.invoke(DelegatingMethodAccessorImpl.java:43)
	at java.lang.reflect.Method.invoke(Method.java:498)
	at org.testng.internal.MethodInvocationHelper.invokeMethod(MethodInvocationHelper.java:104)
	at org.testng.internal.Invoker.invokeMethod(Invoker.java:645)
	at org.testng.internal.Invoker.invokeTestMethod(Invoker.java:851)
	at org.testng.internal.Invoker.invokeTestMethods(Invoker.java:1177)
	at org.testng.internal.TestMethodWorker.invokeTestMethods(TestMethodWorker.java:129)
	at org.testng.internal.TestMethodWorker.run(TestMethodWorker.java:112)
	at java.util.concurrent.ThreadPoolExecutor.runWorker(ThreadPoolExecutor.java:1149)
	at java.util.concurrent.ThreadPoolExecutor$Worker.run(ThreadPoolExecutor.java:624)
	at java.lang.Thread.run(Thread.java:748)
</pre></div></td>
<td>0</td>
<td>com.pagefactory.framework.homepage.TC003_VerifyLoginWithDifferentData@467aecef</td></tr>
<tr>
<td title='com.pagefactory.framework.homepage.TC004_VerifyExternalLink.verifyExternalWebsiteLink()'><b>verifyExternalWebsiteLink</b><br>Test class: com.pagefactory.framework.homepage.TC004_VerifyExternalLink<br/>
<a href="#Output-314672627" onClick='toggleBox("Output-314672627", this, "Show output", "Hide output");'>Show output</a>

<a href="#Output-314672627" onClick="toggleAllBoxes();">Show all outputs</a>
<div class='log' id="Output-314672627">
------------------- Starting verifyExternalWebsiteLink Test -------------------<br/>
Trying to find element By:By.xpath: //*[@id='accordian']/descendant::div[@class='panel panel-default']/descendant::div[@class='panel-heading']/descendant::a[@href='#mens']<br/>
Found element By:By.xpath: //*[@id='accordian']/descendant::div[@class='panel panel-default']/descendant::div[@class='panel-heading']/descendant::a[@href='#mens']<br/>
Clicked On: [[FirefoxDriver: firefox on WINDOWS (12535c7f-e3e0-44f3-9568-d8b0585a79b8)] -> xpath: //*[@id='accordian']/descendant::div[@class='panel panel-default']/descendant::div[@class='panel-heading']/descendant::a[@href='#mens']]<br/>
Clicked on mensNavigation menu item<br/>
Trying to find element By:By.xpath: //*[@id='accordian']/descendant::div[@class='panel panel-default']/descendant::div[@id='mens']/descendant::div[@class='panel-body']/descendant::ul/child::li/child::a[contains(text(),'Valentino')]<br/>
Found element By:By.xpath: //*[@id='accordian']/descendant::div[@class='panel panel-default']/descendant::div[@id='mens']/descendant::div[@class='panel-body']/descendant::ul/child::li/child::a[contains(text(),'Valentino')]<br/>
Clicked On: [[FirefoxDriver: firefox on WINDOWS (12535c7f-e3e0-44f3-9568-d8b0585a79b8)] -> xpath: //*[@id='accordian']/descendant::div[@class='panel panel-default']/descendant::div[@id='mens']/descendant::div[@class='panel-body']/descendant::ul/child::li/child::a[contains(text(),'Valentino')]]<br/>
Clicked on Valentino of Mens<br/>
Trying to find element By:By.xpath: //*[@id='footer']/div[3]/div/div/p[2]/span/a<br/>
Found element By:By.xpath: //*[@id='footer']/div[3]/div/div/p[2]/span/a<br/>
Clicked On: [[FirefoxDriver: firefox on WINDOWS (12535c7f-e3e0-44f3-9568-d8b0585a79b8)] -> xpath: //*[@id='footer']/div[3]/div/div/p[2]/span/a]<br/>
Trying to find element By:By.xpath: //*[@id='footer']/div[3]/div/div/p[2]/span/a<br/>
Found element By:By.xpath: //*[@id='footer']/div[3]/div/div/p[2]/span/a<br/>
Website Link clicked and object is :[[FirefoxDriver: firefox on WINDOWS (12535c7f-e3e0-44f3-9568-d8b0585a79b8)] -> xpath: //*[@id='footer']/div[3]/div/div/p[2]/span/a]<br/>
Trying to find element By:By.xpath: //p[contains(text(),'s functionality with our robus')]<br/>
Exception Occured org.openqa.selenium.NoSuchElementException: Unable to locate element: //p[contains(text(),'s functionality with our robus')]
For documentation on this error, please visit: https://www.seleniumhq.org/exceptions/no_such_element.html
Build info: version: '3.141.59', revision: 'e82be7d358', time: '2018-11-14T08:17:03'
System info: host: 'DESKTOP-PN0RVR2', ip: '192.168.14.241', os.name: 'Windows 10', os.arch: 'amd64', os.version: '10.0', java.version: '1.8.0_181'
Driver info: org.openqa.selenium.firefox.FirefoxDriver
Capabilities {acceptInsecureCerts: true, browserName: firefox, browserVersion: 89.0.2, javascriptEnabled: true, moz:accessibilityChecks: false, moz:buildID: 20210622155641, moz:geckodriverVersion: 0.29.1, moz:headless: false, moz:processID: 12548, moz:profile: C:\Users\tarun\AppData\Loca..., moz:shutdownTimeout: 60000, moz:useNonSpecCompliantPointerOrigin: false, moz:webdriverClick: true, pageLoadStrategy: normal, platform: WINDOWS, platformName: WINDOWS, platformVersion: 10.0, setWindowRect: true, strictFileInteractability: false, timeouts: {implicit: 0, pageLoad: 300000, script: 30000}, unhandledPromptBehavior: dismiss and notify}
Session ID: 12535c7f-e3e0-44f3-9568-d8b0585a79b8
*** Element info: {Using=xpath, value=//p[contains(text(),'s functionality with our robus')]}<br/>
Retrying test verifyExternalWebsiteLink with status FAILURE for the 1 time(s).<br/>
</div>
</td>
<td><div><pre>java.lang.AssertionError: expected [true] but found [false]
	at com.pagefactory.framework.homepage.TC004_VerifyExternalLink.verifyExternalWebsiteLink(TC004_VerifyExternalLink.java:46)
	at java.util.concurrent.ThreadPoolExecutor.runWorker(ThreadPoolExecutor.java:1149)
	at java.util.concurrent.ThreadPoolExecutor$Worker.run(ThreadPoolExecutor.java:624)
	at java.lang.Thread.run(Thread.java:748)
... Removed 16 stack frames</pre></div><a href='#' onClick='toggleBox("stack-trace314672627", this, "Click to show all stack frames", "Click to hide stack frames")'>Click to show all stack frames</a>
<div class='stack-trace' id='stack-trace314672627'><pre>java.lang.AssertionError: expected [true] but found [false]
	at org.testng.Assert.fail(Assert.java:94)
	at org.testng.Assert.failNotEquals(Assert.java:513)
	at org.testng.Assert.assertEqualsImpl(Assert.java:135)
	at org.testng.Assert.assertEquals(Assert.java:116)
	at org.testng.Assert.assertEquals(Assert.java:305)
	at org.testng.Assert.assertEquals(Assert.java:315)
	at com.pagefactory.framework.homepage.TC004_VerifyExternalLink.verifyExternalWebsiteLink(TC004_VerifyExternalLink.java:46)
	at sun.reflect.NativeMethodAccessorImpl.invoke0(Native Method)
	at sun.reflect.NativeMethodAccessorImpl.invoke(NativeMethodAccessorImpl.java:62)
	at sun.reflect.DelegatingMethodAccessorImpl.invoke(DelegatingMethodAccessorImpl.java:43)
	at java.lang.reflect.Method.invoke(Method.java:498)
	at org.testng.internal.MethodInvocationHelper.invokeMethod(MethodInvocationHelper.java:104)
	at org.testng.internal.Invoker.invokeMethod(Invoker.java:645)
	at org.testng.internal.Invoker.invokeTestMethod(Invoker.java:851)
	at org.testng.internal.Invoker.invokeTestMethods(Invoker.java:1177)
	at org.testng.internal.TestMethodWorker.invokeTestMethods(TestMethodWorker.java:129)
	at org.testng.internal.TestMethodWorker.run(TestMethodWorker.java:112)
	at java.util.concurrent.ThreadPoolExecutor.runWorker(ThreadPoolExecutor.java:1149)
	at java.util.concurrent.ThreadPoolExecutor$Worker.run(ThreadPoolExecutor.java:624)
	at java.lang.Thread.run(Thread.java:748)
</pre></div></td>
<td>62</td>
<td>com.pagefactory.framework.homepage.TC004_VerifyExternalLink@4d50efb8</td></tr>
<tr>
<td title='com.pagefactory.framework.homepage.TC004_VerifyExternalLink.verifyExternalWebsiteLink()'><b>verifyExternalWebsiteLink</b><br>Test class: com.pagefactory.framework.homepage.TC004_VerifyExternalLink<br/>
<a href="#Output-969186632" onClick='toggleBox("Output-969186632", this, "Show output", "Hide output");'>Show output</a>

<a href="#Output-969186632" onClick="toggleAllBoxes();">Show all outputs</a>
<div class='log' id="Output-969186632">
------------------- Starting verifyExternalWebsiteLink Test -------------------<br/>
Trying to find element By:By.xpath: //*[@id='accordian']/descendant::div[@class='panel panel-default']/descendant::div[@class='panel-heading']/descendant::a[@href='#mens']<br/>
Found element By:By.xpath: //*[@id='accordian']/descendant::div[@class='panel panel-default']/descendant::div[@class='panel-heading']/descendant::a[@href='#mens']<br/>
Clicked On: [[FirefoxDriver: firefox on WINDOWS (12535c7f-e3e0-44f3-9568-d8b0585a79b8)] -> xpath: //*[@id='accordian']/descendant::div[@class='panel panel-default']/descendant::div[@class='panel-heading']/descendant::a[@href='#mens']]<br/>
Clicked on mensNavigation menu item<br/>
Trying to find element By:By.xpath: //*[@id='accordian']/descendant::div[@class='panel panel-default']/descendant::div[@id='mens']/descendant::div[@class='panel-body']/descendant::ul/child::li/child::a[contains(text(),'Valentino')]<br/>
Found element By:By.xpath: //*[@id='accordian']/descendant::div[@class='panel panel-default']/descendant::div[@id='mens']/descendant::div[@class='panel-body']/descendant::ul/child::li/child::a[contains(text(),'Valentino')]<br/>
Clicked On: [[FirefoxDriver: firefox on WINDOWS (12535c7f-e3e0-44f3-9568-d8b0585a79b8)] -> xpath: //*[@id='accordian']/descendant::div[@class='panel panel-default']/descendant::div[@id='mens']/descendant::div[@class='panel-body']/descendant::ul/child::li/child::a[contains(text(),'Valentino')]]<br/>
Clicked on Valentino of Mens<br/>
Trying to find element By:By.xpath: //*[@id='footer']/div[3]/div/div/p[2]/span/a<br/>
Found element By:By.xpath: //*[@id='footer']/div[3]/div/div/p[2]/span/a<br/>
Clicked On: [[FirefoxDriver: firefox on WINDOWS (12535c7f-e3e0-44f3-9568-d8b0585a79b8)] -> xpath: //*[@id='footer']/div[3]/div/div/p[2]/span/a]<br/>
Trying to find element By:By.xpath: //*[@id='footer']/div[3]/div/div/p[2]/span/a<br/>
Found element By:By.xpath: //*[@id='footer']/div[3]/div/div/p[2]/span/a<br/>
Website Link clicked and object is :[[FirefoxDriver: firefox on WINDOWS (12535c7f-e3e0-44f3-9568-d8b0585a79b8)] -> xpath: //*[@id='footer']/div[3]/div/div/p[2]/span/a]<br/>
Trying to find element By:By.xpath: //p[contains(text(),'s functionality with our robus')]<br/>
Exception Occured org.openqa.selenium.NoSuchElementException: Unable to locate element: //p[contains(text(),'s functionality with our robus')]
For documentation on this error, please visit: https://www.seleniumhq.org/exceptions/no_such_element.html
Build info: version: '3.141.59', revision: 'e82be7d358', time: '2018-11-14T08:17:03'
System info: host: 'DESKTOP-PN0RVR2', ip: '192.168.14.241', os.name: 'Windows 10', os.arch: 'amd64', os.version: '10.0', java.version: '1.8.0_181'
Driver info: org.openqa.selenium.firefox.FirefoxDriver
Capabilities {acceptInsecureCerts: true, browserName: firefox, browserVersion: 89.0.2, javascriptEnabled: true, moz:accessibilityChecks: false, moz:buildID: 20210622155641, moz:geckodriverVersion: 0.29.1, moz:headless: false, moz:processID: 12548, moz:profile: C:\Users\tarun\AppData\Loca..., moz:shutdownTimeout: 60000, moz:useNonSpecCompliantPointerOrigin: false, moz:webdriverClick: true, pageLoadStrategy: normal, platform: WINDOWS, platformName: WINDOWS, platformVersion: 10.0, setWindowRect: true, strictFileInteractability: false, timeouts: {implicit: 0, pageLoad: 300000, script: 30000}, unhandledPromptBehavior: dismiss and notify}
Session ID: 12535c7f-e3e0-44f3-9568-d8b0585a79b8
*** Element info: {Using=xpath, value=//p[contains(text(),'s functionality with our robus')]}<br/>
Retrying test verifyExternalWebsiteLink with status FAILURE for the 2 time(s).<br/>
</div>
</td>
<td><div><pre>java.lang.AssertionError: expected [true] but found [false]
	at com.pagefactory.framework.homepage.TC004_VerifyExternalLink.verifyExternalWebsiteLink(TC004_VerifyExternalLink.java:46)
	at java.util.concurrent.ThreadPoolExecutor.runWorker(ThreadPoolExecutor.java:1149)
	at java.util.concurrent.ThreadPoolExecutor$Worker.run(ThreadPoolExecutor.java:624)
	at java.lang.Thread.run(Thread.java:748)
... Removed 16 stack frames</pre></div><a href='#' onClick='toggleBox("stack-trace969186632", this, "Click to show all stack frames", "Click to hide stack frames")'>Click to show all stack frames</a>
<div class='stack-trace' id='stack-trace969186632'><pre>java.lang.AssertionError: expected [true] but found [false]
	at org.testng.Assert.fail(Assert.java:94)
	at org.testng.Assert.failNotEquals(Assert.java:513)
	at org.testng.Assert.assertEqualsImpl(Assert.java:135)
	at org.testng.Assert.assertEquals(Assert.java:116)
	at org.testng.Assert.assertEquals(Assert.java:305)
	at org.testng.Assert.assertEquals(Assert.java:315)
	at com.pagefactory.framework.homepage.TC004_VerifyExternalLink.verifyExternalWebsiteLink(TC004_VerifyExternalLink.java:46)
	at sun.reflect.NativeMethodAccessorImpl.invoke0(Native Method)
	at sun.reflect.NativeMethodAccessorImpl.invoke(NativeMethodAccessorImpl.java:62)
	at sun.reflect.DelegatingMethodAccessorImpl.invoke(DelegatingMethodAccessorImpl.java:43)
	at java.lang.reflect.Method.invoke(Method.java:498)
	at org.testng.internal.MethodInvocationHelper.invokeMethod(MethodInvocationHelper.java:104)
	at org.testng.internal.Invoker.invokeMethod(Invoker.java:645)
	at org.testng.internal.Invoker.retryFailed(Invoker.java:998)
	at org.testng.internal.Invoker.invokeTestMethods(Invoker.java:1200)
	at org.testng.internal.TestMethodWorker.invokeTestMethods(TestMethodWorker.java:129)
	at org.testng.internal.TestMethodWorker.run(TestMethodWorker.java:112)
	at java.util.concurrent.ThreadPoolExecutor.runWorker(ThreadPoolExecutor.java:1149)
	at java.util.concurrent.ThreadPoolExecutor$Worker.run(ThreadPoolExecutor.java:624)
	at java.lang.Thread.run(Thread.java:748)
</pre></div></td>
<td>61</td>
<td>com.pagefactory.framework.homepage.TC004_VerifyExternalLink@4d50efb8</td></tr>
</table><p>
</body>
</html>