<!DOCTYPE html PUBLIC "-//W3C//DTD XHTML 1.1//EN" "http://www.w3.org/TR/xhtml11/DTD/xhtml11.dtd">
<html xmlns="http://www.w3.org/1999/xhtml"><head><title>TestNG Report</title><style type="text/css">table {margin-bottom:10px;border-collapse:collapse;empty-cells:show}th,td {border:1px solid #009;padding:.25em .5em}th {vertical-align:bottom}td {vertical-align:top}table a {font-weight:bold}.stripe td {background-color: #E6EBF9}.num {text-align:right}.passedodd td {background-color: #3F3}.passedeven td {background-color: #0A0}.skippedodd td {background-color: #DDD}.skippedeven td {background-color: #CCC}.failedodd td,.attn {background-color: #F33}.failedeven td,.stripe .attn {background-color: #D00}.stacktrace {white-space:pre;font-family:monospace}.totop {font-size:85%;text-align:center;border-bottom:2px solid #000}</style></head><body><table><tr><th>Test</th><th># Passed</th><th># Skipped</th><th># Failed</th><th>Time (ms)</th><th>Included Groups</th><th>Excluded Groups</th></tr><tr><th colspan="7">RegressionSuite</th></tr><tr><td><a href="#t0">CompleteTest1</a></td><td class="num">2</td><td class="num attn">6</td><td class="num attn">1</td><td class="num">219,384</td><td></td><td></td></tr><tr class="stripe"><td><a href="#t1">CompleteTest2</a></td><td class="num">1</td><td class="num">0</td><td class="num attn">1</td><td class="num">89,708</td><td></td><td></td></tr><tr><th>Total</th><th class="num">3</th><th class="num attn">6</th><th class="num attn">2</th><th class="num">309,092</th><th colspan="2"></th></tr></table><table><thead><tr><th>Class</th><th>Method</th><th>Start</th><th>Time (ms)</th></tr></thead><tbody><tr><th colspan="4">RegressionSuite</th></tr></tbody><tbody id="t0"><tr><th colspan="4">CompleteTest1 &#8212; failed</th></tr><tr class="failedeven"><td rowspan="1">com.pagefactory.framework.homepage.TC004_VerifyExternalLink</td><td><a href="#m0">verifyExternalWebsiteLink</a></td><td rowspan="1">1625205579773</td><td rowspan="1">61057</td></tr><tr><th colspan="4">CompleteTest1 &#8212; skipped</th></tr><tr class="skippedeven"><td rowspan="4">com.pagefactory.framework.homepage.TC003_VerifyLoginWithDifferentData</td><td><a href="#m1">createAccountDifferentRecordsTest</a></td><td rowspan="4">1625205469331</td><td rowspan="4">1</td></tr><tr class="skippedeven"><td><a href="#m2">createAccountDifferentRecordsTest</a></td></tr><tr class="skippedeven"><td><a href="#m3">createAccountDifferentRecordsTest</a></td></tr><tr class="skippedeven"><td><a href="#m4">createAccountDifferentRecordsTest</a></td></tr><tr class="skippedodd"><td rowspan="2">com.pagefactory.framework.homepage.TC004_VerifyExternalLink</td><td><a href="#m5">verifyExternalWebsiteLink</a></td><td rowspan="2">1625205455751</td><td rowspan="2">62796</td></tr><tr class="skippedodd"><td><a href="#m6">verifyExternalWebsiteLink</a></td></tr><tr><th colspan="4">CompleteTest1 &#8212; passed</th></tr><tr class="passedeven"><td rowspan="1">com.pagefactory.framework.homepage.TC002_VerifyCreateAccount</td><td><a href="#m7">verifyCreateAccount</a></td><td rowspan="1">1625205455751</td><td rowspan="1">2740</td></tr><tr class="passedodd"><td rowspan="1">com.pagefactory.framework.homepage.TC003_VerifyLoginWithDifferentData</td><td><a href="#m8">createAccountDifferentRecordsTest</a></td><td rowspan="1">1625205468300</td><td rowspan="1">1020</td></tr></tbody><tbody id="t1"><tr><th colspan="4">CompleteTest2 &#8212; failed</th></tr><tr class="failedeven"><td rowspan="1">com.pagefactory.framework.homepage.TC004_VerifyExternalLink</td><td><a href="#m9">verifyExternalWebsiteLink</a></td><td rowspan="1">1625205656470</td><td rowspan="1">61410</td></tr><tr><th colspan="4">CompleteTest2 &#8212; passed</th></tr><tr class="passedeven"><td rowspan="1">com.pagefactory.framework.homepage.TC002_VerifyCreateAccount</td><td><a href="#m10">verifyCreateAccount</a></td><td rowspan="1">1625205653964</td><td rowspan="1">1148</td></tr></tbody></table><h2>CompleteTest1</h2><h3 id="m0">com.pagefactory.framework.homepage.TC004_VerifyExternalLink#verifyExternalWebsiteLink</h3><table class="result"><tr><th>Messages</th></tr><tr><td><div class="messages">------------------- Starting verifyExternalWebsiteLink Test -------------------<br/>Trying to find element By:By.xpath: //*[@id='accordian']/descendant::div[@class='panel panel-default']/descendant::div[@class='panel-heading']/descendant::a[@href='#mens']<br/>Found element By:By.xpath: //*[@id='accordian']/descendant::div[@class='panel panel-default']/descendant::div[@class='panel-heading']/descendant::a[@href='#mens']<br/>Clicked On: [[FirefoxDriver: firefox on WINDOWS (12535c7f-e3e0-44f3-9568-d8b0585a79b8)] -> xpath: //*[@id='accordian']/descendant::div[@class='panel panel-default']/descendant::div[@class='panel-heading']/descendant::a[@href='#mens']]<br/>Clicked on mensNavigation menu item<br/>Trying to find element By:By.xpath: //*[@id='accordian']/descendant::div[@class='panel panel-default']/descendant::div[@id='mens']/descendant::div[@class='panel-body']/descendant::ul/child::li/child::a[contains(text(),'Valentino')]<br/>Found element By:By.xpath: //*[@id='accordian']/descendant::div[@class='panel panel-default']/descendant::div[@id='mens']/descendant::div[@class='panel-body']/descendant::ul/child::li/child::a[contains(text(),'Valentino')]<br/>Clicked On: [[FirefoxDriver: firefox on WINDOWS (12535c7f-e3e0-44f3-9568-d8b0585a79b8)] -> xpath: //*[@id='accordian']/descendant::div[@class='panel panel-default']/descendant::div[@id='mens']/descendant::div[@class='panel-body']/descendant::ul/child::li/child::a[contains(text(),'Valentino')]]<br/>Clicked on Valentino of Mens<br/>Trying to find element By:By.xpath: //*[@id='footer']/div[3]/div/div/p[2]/span/a<br/>Found element By:By.xpath: //*[@id='footer']/div[3]/div/div/p[2]/span/a<br/>Clicked On: [[FirefoxDriver: firefox on WINDOWS (12535c7f-e3e0-44f3-9568-d8b0585a79b8)] -> xpath: //*[@id='footer']/div[3]/div/div/p[2]/span/a]<br/>Trying to find element By:By.xpath: //*[@id='footer']/div[3]/div/div/p[2]/span/a<br/>Found element By:By.xpath: //*[@id='footer']/div[3]/div/div/p[2]/span/a<br/>Website Link clicked and object is :[[FirefoxDriver: firefox on WINDOWS (12535c7f-e3e0-44f3-9568-d8b0585a79b8)] -> xpath: //*[@id='footer']/div[3]/div/div/p[2]/span/a]<br/>Trying to find element By:By.xpath: //p[contains(text(),'s functionality with our robus')]<br/>Exception Occured org.openqa.selenium.NoSuchElementException: Unable to locate element: //p[contains(text(),'s functionality with our robus')]
For documentation on this error, please visit: https://www.seleniumhq.org/exceptions/no_such_element.html
Build info: version: '3.141.59', revision: 'e82be7d358', time: '2018-11-14T08:17:03'
System info: host: 'DESKTOP-PN0RVR2', ip: '192.168.14.241', os.name: 'Windows 10', os.arch: 'amd64', os.version: '10.0', java.version: '1.8.0_181'
Driver info: org.openqa.selenium.firefox.FirefoxDriver
Capabilities {acceptInsecureCerts: true, browserName: firefox, browserVersion: 89.0.2, javascriptEnabled: true, moz:accessibilityChecks: false, moz:buildID: 20210622155641, moz:geckodriverVersion: 0.29.1, moz:headless: false, moz:processID: 12548, moz:profile: C:\Users\tarun\AppData\Loca..., moz:shutdownTimeout: 60000, moz:useNonSpecCompliantPointerOrigin: false, moz:webdriverClick: true, pageLoadStrategy: normal, platform: WINDOWS, platformName: WINDOWS, platformVersion: 10.0, setWindowRect: true, strictFileInteractability: false, timeouts: {implicit: 0, pageLoad: 300000, script: 30000}, unhandledPromptBehavior: dismiss and notify}
Session ID: 12535c7f-e3e0-44f3-9568-d8b0585a79b8
*** Element info: {Using=xpath, value=//p[contains(text(),'s functionality with our robus')]}</div></td></tr><tr><th>Exception</th></tr><tr><td><div class="stacktrace">java.lang.AssertionError: expected [true] but found [false]
	at com.pagefactory.framework.homepage.TC004_VerifyExternalLink.verifyExternalWebsiteLink(TC004_VerifyExternalLink.java:46)
	at java.util.concurrent.ThreadPoolExecutor.runWorker(ThreadPoolExecutor.java:1149)
	at java.util.concurrent.ThreadPoolExecutor$Worker.run(ThreadPoolExecutor.java:624)
	at java.lang.Thread.run(Thread.java:748)
... Removed 16 stack frames</div></td></tr></table><p class="totop"><a href="#summary">back to summary</a></p><h3 id="m1">com.pagefactory.framework.homepage.TC003_VerifyLoginWithDifferentData#createAccountDifferentRecordsTest</h3><table class="result"><tr class="param"><th>Parameter #1</th><th>Parameter #2</th><th>Parameter #3</th><th>Parameter #4</th></tr><tr class="param stripe"><td>Denmark</td><td>d@d.com</td><td>password</td><td>n</td></tr><tr><th colspan="4">Exception</th></tr><tr><td colspan="4"><div class="stacktrace">org.testng.SkipException: This record is marked this as no Run 
	at com.pagefactory.framework.homepage.TC003_VerifyLoginWithDifferentData.createAccountDifferentRecordsTest(TC003_VerifyLoginWithDifferentData.java:37)
	at java.util.concurrent.ThreadPoolExecutor.runWorker(ThreadPoolExecutor.java:1149)
	at java.util.concurrent.ThreadPoolExecutor$Worker.run(ThreadPoolExecutor.java:624)
	at java.lang.Thread.run(Thread.java:748)
... Removed 10 stack frames</div></td></tr></table><p class="totop"><a href="#summary">back to summary</a></p><h3 id="m2">com.pagefactory.framework.homepage.TC003_VerifyLoginWithDifferentData#createAccountDifferentRecordsTest</h3><table class="result"><tr class="param"><th>Parameter #1</th><th>Parameter #2</th><th>Parameter #3</th><th>Parameter #4</th></tr><tr class="param stripe"><td>Bhavik</td><td>b@b.com</td><td>password</td><td>n</td></tr><tr><th colspan="4">Exception</th></tr><tr><td colspan="4"><div class="stacktrace">org.testng.SkipException: This record is marked this as no Run 
	at com.pagefactory.framework.homepage.TC003_VerifyLoginWithDifferentData.createAccountDifferentRecordsTest(TC003_VerifyLoginWithDifferentData.java:37)
	at java.util.concurrent.ThreadPoolExecutor.runWorker(ThreadPoolExecutor.java:1149)
	at java.util.concurrent.ThreadPoolExecutor$Worker.run(ThreadPoolExecutor.java:624)
	at java.lang.Thread.run(Thread.java:748)
... Removed 10 stack frames</div></td></tr></table><p class="totop"><a href="#summary">back to summary</a></p><h3 id="m3">com.pagefactory.framework.homepage.TC003_VerifyLoginWithDifferentData#createAccountDifferentRecordsTest</h3><table class="result"><tr class="param"><th>Parameter #1</th><th>Parameter #2</th><th>Parameter #3</th><th>Parameter #4</th></tr><tr class="param stripe"><td>Child</td><td>c@c.com</td><td>password</td><td>n</td></tr><tr><th colspan="4">Exception</th></tr><tr><td colspan="4"><div class="stacktrace">org.testng.SkipException: This record is marked this as no Run 
	at com.pagefactory.framework.homepage.TC003_VerifyLoginWithDifferentData.createAccountDifferentRecordsTest(TC003_VerifyLoginWithDifferentData.java:37)
	at java.util.concurrent.ThreadPoolExecutor.runWorker(ThreadPoolExecutor.java:1149)
	at java.util.concurrent.ThreadPoolExecutor$Worker.run(ThreadPoolExecutor.java:624)
	at java.lang.Thread.run(Thread.java:748)
... Removed 10 stack frames</div></td></tr></table><p class="totop"><a href="#summary">back to summary</a></p><h3 id="m4">com.pagefactory.framework.homepage.TC003_VerifyLoginWithDifferentData#createAccountDifferentRecordsTest</h3><table class="result"><tr class="param"><th>Parameter #1</th><th>Parameter #2</th><th>Parameter #3</th><th>Parameter #4</th></tr><tr class="param stripe"><td>England</td><td>e@e.com</td><td>password</td><td>n</td></tr><tr><th colspan="4">Exception</th></tr><tr><td colspan="4"><div class="stacktrace">org.testng.SkipException: This record is marked this as no Run 
	at com.pagefactory.framework.homepage.TC003_VerifyLoginWithDifferentData.createAccountDifferentRecordsTest(TC003_VerifyLoginWithDifferentData.java:37)
	at java.util.concurrent.ThreadPoolExecutor.runWorker(ThreadPoolExecutor.java:1149)
	at java.util.concurrent.ThreadPoolExecutor$Worker.run(ThreadPoolExecutor.java:624)
	at java.lang.Thread.run(Thread.java:748)
... Removed 10 stack frames</div></td></tr></table><p class="totop"><a href="#summary">back to summary</a></p><h3 id="m5">com.pagefactory.framework.homepage.TC004_VerifyExternalLink#verifyExternalWebsiteLink</h3><table class="result"><tr><th>Messages</th></tr><tr><td><div class="messages">------------------- Starting verifyExternalWebsiteLink Test -------------------<br/>Trying to find element By:By.xpath: //*[@id='accordian']/descendant::div[@class='panel panel-default']/descendant::div[@class='panel-heading']/descendant::a[@href='#mens']<br/>Found element By:By.xpath: //*[@id='accordian']/descendant::div[@class='panel panel-default']/descendant::div[@class='panel-heading']/descendant::a[@href='#mens']<br/>Clicked On: [[FirefoxDriver: firefox on WINDOWS (12535c7f-e3e0-44f3-9568-d8b0585a79b8)] -> xpath: //*[@id='accordian']/descendant::div[@class='panel panel-default']/descendant::div[@class='panel-heading']/descendant::a[@href='#mens']]<br/>Clicked on mensNavigation menu item<br/>Trying to find element By:By.xpath: //*[@id='accordian']/descendant::div[@class='panel panel-default']/descendant::div[@id='mens']/descendant::div[@class='panel-body']/descendant::ul/child::li/child::a[contains(text(),'Valentino')]<br/>Found element By:By.xpath: //*[@id='accordian']/descendant::div[@class='panel panel-default']/descendant::div[@id='mens']/descendant::div[@class='panel-body']/descendant::ul/child::li/child::a[contains(text(),'Valentino')]<br/>Clicked On: [[FirefoxDriver: firefox on WINDOWS (12535c7f-e3e0-44f3-9568-d8b0585a79b8)] -> xpath: //*[@id='accordian']/descendant::div[@class='panel panel-default']/descendant::div[@id='mens']/descendant::div[@class='panel-body']/descendant::ul/child::li/child::a[contains(text(),'Valentino')]]<br/>Clicked on Valentino of Mens<br/>Trying to find element By:By.xpath: //*[@id='footer']/div[3]/div/div/p[2]/span/a<br/>Found element By:By.xpath: //*[@id='footer']/div[3]/div/div/p[2]/span/a<br/>Clicked On: [[FirefoxDriver: firefox on WINDOWS (12535c7f-e3e0-44f3-9568-d8b0585a79b8)] -> xpath: //*[@id='footer']/div[3]/div/div/p[2]/span/a]<br/>Trying to find element By:By.xpath: //*[@id='footer']/div[3]/div/div/p[2]/span/a<br/>Found element By:By.xpath: //*[@id='footer']/div[3]/div/div/p[2]/span/a<br/>Website Link clicked and object is :[[FirefoxDriver: firefox on WINDOWS (12535c7f-e3e0-44f3-9568-d8b0585a79b8)] -> xpath: //*[@id='footer']/div[3]/div/div/p[2]/span/a]<br/>Trying to find element By:By.xpath: //p[contains(text(),'s functionality with our robus')]<br/>Exception Occured org.openqa.selenium.NoSuchElementException: Unable to locate element: //p[contains(text(),'s functionality with our robus')]
For documentation on this error, please visit: https://www.seleniumhq.org/exceptions/no_such_element.html
Build info: version: '3.141.59', revision: 'e82be7d358', time: '2018-11-14T08:17:03'
System info: host: 'DESKTOP-PN0RVR2', ip: '192.168.14.241', os.name: 'Windows 10', os.arch: 'amd64', os.version: '10.0', java.version: '1.8.0_181'
Driver info: org.openqa.selenium.firefox.FirefoxDriver
Capabilities {acceptInsecureCerts: true, browserName: firefox, browserVersion: 89.0.2, javascriptEnabled: true, moz:accessibilityChecks: false, moz:buildID: 20210622155641, moz:geckodriverVersion: 0.29.1, moz:headless: false, moz:processID: 12548, moz:profile: C:\Users\tarun\AppData\Loca..., moz:shutdownTimeout: 60000, moz:useNonSpecCompliantPointerOrigin: false, moz:webdriverClick: true, pageLoadStrategy: normal, platform: WINDOWS, platformName: WINDOWS, platformVersion: 10.0, setWindowRect: true, strictFileInteractability: false, timeouts: {implicit: 0, pageLoad: 300000, script: 30000}, unhandledPromptBehavior: dismiss and notify}
Session ID: 12535c7f-e3e0-44f3-9568-d8b0585a79b8
*** Element info: {Using=xpath, value=//p[contains(text(),'s functionality with our robus')]}<br/>Retrying test verifyExternalWebsiteLink with status FAILURE for the 1 time(s).</div></td></tr><tr><th>Exception</th></tr><tr><td><div class="stacktrace">java.lang.AssertionError: expected [true] but found [false]
	at com.pagefactory.framework.homepage.TC004_VerifyExternalLink.verifyExternalWebsiteLink(TC004_VerifyExternalLink.java:46)
	at java.util.concurrent.ThreadPoolExecutor.runWorker(ThreadPoolExecutor.java:1149)
	at java.util.concurrent.ThreadPoolExecutor$Worker.run(ThreadPoolExecutor.java:624)
	at java.lang.Thread.run(Thread.java:748)
... Removed 16 stack frames</div></td></tr></table><p class="totop"><a href="#summary">back to summary</a></p><h3 id="m6">com.pagefactory.framework.homepage.TC004_VerifyExternalLink#verifyExternalWebsiteLink</h3><table class="result"><tr><th>Messages</th></tr><tr><td><div class="messages">------------------- Starting verifyExternalWebsiteLink Test -------------------<br/>Trying to find element By:By.xpath: //*[@id='accordian']/descendant::div[@class='panel panel-default']/descendant::div[@class='panel-heading']/descendant::a[@href='#mens']<br/>Found element By:By.xpath: //*[@id='accordian']/descendant::div[@class='panel panel-default']/descendant::div[@class='panel-heading']/descendant::a[@href='#mens']<br/>Clicked On: [[FirefoxDriver: firefox on WINDOWS (12535c7f-e3e0-44f3-9568-d8b0585a79b8)] -> xpath: //*[@id='accordian']/descendant::div[@class='panel panel-default']/descendant::div[@class='panel-heading']/descendant::a[@href='#mens']]<br/>Clicked on mensNavigation menu item<br/>Trying to find element By:By.xpath: //*[@id='accordian']/descendant::div[@class='panel panel-default']/descendant::div[@id='mens']/descendant::div[@class='panel-body']/descendant::ul/child::li/child::a[contains(text(),'Valentino')]<br/>Found element By:By.xpath: //*[@id='accordian']/descendant::div[@class='panel panel-default']/descendant::div[@id='mens']/descendant::div[@class='panel-body']/descendant::ul/child::li/child::a[contains(text(),'Valentino')]<br/>Clicked On: [[FirefoxDriver: firefox on WINDOWS (12535c7f-e3e0-44f3-9568-d8b0585a79b8)] -> xpath: //*[@id='accordian']/descendant::div[@class='panel panel-default']/descendant::div[@id='mens']/descendant::div[@class='panel-body']/descendant::ul/child::li/child::a[contains(text(),'Valentino')]]<br/>Clicked on Valentino of Mens<br/>Trying to find element By:By.xpath: //*[@id='footer']/div[3]/div/div/p[2]/span/a<br/>Found element By:By.xpath: //*[@id='footer']/div[3]/div/div/p[2]/span/a<br/>Clicked On: [[FirefoxDriver: firefox on WINDOWS (12535c7f-e3e0-44f3-9568-d8b0585a79b8)] -> xpath: //*[@id='footer']/div[3]/div/div/p[2]/span/a]<br/>Trying to find element By:By.xpath: //*[@id='footer']/div[3]/div/div/p[2]/span/a<br/>Found element By:By.xpath: //*[@id='footer']/div[3]/div/div/p[2]/span/a<br/>Website Link clicked and object is :[[FirefoxDriver: firefox on WINDOWS (12535c7f-e3e0-44f3-9568-d8b0585a79b8)] -> xpath: //*[@id='footer']/div[3]/div/div/p[2]/span/a]<br/>Trying to find element By:By.xpath: //p[contains(text(),'s functionality with our robus')]<br/>Exception Occured org.openqa.selenium.NoSuchElementException: Unable to locate element: //p[contains(text(),'s functionality with our robus')]
For documentation on this error, please visit: https://www.seleniumhq.org/exceptions/no_such_element.html
Build info: version: '3.141.59', revision: 'e82be7d358', time: '2018-11-14T08:17:03'
System info: host: 'DESKTOP-PN0RVR2', ip: '192.168.14.241', os.name: 'Windows 10', os.arch: 'amd64', os.version: '10.0', java.version: '1.8.0_181'
Driver info: org.openqa.selenium.firefox.FirefoxDriver
Capabilities {acceptInsecureCerts: true, browserName: firefox, browserVersion: 89.0.2, javascriptEnabled: true, moz:accessibilityChecks: false, moz:buildID: 20210622155641, moz:geckodriverVersion: 0.29.1, moz:headless: false, moz:processID: 12548, moz:profile: C:\Users\tarun\AppData\Loca..., moz:shutdownTimeout: 60000, moz:useNonSpecCompliantPointerOrigin: false, moz:webdriverClick: true, pageLoadStrategy: normal, platform: WINDOWS, platformName: WINDOWS, platformVersion: 10.0, setWindowRect: true, strictFileInteractability: false, timeouts: {implicit: 0, pageLoad: 300000, script: 30000}, unhandledPromptBehavior: dismiss and notify}
Session ID: 12535c7f-e3e0-44f3-9568-d8b0585a79b8
*** Element info: {Using=xpath, value=//p[contains(text(),'s functionality with our robus')]}<br/>Retrying test verifyExternalWebsiteLink with status FAILURE for the 2 time(s).</div></td></tr><tr><th>Exception</th></tr><tr><td><div class="stacktrace">java.lang.AssertionError: expected [true] but found [false]
	at com.pagefactory.framework.homepage.TC004_VerifyExternalLink.verifyExternalWebsiteLink(TC004_VerifyExternalLink.java:46)
	at java.util.concurrent.ThreadPoolExecutor.runWorker(ThreadPoolExecutor.java:1149)
	at java.util.concurrent.ThreadPoolExecutor$Worker.run(ThreadPoolExecutor.java:624)
	at java.lang.Thread.run(Thread.java:748)
... Removed 16 stack frames</div></td></tr></table><p class="totop"><a href="#summary">back to summary</a></p><h3 id="m7">com.pagefactory.framework.homepage.TC002_VerifyCreateAccount#verifyCreateAccount</h3><table class="result"><tr><th>Messages</th></tr><tr><td><div class="messages">------------------- Starting verifyCreateAccount Test -------------------<br/>Trying to find element By:By.xpath: //*[@id='header']/div[2]/div/div/div[2]/div/ul/li[5]/a<br/>Found element By:By.xpath: //*[@id='header']/div[2]/div/div/div[2]/div/ul/li[5]/a<br/>Clicked On: [[FirefoxDriver: firefox on WINDOWS (e8642139-6e64-442b-b41b-7e5723b2ae89)] -> xpath: //*[@id='header']/div[2]/div/div/div[2]/div/ul/li[5]/a]<br/>Trying to find element By:By.xpath: //*[@id='form']/div/div/div[3]/div/form/input[1]<br/>Found element By:By.xpath: //*[@id='form']/div/div/div[3]/div/form/input[1]<br/>Value of the WebElement [[FirefoxDriver: firefox on WINDOWS (e8642139-6e64-442b-b41b-7e5723b2ae89)] -> xpath: //*[@id='form']/div/div/div[3]/div/form/input[1]] before any changes<br/>Value changed to [[FirefoxDriver: firefox on WINDOWS (e8642139-6e64-442b-b41b-7e5723b2ae89)] -> xpath: //*[@id='form']/div/div/div[3]/div/form/input[1]]<br/>Trying to find element By:By.xpath: //*[@id='form']/div/div/div[3]/div/form/input[1]<br/>Found element By:By.xpath: //*[@id='form']/div/div/div[3]/div/form/input[1]<br/>Value of the WebElement [[FirefoxDriver: firefox on WINDOWS (e8642139-6e64-442b-b41b-7e5723b2ae89)] -> xpath: //*[@id='form']/div/div/div[3]/div/form/input[1]] before any changes<br/>Value changed to [[FirefoxDriver: firefox on WINDOWS (e8642139-6e64-442b-b41b-7e5723b2ae89)] -> xpath: //*[@id='form']/div/div/div[3]/div/form/input[1]]<br/>Clicked on Sign In and object is:Hasu<br/>Trying to find element By:By.xpath: //*[@id='form']/div/div/div[3]/div/form/input[2]<br/>Found element By:By.xpath: //*[@id='form']/div/div/div[3]/div/form/input[2]<br/>Value of the WebElement [[FirefoxDriver: firefox on WINDOWS (e8642139-6e64-442b-b41b-7e5723b2ae89)] -> xpath: //*[@id='form']/div/div/div[3]/div/form/input[2]] before any changes<br/>Value changed to [[FirefoxDriver: firefox on WINDOWS (e8642139-6e64-442b-b41b-7e5723b2ae89)] -> xpath: //*[@id='form']/div/div/div[3]/div/form/input[2]]<br/>Trying to find element By:By.xpath: //*[@id='form']/div/div/div[3]/div/form/input[2]<br/>Found element By:By.xpath: //*[@id='form']/div/div/div[3]/div/form/input[2]<br/>Value of the WebElement [[FirefoxDriver: firefox on WINDOWS (e8642139-6e64-442b-b41b-7e5723b2ae89)] -> xpath: //*[@id='form']/div/div/div[3]/div/form/input[2]] before any changes<br/>Value changed to [[FirefoxDriver: firefox on WINDOWS (e8642139-6e64-442b-b41b-7e5723b2ae89)] -> xpath: //*[@id='form']/div/div/div[3]/div/form/input[2]]<br/>Clicked on Sign In and object is:hasu019@gmail.com<br/>Trying to find element By:By.xpath: //*[@id='form']/div/div/div[3]/div/form/input[3]<br/>Found element By:By.xpath: //*[@id='form']/div/div/div[3]/div/form/input[3]<br/>Value of the WebElement [[FirefoxDriver: firefox on WINDOWS (e8642139-6e64-442b-b41b-7e5723b2ae89)] -> xpath: //*[@id='form']/div/div/div[3]/div/form/input[3]] before any changes<br/>Value changed to [[FirefoxDriver: firefox on WINDOWS (e8642139-6e64-442b-b41b-7e5723b2ae89)] -> xpath: //*[@id='form']/div/div/div[3]/div/form/input[3]]<br/>Trying to find element By:By.xpath: //*[@id='form']/div/div/div[3]/div/form/input[3]<br/>Found element By:By.xpath: //*[@id='form']/div/div/div[3]/div/form/input[3]<br/>Value of the WebElement [[FirefoxDriver: firefox on WINDOWS (e8642139-6e64-442b-b41b-7e5723b2ae89)] -> xpath: //*[@id='form']/div/div/div[3]/div/form/input[3]] before any changes<br/>Value changed to [[FirefoxDriver: firefox on WINDOWS (e8642139-6e64-442b-b41b-7e5723b2ae89)] -> xpath: //*[@id='form']/div/div/div[3]/div/form/input[3]]<br/>Clicked on Sign In and object is:password<br/>Trying to find element By:By.xpath: //*[@id='header']/div[1]/div/div/div[1]/div/ul/li[1]/a<br/>Found element By:By.xpath: //*[@id='header']/div[1]/div/div/div[1]/div/ul/li[1]/a<br/>------------------- Ending verifyCreateAccount Test -------------------</div></td></tr></table><p class="totop"><a href="#summary">back to summary</a></p><h3 id="m8">com.pagefactory.framework.homepage.TC003_VerifyLoginWithDifferentData#createAccountDifferentRecordsTest</h3><table class="result"><tr class="param"><th>Parameter #1</th><th>Parameter #2</th><th>Parameter #3</th><th>Parameter #4</th></tr><tr class="param stripe"><td>Alex</td><td>a@a.com</td><td>password</td><td>y</td></tr><tr><th colspan="4">Messages</th></tr><tr><td colspan="4"><div class="messages">Trying to find element By:By.xpath: //*[@id='header']/div[2]/div/div/div[2]/div/ul/li[5]/a<br/>Found element By:By.xpath: //*[@id='header']/div[2]/div/div/div[2]/div/ul/li[5]/a<br/>Clicked On: [[FirefoxDriver: firefox on WINDOWS (14da6ee2-560f-42a5-b71d-39e1549b6d5a)] -> xpath: //*[@id='header']/div[2]/div/div/div[2]/div/ul/li[5]/a]<br/>------------------- Starting createAccountDifferentRecordsTest Test -------------------<br/>Trying to find element By:By.xpath: //*[@id='header']/div[2]/div/div/div[2]/div/ul/li[5]/a<br/>Found element By:By.xpath: //*[@id='header']/div[2]/div/div/div[2]/div/ul/li[5]/a<br/>Clicked On: [[FirefoxDriver: firefox on WINDOWS (14da6ee2-560f-42a5-b71d-39e1549b6d5a)] -> xpath: //*[@id='header']/div[2]/div/div/div[2]/div/ul/li[5]/a]<br/>Trying to find element By:By.xpath: //*[@id='form']/div/div/div[3]/div/form/input[1]<br/>Found element By:By.xpath: //*[@id='form']/div/div/div[3]/div/form/input[1]<br/>Value of the WebElement [[FirefoxDriver: firefox on WINDOWS (14da6ee2-560f-42a5-b71d-39e1549b6d5a)] -> xpath: //*[@id='form']/div/div/div[3]/div/form/input[1]] before any changes<br/>Value changed to [[FirefoxDriver: firefox on WINDOWS (14da6ee2-560f-42a5-b71d-39e1549b6d5a)] -> xpath: //*[@id='form']/div/div/div[3]/div/form/input[1]]<br/>Trying to find element By:By.xpath: //*[@id='form']/div/div/div[3]/div/form/input[1]<br/>Found element By:By.xpath: //*[@id='form']/div/div/div[3]/div/form/input[1]<br/>Value of the WebElement [[FirefoxDriver: firefox on WINDOWS (14da6ee2-560f-42a5-b71d-39e1549b6d5a)] -> xpath: //*[@id='form']/div/div/div[3]/div/form/input[1]] before any changes<br/>Value changed to [[FirefoxDriver: firefox on WINDOWS (14da6ee2-560f-42a5-b71d-39e1549b6d5a)] -> xpath: //*[@id='form']/div/div/div[3]/div/form/input[1]]<br/>Clicked on Sign In and object is:Alex<br/>Trying to find element By:By.xpath: //*[@id='form']/div/div/div[3]/div/form/input[2]<br/>Found element By:By.xpath: //*[@id='form']/div/div/div[3]/div/form/input[2]<br/>Value of the WebElement [[FirefoxDriver: firefox on WINDOWS (14da6ee2-560f-42a5-b71d-39e1549b6d5a)] -> xpath: //*[@id='form']/div/div/div[3]/div/form/input[2]] before any changes<br/>Value changed to [[FirefoxDriver: firefox on WINDOWS (14da6ee2-560f-42a5-b71d-39e1549b6d5a)] -> xpath: //*[@id='form']/div/div/div[3]/div/form/input[2]]<br/>Trying to find element By:By.xpath: //*[@id='form']/div/div/div[3]/div/form/input[2]<br/>Found element By:By.xpath: //*[@id='form']/div/div/div[3]/div/form/input[2]<br/>Value of the WebElement [[FirefoxDriver: firefox on WINDOWS (14da6ee2-560f-42a5-b71d-39e1549b6d5a)] -> xpath: //*[@id='form']/div/div/div[3]/div/form/input[2]] before any changes<br/>Value changed to [[FirefoxDriver: firefox on WINDOWS (14da6ee2-560f-42a5-b71d-39e1549b6d5a)] -> xpath: //*[@id='form']/div/div/div[3]/div/form/input[2]]<br/>Clicked on Sign In and object is:a@a.com<br/>Trying to find element By:By.xpath: //*[@id='form']/div/div/div[3]/div/form/input[3]<br/>Found element By:By.xpath: //*[@id='form']/div/div/div[3]/div/form/input[3]<br/>Value of the WebElement [[FirefoxDriver: firefox on WINDOWS (14da6ee2-560f-42a5-b71d-39e1549b6d5a)] -> xpath: //*[@id='form']/div/div/div[3]/div/form/input[3]] before any changes<br/>Value changed to [[FirefoxDriver: firefox on WINDOWS (14da6ee2-560f-42a5-b71d-39e1549b6d5a)] -> xpath: //*[@id='form']/div/div/div[3]/div/form/input[3]]<br/>Trying to find element By:By.xpath: //*[@id='form']/div/div/div[3]/div/form/input[3]<br/>Found element By:By.xpath: //*[@id='form']/div/div/div[3]/div/form/input[3]<br/>Value of the WebElement [[FirefoxDriver: firefox on WINDOWS (14da6ee2-560f-42a5-b71d-39e1549b6d5a)] -> xpath: //*[@id='form']/div/div/div[3]/div/form/input[3]] before any changes<br/>Value changed to [[FirefoxDriver: firefox on WINDOWS (14da6ee2-560f-42a5-b71d-39e1549b6d5a)] -> xpath: //*[@id='form']/div/div/div[3]/div/form/input[3]]<br/>Clicked on Sign In and object is:password<br/>Trying to find element By:By.xpath: //*[@id='header']/div[1]/div/div/div[1]/div/ul/li[1]/a<br/>Found element By:By.xpath: //*[@id='header']/div[1]/div/div/div[1]/div/ul/li[1]/a<br/><a href='D:\Workspace\eclipse\PageFactoryFramework\src\main\java\com\pagefactory\framework\screenshot\createAccountDifferentRecordsTestAlex_02_07_2021_11_27_49.png'><img src='D:\Workspace\eclipse\PageFactoryFramework\src\main\java\com\pagefactory\framework\screenshot\createAccountDifferentRecordsTestAlex_02_07_2021_11_27_49.png' height='100' width='100'/> </a<br/>------------------- Ending createAccountDifferentRecordsTest Test -------------------</div></td></tr></table><p class="totop"><a href="#summary">back to summary</a></p><h2>CompleteTest2</h2><h3 id="m9">com.pagefactory.framework.homepage.TC004_VerifyExternalLink#verifyExternalWebsiteLink</h3><table class="result"><tr><th>Messages</th></tr><tr><td><div class="messages">------------------- Starting verifyExternalWebsiteLink Test -------------------<br/>Trying to find element By:By.xpath: //*[@id='accordian']/descendant::div[@class='panel panel-default']/descendant::div[@class='panel-heading']/descendant::a[@href='#mens']<br/>Found element By:By.xpath: //*[@id='accordian']/descendant::div[@class='panel panel-default']/descendant::div[@class='panel-heading']/descendant::a[@href='#mens']<br/>Clicked On: [[FirefoxDriver: firefox on WINDOWS (8d08b637-66a3-4950-b1fd-7a02a05649eb)] -> xpath: //*[@id='accordian']/descendant::div[@class='panel panel-default']/descendant::div[@class='panel-heading']/descendant::a[@href='#mens']]<br/>Clicked on mensNavigation menu item<br/>Trying to find element By:By.xpath: //*[@id='accordian']/descendant::div[@class='panel panel-default']/descendant::div[@id='mens']/descendant::div[@class='panel-body']/descendant::ul/child::li/child::a[contains(text(),'Valentino')]<br/>Found element By:By.xpath: //*[@id='accordian']/descendant::div[@class='panel panel-default']/descendant::div[@id='mens']/descendant::div[@class='panel-body']/descendant::ul/child::li/child::a[contains(text(),'Valentino')]<br/>Clicked On: [[FirefoxDriver: firefox on WINDOWS (8d08b637-66a3-4950-b1fd-7a02a05649eb)] -> xpath: //*[@id='accordian']/descendant::div[@class='panel panel-default']/descendant::div[@id='mens']/descendant::div[@class='panel-body']/descendant::ul/child::li/child::a[contains(text(),'Valentino')]]<br/>Clicked on Valentino of Mens<br/>Trying to find element By:By.xpath: //*[@id='footer']/div[3]/div/div/p[2]/span/a<br/>Found element By:By.xpath: //*[@id='footer']/div[3]/div/div/p[2]/span/a<br/>Clicked On: [[FirefoxDriver: firefox on WINDOWS (8d08b637-66a3-4950-b1fd-7a02a05649eb)] -> xpath: //*[@id='footer']/div[3]/div/div/p[2]/span/a]<br/>Trying to find element By:By.xpath: //*[@id='footer']/div[3]/div/div/p[2]/span/a<br/>Found element By:By.xpath: //*[@id='footer']/div[3]/div/div/p[2]/span/a<br/>Website Link clicked and object is :[[FirefoxDriver: firefox on WINDOWS (8d08b637-66a3-4950-b1fd-7a02a05649eb)] -> xpath: //*[@id='footer']/div[3]/div/div/p[2]/span/a]<br/>Trying to find element By:By.xpath: //p[contains(text(),'s functionality with our robus')]<br/>Exception Occured org.openqa.selenium.NoSuchElementException: Unable to locate element: //p[contains(text(),'s functionality with our robus')]
For documentation on this error, please visit: https://www.seleniumhq.org/exceptions/no_such_element.html
Build info: version: '3.141.59', revision: 'e82be7d358', time: '2018-11-14T08:17:03'
System info: host: 'DESKTOP-PN0RVR2', ip: '192.168.14.241', os.name: 'Windows 10', os.arch: 'amd64', os.version: '10.0', java.version: '1.8.0_181'
Driver info: org.openqa.selenium.firefox.FirefoxDriver
Capabilities {acceptInsecureCerts: true, browserName: firefox, browserVersion: 89.0.2, javascriptEnabled: true, moz:accessibilityChecks: false, moz:buildID: 20210622155641, moz:geckodriverVersion: 0.29.1, moz:headless: false, moz:processID: 14312, moz:profile: C:\Users\tarun\AppData\Loca..., moz:shutdownTimeout: 60000, moz:useNonSpecCompliantPointerOrigin: false, moz:webdriverClick: true, pageLoadStrategy: normal, platform: WINDOWS, platformName: WINDOWS, platformVersion: 10.0, setWindowRect: true, strictFileInteractability: false, timeouts: {implicit: 0, pageLoad: 300000, script: 30000}, unhandledPromptBehavior: dismiss and notify}
Session ID: 8d08b637-66a3-4950-b1fd-7a02a05649eb
*** Element info: {Using=xpath, value=//p[contains(text(),'s functionality with our robus')]}</div></td></tr><tr><th>Exception</th></tr><tr><td><div class="stacktrace">java.lang.AssertionError: expected [true] but found [false]
	at com.pagefactory.framework.homepage.TC004_VerifyExternalLink.verifyExternalWebsiteLink(TC004_VerifyExternalLink.java:46)
	at java.util.concurrent.ThreadPoolExecutor.runWorker(ThreadPoolExecutor.java:1149)
	at java.util.concurrent.ThreadPoolExecutor$Worker.run(ThreadPoolExecutor.java:624)
	at java.lang.Thread.run(Thread.java:748)
... Removed 16 stack frames</div></td></tr></table><p class="totop"><a href="#summary">back to summary</a></p><h3 id="m10">com.pagefactory.framework.homepage.TC002_VerifyCreateAccount#verifyCreateAccount</h3><table class="result"><tr><th>Messages</th></tr><tr><td><div class="messages">------------------- Starting verifyCreateAccount Test -------------------<br/>Trying to find element By:By.xpath: //*[@id='header']/div[2]/div/div/div[2]/div/ul/li[5]/a<br/>Found element By:By.xpath: //*[@id='header']/div[2]/div/div/div[2]/div/ul/li[5]/a<br/>Clicked On: [[FirefoxDriver: firefox on WINDOWS (379887cf-b71d-4e9b-818f-1cffb2e748e0)] -> xpath: //*[@id='header']/div[2]/div/div/div[2]/div/ul/li[5]/a]<br/>Trying to find element By:By.xpath: //*[@id='form']/div/div/div[3]/div/form/input[1]<br/>Found element By:By.xpath: //*[@id='form']/div/div/div[3]/div/form/input[1]<br/>Value of the WebElement [[FirefoxDriver: firefox on WINDOWS (379887cf-b71d-4e9b-818f-1cffb2e748e0)] -> xpath: //*[@id='form']/div/div/div[3]/div/form/input[1]] before any changes<br/>Value changed to [[FirefoxDriver: firefox on WINDOWS (379887cf-b71d-4e9b-818f-1cffb2e748e0)] -> xpath: //*[@id='form']/div/div/div[3]/div/form/input[1]]<br/>Trying to find element By:By.xpath: //*[@id='form']/div/div/div[3]/div/form/input[1]<br/>Found element By:By.xpath: //*[@id='form']/div/div/div[3]/div/form/input[1]<br/>Value of the WebElement [[FirefoxDriver: firefox on WINDOWS (379887cf-b71d-4e9b-818f-1cffb2e748e0)] -> xpath: //*[@id='form']/div/div/div[3]/div/form/input[1]] before any changes<br/>Value changed to [[FirefoxDriver: firefox on WINDOWS (379887cf-b71d-4e9b-818f-1cffb2e748e0)] -> xpath: //*[@id='form']/div/div/div[3]/div/form/input[1]]<br/>Clicked on Sign In and object is:Hasu<br/>Trying to find element By:By.xpath: //*[@id='form']/div/div/div[3]/div/form/input[2]<br/>Found element By:By.xpath: //*[@id='form']/div/div/div[3]/div/form/input[2]<br/>Value of the WebElement [[FirefoxDriver: firefox on WINDOWS (379887cf-b71d-4e9b-818f-1cffb2e748e0)] -> xpath: //*[@id='form']/div/div/div[3]/div/form/input[2]] before any changes<br/>Value changed to [[FirefoxDriver: firefox on WINDOWS (379887cf-b71d-4e9b-818f-1cffb2e748e0)] -> xpath: //*[@id='form']/div/div/div[3]/div/form/input[2]]<br/>Trying to find element By:By.xpath: //*[@id='form']/div/div/div[3]/div/form/input[2]<br/>Found element By:By.xpath: //*[@id='form']/div/div/div[3]/div/form/input[2]<br/>Value of the WebElement [[FirefoxDriver: firefox on WINDOWS (379887cf-b71d-4e9b-818f-1cffb2e748e0)] -> xpath: //*[@id='form']/div/div/div[3]/div/form/input[2]] before any changes<br/>Value changed to [[FirefoxDriver: firefox on WINDOWS (379887cf-b71d-4e9b-818f-1cffb2e748e0)] -> xpath: //*[@id='form']/div/div/div[3]/div/form/input[2]]<br/>Clicked on Sign In and object is:hasu019@gmail.com<br/>Trying to find element By:By.xpath: //*[@id='form']/div/div/div[3]/div/form/input[3]<br/>Found element By:By.xpath: //*[@id='form']/div/div/div[3]/div/form/input[3]<br/>Value of the WebElement [[FirefoxDriver: firefox on WINDOWS (379887cf-b71d-4e9b-818f-1cffb2e748e0)] -> xpath: //*[@id='form']/div/div/div[3]/div/form/input[3]] before any changes<br/>Value changed to [[FirefoxDriver: firefox on WINDOWS (379887cf-b71d-4e9b-818f-1cffb2e748e0)] -> xpath: //*[@id='form']/div/div/div[3]/div/form/input[3]]<br/>Trying to find element By:By.xpath: //*[@id='form']/div/div/div[3]/div/form/input[3]<br/>Found element By:By.xpath: //*[@id='form']/div/div/div[3]/div/form/input[3]<br/>Value of the WebElement [[FirefoxDriver: firefox on WINDOWS (379887cf-b71d-4e9b-818f-1cffb2e748e0)] -> xpath: //*[@id='form']/div/div/div[3]/div/form/input[3]] before any changes<br/>Value changed to [[FirefoxDriver: firefox on WINDOWS (379887cf-b71d-4e9b-818f-1cffb2e748e0)] -> xpath: //*[@id='form']/div/div/div[3]/div/form/input[3]]<br/>Clicked on Sign In and object is:password<br/>Trying to find element By:By.xpath: //*[@id='header']/div[1]/div/div/div[1]/div/ul/li[1]/a<br/>Found element By:By.xpath: //*[@id='header']/div[1]/div/div/div[1]/div/ul/li[1]/a<br/>------------------- Ending verifyCreateAccount Test -------------------</div></td></tr></table><p class="totop"><a href="#summary">back to summary</a></p></body></html>