<?xml version="1.0" encoding="UTF-8"?>
<testng-results skipped="6" failed="2" ignored="0" total="11" passed="3">
  <reporter-output>
    <line>
      <![CDATA[Creating the object of firefox]]>
    </line>
    <line>
      <![CDATA[Creating the object of firefox]]>
    </line>
    <line>
      <![CDATA[Creating the object of firefox]]>
    </line>
    <line>
      <![CDATA[Navigating to the URL:file:///D:/Training/Multisoft/Eshopper/index.html]]>
    </line>
    <line>
      <![CDATA[Navigating to the URL:file:///D:/Training/Multisoft/Eshopper/index.html]]>
    </line>
    <line>
      <![CDATA[Navigating to the URL:file:///D:/Training/Multisoft/Eshopper/index.html]]>
    </line>
    <line>
      <![CDATA[Navitage to :file:///D:/Training/Multisoft/Eshopper/index.html]]>
    </line>
    <line>
      <![CDATA[Navitage to :file:///D:/Training/Multisoft/Eshopper/index.html]]>
    </line>
    <line>
      <![CDATA[Navitage to :file:///D:/Training/Multisoft/Eshopper/index.html]]>
    </line>
    <line>
      <![CDATA[After Navitage to :file:///D:/Training/Multisoft/Eshopper/index.html]]>
    </line>
    <line>
      <![CDATA[After Navitage to :file:///D:/Training/Multisoft/Eshopper/index.html]]>
    </line>
    <line>
      <![CDATA[After Navitage to :file:///D:/Training/Multisoft/Eshopper/index.html]]>
    </line>
    <line>
      <![CDATA[------------------- Starting verifyExternalWebsiteLink Test -------------------]]>
    </line>
    <line>
      <![CDATA[Trying to find element By:By.xpath: //*[@id='accordian']/descendant::div[@class='panel panel-default']/descendant::div[@class='panel-heading']/descendant::a[@href='#mens']]]>
    </line>
    <line>
      <![CDATA[------------------- Starting verifyCreateAccount Test -------------------]]>
    </line>
    <line>
      <![CDATA[Trying to find element By:By.xpath: //*[@id='header']/div[2]/div/div/div[2]/div/ul/li[5]/a]]>
    </line>
    <line>
      <![CDATA[Found element By:By.xpath: //*[@id='header']/div[2]/div/div/div[2]/div/ul/li[5]/a]]>
    </line>
    <line>
      <![CDATA[Found element By:By.xpath: //*[@id='accordian']/descendant::div[@class='panel panel-default']/descendant::div[@class='panel-heading']/descendant::a[@href='#mens']]]>
    </line>
    <line>
      <![CDATA[Clicked On: [[FirefoxDriver: firefox on WINDOWS (e8642139-6e64-442b-b41b-7e5723b2ae89)] -> xpath: //*[@id='header']/div[2]/div/div/div[2]/div/ul/li[5]/a]]]>
    </line>
    <line>
      <![CDATA[Trying to find element By:By.xpath: //*[@id='form']/div/div/div[3]/div/form/input[1]]]>
    </line>
    <line>
      <![CDATA[Found element By:By.xpath: //*[@id='form']/div/div/div[3]/div/form/input[1]]]>
    </line>
    <line>
      <![CDATA[Value of the WebElement [[FirefoxDriver: firefox on WINDOWS (e8642139-6e64-442b-b41b-7e5723b2ae89)] -> xpath: //*[@id='form']/div/div/div[3]/div/form/input[1]] before any changes]]>
    </line>
    <line>
      <![CDATA[Clicked On: [[FirefoxDriver: firefox on WINDOWS (12535c7f-e3e0-44f3-9568-d8b0585a79b8)] -> xpath: //*[@id='accordian']/descendant::div[@class='panel panel-default']/descendant::div[@class='panel-heading']/descendant::a[@href='#mens']]]]>
    </line>
    <line>
      <![CDATA[Clicked on mensNavigation menu item]]>
    </line>
    <line>
      <![CDATA[Trying to find element By:By.xpath: //*[@id='accordian']/descendant::div[@class='panel panel-default']/descendant::div[@id='mens']/descendant::div[@class='panel-body']/descendant::ul/child::li/child::a[contains(text(),'Valentino')]]]>
    </line>
    <line>
      <![CDATA[Value changed to [[FirefoxDriver: firefox on WINDOWS (e8642139-6e64-442b-b41b-7e5723b2ae89)] -> xpath: //*[@id='form']/div/div/div[3]/div/form/input[1]]]]>
    </line>
    <line>
      <![CDATA[Trying to find element By:By.xpath: //*[@id='form']/div/div/div[3]/div/form/input[1]]]>
    </line>
    <line>
      <![CDATA[Found element By:By.xpath: //*[@id='accordian']/descendant::div[@class='panel panel-default']/descendant::div[@id='mens']/descendant::div[@class='panel-body']/descendant::ul/child::li/child::a[contains(text(),'Valentino')]]]>
    </line>
    <line>
      <![CDATA[Found element By:By.xpath: //*[@id='form']/div/div/div[3]/div/form/input[1]]]>
    </line>
    <line>
      <![CDATA[Value of the WebElement [[FirefoxDriver: firefox on WINDOWS (e8642139-6e64-442b-b41b-7e5723b2ae89)] -> xpath: //*[@id='form']/div/div/div[3]/div/form/input[1]] before any changes]]>
    </line>
    <line>
      <![CDATA[Clicked On: [[FirefoxDriver: firefox on WINDOWS (12535c7f-e3e0-44f3-9568-d8b0585a79b8)] -> xpath: //*[@id='accordian']/descendant::div[@class='panel panel-default']/descendant::div[@id='mens']/descendant::div[@class='panel-body']/descendant::ul/child::li/child::a[contains(text(),'Valentino')]]]]>
    </line>
    <line>
      <![CDATA[Clicked on Valentino of Mens]]>
    </line>
    <line>
      <![CDATA[Trying to find element By:By.xpath: //*[@id='footer']/div[3]/div/div/p[2]/span/a]]>
    </line>
    <line>
      <![CDATA[Found element By:By.xpath: //*[@id='footer']/div[3]/div/div/p[2]/span/a]]>
    </line>
    <line>
      <![CDATA[Clicked On: [[FirefoxDriver: firefox on WINDOWS (12535c7f-e3e0-44f3-9568-d8b0585a79b8)] -> xpath: //*[@id='footer']/div[3]/div/div/p[2]/span/a]]]>
    </line>
    <line>
      <![CDATA[Trying to find element By:By.xpath: //*[@id='footer']/div[3]/div/div/p[2]/span/a]]>
    </line>
    <line>
      <![CDATA[Found element By:By.xpath: //*[@id='footer']/div[3]/div/div/p[2]/span/a]]>
    </line>
    <line>
      <![CDATA[Website Link clicked and object is :[[FirefoxDriver: firefox on WINDOWS (12535c7f-e3e0-44f3-9568-d8b0585a79b8)] -> xpath: //*[@id='footer']/div[3]/div/div/p[2]/span/a]]]>
    </line>
    <line>
      <![CDATA[Value changed to [[FirefoxDriver: firefox on WINDOWS (e8642139-6e64-442b-b41b-7e5723b2ae89)] -> xpath: //*[@id='form']/div/div/div[3]/div/form/input[1]]]]>
    </line>
    <line>
      <![CDATA[Clicked on Sign In and object is:Hasu]]>
    </line>
    <line>
      <![CDATA[Trying to find element By:By.xpath: //*[@id='form']/div/div/div[3]/div/form/input[2]]]>
    </line>
    <line>
      <![CDATA[Found element By:By.xpath: //*[@id='form']/div/div/div[3]/div/form/input[2]]]>
    </line>
    <line>
      <![CDATA[Value of the WebElement [[FirefoxDriver: firefox on WINDOWS (e8642139-6e64-442b-b41b-7e5723b2ae89)] -> xpath: //*[@id='form']/div/div/div[3]/div/form/input[2]] before any changes]]>
    </line>
    <line>
      <![CDATA[Value changed to [[FirefoxDriver: firefox on WINDOWS (e8642139-6e64-442b-b41b-7e5723b2ae89)] -> xpath: //*[@id='form']/div/div/div[3]/div/form/input[2]]]]>
    </line>
    <line>
      <![CDATA[Trying to find element By:By.xpath: //*[@id='form']/div/div/div[3]/div/form/input[2]]]>
    </line>
    <line>
      <![CDATA[Found element By:By.xpath: //*[@id='form']/div/div/div[3]/div/form/input[2]]]>
    </line>
    <line>
      <![CDATA[Value of the WebElement [[FirefoxDriver: firefox on WINDOWS (e8642139-6e64-442b-b41b-7e5723b2ae89)] -> xpath: //*[@id='form']/div/div/div[3]/div/form/input[2]] before any changes]]>
    </line>
    <line>
      <![CDATA[Value changed to [[FirefoxDriver: firefox on WINDOWS (e8642139-6e64-442b-b41b-7e5723b2ae89)] -> xpath: //*[@id='form']/div/div/div[3]/div/form/input[2]]]]>
    </line>
    <line>
      <![CDATA[Clicked on Sign In and object is:hasu019@gmail.com]]>
    </line>
    <line>
      <![CDATA[Trying to find element By:By.xpath: //*[@id='form']/div/div/div[3]/div/form/input[3]]]>
    </line>
    <line>
      <![CDATA[Trying to find element By:By.xpath: //p[contains(text(),'s functionality with our robus')]]]>
    </line>
    <line>
      <![CDATA[Found element By:By.xpath: //*[@id='form']/div/div/div[3]/div/form/input[3]]]>
    </line>
    <line>
      <![CDATA[Value of the WebElement [[FirefoxDriver: firefox on WINDOWS (e8642139-6e64-442b-b41b-7e5723b2ae89)] -> xpath: //*[@id='form']/div/div/div[3]/div/form/input[3]] before any changes]]>
    </line>
    <line>
      <![CDATA[Value changed to [[FirefoxDriver: firefox on WINDOWS (e8642139-6e64-442b-b41b-7e5723b2ae89)] -> xpath: //*[@id='form']/div/div/div[3]/div/form/input[3]]]]>
    </line>
    <line>
      <![CDATA[Trying to find element By:By.xpath: //*[@id='form']/div/div/div[3]/div/form/input[3]]]>
    </line>
    <line>
      <![CDATA[Found element By:By.xpath: //*[@id='form']/div/div/div[3]/div/form/input[3]]]>
    </line>
    <line>
      <![CDATA[Value of the WebElement [[FirefoxDriver: firefox on WINDOWS (e8642139-6e64-442b-b41b-7e5723b2ae89)] -> xpath: //*[@id='form']/div/div/div[3]/div/form/input[3]] before any changes]]>
    </line>
    <line>
      <![CDATA[Value changed to [[FirefoxDriver: firefox on WINDOWS (e8642139-6e64-442b-b41b-7e5723b2ae89)] -> xpath: //*[@id='form']/div/div/div[3]/div/form/input[3]]]]>
    </line>
    <line>
      <![CDATA[Clicked on Sign In and object is:password]]>
    </line>
    <line>
      <![CDATA[Trying to find element By:By.xpath: //*[@id='header']/div[1]/div/div/div[1]/div/ul/li[1]/a]]>
    </line>
    <line>
      <![CDATA[Found element By:By.xpath: //*[@id='header']/div[1]/div/div/div[1]/div/ul/li[1]/a]]>
    </line>
    <line>
      <![CDATA[------------------- Ending verifyCreateAccount Test -------------------]]>
    </line>
    <line>
      <![CDATA[Browser Closed]]>
    </line>
    <line>
      <![CDATA[Trying to find element By:By.xpath: //*[@id='header']/div[2]/div/div/div[2]/div/ul/li[5]/a]]>
    </line>
    <line>
      <![CDATA[Found element By:By.xpath: //*[@id='header']/div[2]/div/div/div[2]/div/ul/li[5]/a]]>
    </line>
    <line>
      <![CDATA[Clicked On: [[FirefoxDriver: firefox on WINDOWS (14da6ee2-560f-42a5-b71d-39e1549b6d5a)] -> xpath: //*[@id='header']/div[2]/div/div/div[2]/div/ul/li[5]/a]]]>
    </line>
    <line>
      <![CDATA[------------------- Starting createAccountDifferentRecordsTest Test -------------------]]>
    </line>
    <line>
      <![CDATA[Trying to find element By:By.xpath: //*[@id='header']/div[2]/div/div/div[2]/div/ul/li[5]/a]]>
    </line>
    <line>
      <![CDATA[Found element By:By.xpath: //*[@id='header']/div[2]/div/div/div[2]/div/ul/li[5]/a]]>
    </line>
    <line>
      <![CDATA[Clicked On: [[FirefoxDriver: firefox on WINDOWS (14da6ee2-560f-42a5-b71d-39e1549b6d5a)] -> xpath: //*[@id='header']/div[2]/div/div/div[2]/div/ul/li[5]/a]]]>
    </line>
    <line>
      <![CDATA[Trying to find element By:By.xpath: //*[@id='form']/div/div/div[3]/div/form/input[1]]]>
    </line>
    <line>
      <![CDATA[Found element By:By.xpath: //*[@id='form']/div/div/div[3]/div/form/input[1]]]>
    </line>
    <line>
      <![CDATA[Value of the WebElement [[FirefoxDriver: firefox on WINDOWS (14da6ee2-560f-42a5-b71d-39e1549b6d5a)] -> xpath: //*[@id='form']/div/div/div[3]/div/form/input[1]] before any changes]]>
    </line>
    <line>
      <![CDATA[Value changed to [[FirefoxDriver: firefox on WINDOWS (14da6ee2-560f-42a5-b71d-39e1549b6d5a)] -> xpath: //*[@id='form']/div/div/div[3]/div/form/input[1]]]]>
    </line>
    <line>
      <![CDATA[Trying to find element By:By.xpath: //*[@id='form']/div/div/div[3]/div/form/input[1]]]>
    </line>
    <line>
      <![CDATA[Found element By:By.xpath: //*[@id='form']/div/div/div[3]/div/form/input[1]]]>
    </line>
    <line>
      <![CDATA[Value of the WebElement [[FirefoxDriver: firefox on WINDOWS (14da6ee2-560f-42a5-b71d-39e1549b6d5a)] -> xpath: //*[@id='form']/div/div/div[3]/div/form/input[1]] before any changes]]>
    </line>
    <line>
      <![CDATA[Value changed to [[FirefoxDriver: firefox on WINDOWS (14da6ee2-560f-42a5-b71d-39e1549b6d5a)] -> xpath: //*[@id='form']/div/div/div[3]/div/form/input[1]]]]>
    </line>
    <line>
      <![CDATA[Clicked on Sign In and object is:Alex]]>
    </line>
    <line>
      <![CDATA[Trying to find element By:By.xpath: //*[@id='form']/div/div/div[3]/div/form/input[2]]]>
    </line>
    <line>
      <![CDATA[Found element By:By.xpath: //*[@id='form']/div/div/div[3]/div/form/input[2]]]>
    </line>
    <line>
      <![CDATA[Value of the WebElement [[FirefoxDriver: firefox on WINDOWS (14da6ee2-560f-42a5-b71d-39e1549b6d5a)] -> xpath: //*[@id='form']/div/div/div[3]/div/form/input[2]] before any changes]]>
    </line>
    <line>
      <![CDATA[Value changed to [[FirefoxDriver: firefox on WINDOWS (14da6ee2-560f-42a5-b71d-39e1549b6d5a)] -> xpath: //*[@id='form']/div/div/div[3]/div/form/input[2]]]]>
    </line>
    <line>
      <![CDATA[Trying to find element By:By.xpath: //*[@id='form']/div/div/div[3]/div/form/input[2]]]>
    </line>
    <line>
      <![CDATA[Found element By:By.xpath: //*[@id='form']/div/div/div[3]/div/form/input[2]]]>
    </line>
    <line>
      <![CDATA[Value of the WebElement [[FirefoxDriver: firefox on WINDOWS (14da6ee2-560f-42a5-b71d-39e1549b6d5a)] -> xpath: //*[@id='form']/div/div/div[3]/div/form/input[2]] before any changes]]>
    </line>
    <line>
      <![CDATA[Value changed to [[FirefoxDriver: firefox on WINDOWS (14da6ee2-560f-42a5-b71d-39e1549b6d5a)] -> xpath: //*[@id='form']/div/div/div[3]/div/form/input[2]]]]>
    </line>
    <line>
      <![CDATA[Clicked on Sign In and object is:a@a.com]]>
    </line>
    <line>
      <![CDATA[Trying to find element By:By.xpath: //*[@id='form']/div/div/div[3]/div/form/input[3]]]>
    </line>
    <line>
      <![CDATA[Found element By:By.xpath: //*[@id='form']/div/div/div[3]/div/form/input[3]]]>
    </line>
    <line>
      <![CDATA[Value of the WebElement [[FirefoxDriver: firefox on WINDOWS (14da6ee2-560f-42a5-b71d-39e1549b6d5a)] -> xpath: //*[@id='form']/div/div/div[3]/div/form/input[3]] before any changes]]>
    </line>
    <line>
      <![CDATA[Value changed to [[FirefoxDriver: firefox on WINDOWS (14da6ee2-560f-42a5-b71d-39e1549b6d5a)] -> xpath: //*[@id='form']/div/div/div[3]/div/form/input[3]]]]>
    </line>
    <line>
      <![CDATA[Trying to find element By:By.xpath: //*[@id='form']/div/div/div[3]/div/form/input[3]]]>
    </line>
    <line>
      <![CDATA[Found element By:By.xpath: //*[@id='form']/div/div/div[3]/div/form/input[3]]]>
    </line>
    <line>
      <![CDATA[Value of the WebElement [[FirefoxDriver: firefox on WINDOWS (14da6ee2-560f-42a5-b71d-39e1549b6d5a)] -> xpath: //*[@id='form']/div/div/div[3]/div/form/input[3]] before any changes]]>
    </line>
    <line>
      <![CDATA[Value changed to [[FirefoxDriver: firefox on WINDOWS (14da6ee2-560f-42a5-b71d-39e1549b6d5a)] -> xpath: //*[@id='form']/div/div/div[3]/div/form/input[3]]]]>
    </line>
    <line>
      <![CDATA[Clicked on Sign In and object is:password]]>
    </line>
    <line>
      <![CDATA[Trying to find element By:By.xpath: //*[@id='header']/div[1]/div/div/div[1]/div/ul/li[1]/a]]>
    </line>
    <line>
      <![CDATA[Found element By:By.xpath: //*[@id='header']/div[1]/div/div/div[1]/div/ul/li[1]/a]]>
    </line>
    <line>
      <![CDATA[<a href='D:\Workspace\eclipse\PageFactoryFramework\src\main\java\com\pagefactory\framework\screenshot\createAccountDifferentRecordsTestAlex_02_07_2021_11_27_49.png'><img src='D:\Workspace\eclipse\PageFactoryFramework\src\main\java\com\pagefactory\framework\screenshot\createAccountDifferentRecordsTestAlex_02_07_2021_11_27_49.png' height='100' width='100'/> </a]]>
    </line>
    <line>
      <![CDATA[------------------- Ending createAccountDifferentRecordsTest Test -------------------]]>
    </line>
    <line>
      <![CDATA[Browser Closed]]>
    </line>
    <line>
      <![CDATA[Exception Occured org.openqa.selenium.NoSuchElementException: Unable to locate element: //p[contains(text(),'s functionality with our robus')]
For documentation on this error, please visit: https://www.seleniumhq.org/exceptions/no_such_element.html
Build info: version: '3.141.59', revision: 'e82be7d358', time: '2018-11-14T08:17:03'
System info: host: 'DESKTOP-PN0RVR2', ip: '192.168.14.241', os.name: 'Windows 10', os.arch: 'amd64', os.version: '10.0', java.version: '1.8.0_181'
Driver info: org.openqa.selenium.firefox.FirefoxDriver
Capabilities {acceptInsecureCerts: true, browserName: firefox, browserVersion: 89.0.2, javascriptEnabled: true, moz:accessibilityChecks: false, moz:buildID: 20210622155641, moz:geckodriverVersion: 0.29.1, moz:headless: false, moz:processID: 12548, moz:profile: C:\Users\tarun\AppData\Loca..., moz:shutdownTimeout: 60000, moz:useNonSpecCompliantPointerOrigin: false, moz:webdriverClick: true, pageLoadStrategy: normal, platform: WINDOWS, platformName: WINDOWS, platformVersion: 10.0, setWindowRect: true, strictFileInteractability: false, timeouts: {implicit: 0, pageLoad: 300000, script: 30000}, unhandledPromptBehavior: dismiss and notify}
Session ID: 12535c7f-e3e0-44f3-9568-d8b0585a79b8
*** Element info: {Using=xpath, value=//p[contains(text(),'s functionality with our robus')]}]]>
    </line>
    <line>
      <![CDATA[Retrying test verifyExternalWebsiteLink with status FAILURE for the 1 time(s).]]>
    </line>
    <line>
      <![CDATA[------------------- Starting verifyExternalWebsiteLink Test -------------------]]>
    </line>
    <line>
      <![CDATA[Trying to find element By:By.xpath: //*[@id='accordian']/descendant::div[@class='panel panel-default']/descendant::div[@class='panel-heading']/descendant::a[@href='#mens']]]>
    </line>
    <line>
      <![CDATA[Found element By:By.xpath: //*[@id='accordian']/descendant::div[@class='panel panel-default']/descendant::div[@class='panel-heading']/descendant::a[@href='#mens']]]>
    </line>
    <line>
      <![CDATA[Clicked On: [[FirefoxDriver: firefox on WINDOWS (12535c7f-e3e0-44f3-9568-d8b0585a79b8)] -> xpath: //*[@id='accordian']/descendant::div[@class='panel panel-default']/descendant::div[@class='panel-heading']/descendant::a[@href='#mens']]]]>
    </line>
    <line>
      <![CDATA[Clicked on mensNavigation menu item]]>
    </line>
    <line>
      <![CDATA[Trying to find element By:By.xpath: //*[@id='accordian']/descendant::div[@class='panel panel-default']/descendant::div[@id='mens']/descendant::div[@class='panel-body']/descendant::ul/child::li/child::a[contains(text(),'Valentino')]]]>
    </line>
    <line>
      <![CDATA[Found element By:By.xpath: //*[@id='accordian']/descendant::div[@class='panel panel-default']/descendant::div[@id='mens']/descendant::div[@class='panel-body']/descendant::ul/child::li/child::a[contains(text(),'Valentino')]]]>
    </line>
    <line>
      <![CDATA[Clicked On: [[FirefoxDriver: firefox on WINDOWS (12535c7f-e3e0-44f3-9568-d8b0585a79b8)] -> xpath: //*[@id='accordian']/descendant::div[@class='panel panel-default']/descendant::div[@id='mens']/descendant::div[@class='panel-body']/descendant::ul/child::li/child::a[contains(text(),'Valentino')]]]]>
    </line>
    <line>
      <![CDATA[Clicked on Valentino of Mens]]>
    </line>
    <line>
      <![CDATA[Trying to find element By:By.xpath: //*[@id='footer']/div[3]/div/div/p[2]/span/a]]>
    </line>
    <line>
      <![CDATA[Found element By:By.xpath: //*[@id='footer']/div[3]/div/div/p[2]/span/a]]>
    </line>
    <line>
      <![CDATA[Clicked On: [[FirefoxDriver: firefox on WINDOWS (12535c7f-e3e0-44f3-9568-d8b0585a79b8)] -> xpath: //*[@id='footer']/div[3]/div/div/p[2]/span/a]]]>
    </line>
    <line>
      <![CDATA[Trying to find element By:By.xpath: //*[@id='footer']/div[3]/div/div/p[2]/span/a]]>
    </line>
    <line>
      <![CDATA[Found element By:By.xpath: //*[@id='footer']/div[3]/div/div/p[2]/span/a]]>
    </line>
    <line>
      <![CDATA[Website Link clicked and object is :[[FirefoxDriver: firefox on WINDOWS (12535c7f-e3e0-44f3-9568-d8b0585a79b8)] -> xpath: //*[@id='footer']/div[3]/div/div/p[2]/span/a]]]>
    </line>
    <line>
      <![CDATA[Trying to find element By:By.xpath: //p[contains(text(),'s functionality with our robus')]]]>
    </line>
    <line>
      <![CDATA[Exception Occured org.openqa.selenium.NoSuchElementException: Unable to locate element: //p[contains(text(),'s functionality with our robus')]
For documentation on this error, please visit: https://www.seleniumhq.org/exceptions/no_such_element.html
Build info: version: '3.141.59', revision: 'e82be7d358', time: '2018-11-14T08:17:03'
System info: host: 'DESKTOP-PN0RVR2', ip: '192.168.14.241', os.name: 'Windows 10', os.arch: 'amd64', os.version: '10.0', java.version: '1.8.0_181'
Driver info: org.openqa.selenium.firefox.FirefoxDriver
Capabilities {acceptInsecureCerts: true, browserName: firefox, browserVersion: 89.0.2, javascriptEnabled: true, moz:accessibilityChecks: false, moz:buildID: 20210622155641, moz:geckodriverVersion: 0.29.1, moz:headless: false, moz:processID: 12548, moz:profile: C:\Users\tarun\AppData\Loca..., moz:shutdownTimeout: 60000, moz:useNonSpecCompliantPointerOrigin: false, moz:webdriverClick: true, pageLoadStrategy: normal, platform: WINDOWS, platformName: WINDOWS, platformVersion: 10.0, setWindowRect: true, strictFileInteractability: false, timeouts: {implicit: 0, pageLoad: 300000, script: 30000}, unhandledPromptBehavior: dismiss and notify}
Session ID: 12535c7f-e3e0-44f3-9568-d8b0585a79b8
*** Element info: {Using=xpath, value=//p[contains(text(),'s functionality with our robus')]}]]>
    </line>
    <line>
      <![CDATA[Retrying test verifyExternalWebsiteLink with status FAILURE for the 2 time(s).]]>
    </line>
    <line>
      <![CDATA[------------------- Starting verifyExternalWebsiteLink Test -------------------]]>
    </line>
    <line>
      <![CDATA[Trying to find element By:By.xpath: //*[@id='accordian']/descendant::div[@class='panel panel-default']/descendant::div[@class='panel-heading']/descendant::a[@href='#mens']]]>
    </line>
    <line>
      <![CDATA[Found element By:By.xpath: //*[@id='accordian']/descendant::div[@class='panel panel-default']/descendant::div[@class='panel-heading']/descendant::a[@href='#mens']]]>
    </line>
    <line>
      <![CDATA[Clicked On: [[FirefoxDriver: firefox on WINDOWS (12535c7f-e3e0-44f3-9568-d8b0585a79b8)] -> xpath: //*[@id='accordian']/descendant::div[@class='panel panel-default']/descendant::div[@class='panel-heading']/descendant::a[@href='#mens']]]]>
    </line>
    <line>
      <![CDATA[Clicked on mensNavigation menu item]]>
    </line>
    <line>
      <![CDATA[Trying to find element By:By.xpath: //*[@id='accordian']/descendant::div[@class='panel panel-default']/descendant::div[@id='mens']/descendant::div[@class='panel-body']/descendant::ul/child::li/child::a[contains(text(),'Valentino')]]]>
    </line>
    <line>
      <![CDATA[Found element By:By.xpath: //*[@id='accordian']/descendant::div[@class='panel panel-default']/descendant::div[@id='mens']/descendant::div[@class='panel-body']/descendant::ul/child::li/child::a[contains(text(),'Valentino')]]]>
    </line>
    <line>
      <![CDATA[Clicked On: [[FirefoxDriver: firefox on WINDOWS (12535c7f-e3e0-44f3-9568-d8b0585a79b8)] -> xpath: //*[@id='accordian']/descendant::div[@class='panel panel-default']/descendant::div[@id='mens']/descendant::div[@class='panel-body']/descendant::ul/child::li/child::a[contains(text(),'Valentino')]]]]>
    </line>
    <line>
      <![CDATA[Clicked on Valentino of Mens]]>
    </line>
    <line>
      <![CDATA[Trying to find element By:By.xpath: //*[@id='footer']/div[3]/div/div/p[2]/span/a]]>
    </line>
    <line>
      <![CDATA[Found element By:By.xpath: //*[@id='footer']/div[3]/div/div/p[2]/span/a]]>
    </line>
    <line>
      <![CDATA[Clicked On: [[FirefoxDriver: firefox on WINDOWS (12535c7f-e3e0-44f3-9568-d8b0585a79b8)] -> xpath: //*[@id='footer']/div[3]/div/div/p[2]/span/a]]]>
    </line>
    <line>
      <![CDATA[Trying to find element By:By.xpath: //*[@id='footer']/div[3]/div/div/p[2]/span/a]]>
    </line>
    <line>
      <![CDATA[Found element By:By.xpath: //*[@id='footer']/div[3]/div/div/p[2]/span/a]]>
    </line>
    <line>
      <![CDATA[Website Link clicked and object is :[[FirefoxDriver: firefox on WINDOWS (12535c7f-e3e0-44f3-9568-d8b0585a79b8)] -> xpath: //*[@id='footer']/div[3]/div/div/p[2]/span/a]]]>
    </line>
    <line>
      <![CDATA[Trying to find element By:By.xpath: //p[contains(text(),'s functionality with our robus')]]]>
    </line>
    <line>
      <![CDATA[Exception Occured org.openqa.selenium.NoSuchElementException: Unable to locate element: //p[contains(text(),'s functionality with our robus')]
For documentation on this error, please visit: https://www.seleniumhq.org/exceptions/no_such_element.html
Build info: version: '3.141.59', revision: 'e82be7d358', time: '2018-11-14T08:17:03'
System info: host: 'DESKTOP-PN0RVR2', ip: '192.168.14.241', os.name: 'Windows 10', os.arch: 'amd64', os.version: '10.0', java.version: '1.8.0_181'
Driver info: org.openqa.selenium.firefox.FirefoxDriver
Capabilities {acceptInsecureCerts: true, browserName: firefox, browserVersion: 89.0.2, javascriptEnabled: true, moz:accessibilityChecks: false, moz:buildID: 20210622155641, moz:geckodriverVersion: 0.29.1, moz:headless: false, moz:processID: 12548, moz:profile: C:\Users\tarun\AppData\Loca..., moz:shutdownTimeout: 60000, moz:useNonSpecCompliantPointerOrigin: false, moz:webdriverClick: true, pageLoadStrategy: normal, platform: WINDOWS, platformName: WINDOWS, platformVersion: 10.0, setWindowRect: true, strictFileInteractability: false, timeouts: {implicit: 0, pageLoad: 300000, script: 30000}, unhandledPromptBehavior: dismiss and notify}
Session ID: 12535c7f-e3e0-44f3-9568-d8b0585a79b8
*** Element info: {Using=xpath, value=//p[contains(text(),'s functionality with our robus')]}]]>
    </line>
    <line>
      <![CDATA[<a href='D:\Workspace\eclipse\PageFactoryFramework\src\main\java\com\pagefactory\framework\screenshot\blank_02_07_2021_11_30_40.png'><img src='D:\Workspace\eclipse\PageFactoryFramework\src\main\java\com\pagefactory\framework\screenshot\blank_02_07_2021_11_30_40.png' height='100' width='100'/> </a]]>
    </line>
    <line>
      <![CDATA[Browser Closed]]>
    </line>
    <line>
      <![CDATA[Creating the object of firefox]]>
    </line>
    <line>
      <![CDATA[Creating the object of firefox]]>
    </line>
    <line>
      <![CDATA[Navigating to the URL:file:///D:/Training/Multisoft/Eshopper/index.html]]>
    </line>
    <line>
      <![CDATA[Navitage to :file:///D:/Training/Multisoft/Eshopper/index.html]]>
    </line>
    <line>
      <![CDATA[Navigating to the URL:file:///D:/Training/Multisoft/Eshopper/index.html]]>
    </line>
    <line>
      <![CDATA[Navitage to :file:///D:/Training/Multisoft/Eshopper/index.html]]>
    </line>
    <line>
      <![CDATA[After Navitage to :file:///D:/Training/Multisoft/Eshopper/index.html]]>
    </line>
    <line>
      <![CDATA[------------------- Starting verifyCreateAccount Test -------------------]]>
    </line>
    <line>
      <![CDATA[Trying to find element By:By.xpath: //*[@id='header']/div[2]/div/div/div[2]/div/ul/li[5]/a]]>
    </line>
    <line>
      <![CDATA[Found element By:By.xpath: //*[@id='header']/div[2]/div/div/div[2]/div/ul/li[5]/a]]>
    </line>
    <line>
      <![CDATA[Clicked On: [[FirefoxDriver: firefox on WINDOWS (379887cf-b71d-4e9b-818f-1cffb2e748e0)] -> xpath: //*[@id='header']/div[2]/div/div/div[2]/div/ul/li[5]/a]]]>
    </line>
    <line>
      <![CDATA[Trying to find element By:By.xpath: //*[@id='form']/div/div/div[3]/div/form/input[1]]]>
    </line>
    <line>
      <![CDATA[Found element By:By.xpath: //*[@id='form']/div/div/div[3]/div/form/input[1]]]>
    </line>
    <line>
      <![CDATA[Value of the WebElement [[FirefoxDriver: firefox on WINDOWS (379887cf-b71d-4e9b-818f-1cffb2e748e0)] -> xpath: //*[@id='form']/div/div/div[3]/div/form/input[1]] before any changes]]>
    </line>
    <line>
      <![CDATA[Value changed to [[FirefoxDriver: firefox on WINDOWS (379887cf-b71d-4e9b-818f-1cffb2e748e0)] -> xpath: //*[@id='form']/div/div/div[3]/div/form/input[1]]]]>
    </line>
    <line>
      <![CDATA[Trying to find element By:By.xpath: //*[@id='form']/div/div/div[3]/div/form/input[1]]]>
    </line>
    <line>
      <![CDATA[Found element By:By.xpath: //*[@id='form']/div/div/div[3]/div/form/input[1]]]>
    </line>
    <line>
      <![CDATA[Value of the WebElement [[FirefoxDriver: firefox on WINDOWS (379887cf-b71d-4e9b-818f-1cffb2e748e0)] -> xpath: //*[@id='form']/div/div/div[3]/div/form/input[1]] before any changes]]>
    </line>
    <line>
      <![CDATA[Value changed to [[FirefoxDriver: firefox on WINDOWS (379887cf-b71d-4e9b-818f-1cffb2e748e0)] -> xpath: //*[@id='form']/div/div/div[3]/div/form/input[1]]]]>
    </line>
    <line>
      <![CDATA[Clicked on Sign In and object is:Hasu]]>
    </line>
    <line>
      <![CDATA[Trying to find element By:By.xpath: //*[@id='form']/div/div/div[3]/div/form/input[2]]]>
    </line>
    <line>
      <![CDATA[Found element By:By.xpath: //*[@id='form']/div/div/div[3]/div/form/input[2]]]>
    </line>
    <line>
      <![CDATA[Value of the WebElement [[FirefoxDriver: firefox on WINDOWS (379887cf-b71d-4e9b-818f-1cffb2e748e0)] -> xpath: //*[@id='form']/div/div/div[3]/div/form/input[2]] before any changes]]>
    </line>
    <line>
      <![CDATA[Value changed to [[FirefoxDriver: firefox on WINDOWS (379887cf-b71d-4e9b-818f-1cffb2e748e0)] -> xpath: //*[@id='form']/div/div/div[3]/div/form/input[2]]]]>
    </line>
    <line>
      <![CDATA[Trying to find element By:By.xpath: //*[@id='form']/div/div/div[3]/div/form/input[2]]]>
    </line>
    <line>
      <![CDATA[Found element By:By.xpath: //*[@id='form']/div/div/div[3]/div/form/input[2]]]>
    </line>
    <line>
      <![CDATA[Value of the WebElement [[FirefoxDriver: firefox on WINDOWS (379887cf-b71d-4e9b-818f-1cffb2e748e0)] -> xpath: //*[@id='form']/div/div/div[3]/div/form/input[2]] before any changes]]>
    </line>
    <line>
      <![CDATA[Value changed to [[FirefoxDriver: firefox on WINDOWS (379887cf-b71d-4e9b-818f-1cffb2e748e0)] -> xpath: //*[@id='form']/div/div/div[3]/div/form/input[2]]]]>
    </line>
    <line>
      <![CDATA[Clicked on Sign In and object is:hasu019@gmail.com]]>
    </line>
    <line>
      <![CDATA[Trying to find element By:By.xpath: //*[@id='form']/div/div/div[3]/div/form/input[3]]]>
    </line>
    <line>
      <![CDATA[Found element By:By.xpath: //*[@id='form']/div/div/div[3]/div/form/input[3]]]>
    </line>
    <line>
      <![CDATA[Value of the WebElement [[FirefoxDriver: firefox on WINDOWS (379887cf-b71d-4e9b-818f-1cffb2e748e0)] -> xpath: //*[@id='form']/div/div/div[3]/div/form/input[3]] before any changes]]>
    </line>
    <line>
      <![CDATA[Value changed to [[FirefoxDriver: firefox on WINDOWS (379887cf-b71d-4e9b-818f-1cffb2e748e0)] -> xpath: //*[@id='form']/div/div/div[3]/div/form/input[3]]]]>
    </line>
    <line>
      <![CDATA[Trying to find element By:By.xpath: //*[@id='form']/div/div/div[3]/div/form/input[3]]]>
    </line>
    <line>
      <![CDATA[Found element By:By.xpath: //*[@id='form']/div/div/div[3]/div/form/input[3]]]>
    </line>
    <line>
      <![CDATA[Value of the WebElement [[FirefoxDriver: firefox on WINDOWS (379887cf-b71d-4e9b-818f-1cffb2e748e0)] -> xpath: //*[@id='form']/div/div/div[3]/div/form/input[3]] before any changes]]>
    </line>
    <line>
      <![CDATA[Value changed to [[FirefoxDriver: firefox on WINDOWS (379887cf-b71d-4e9b-818f-1cffb2e748e0)] -> xpath: //*[@id='form']/div/div/div[3]/div/form/input[3]]]]>
    </line>
    <line>
      <![CDATA[Clicked on Sign In and object is:password]]>
    </line>
    <line>
      <![CDATA[Trying to find element By:By.xpath: //*[@id='header']/div[1]/div/div/div[1]/div/ul/li[1]/a]]>
    </line>
    <line>
      <![CDATA[Found element By:By.xpath: //*[@id='header']/div[1]/div/div/div[1]/div/ul/li[1]/a]]>
    </line>
    <line>
      <![CDATA[------------------- Ending verifyCreateAccount Test -------------------]]>
    </line>
    <line>
      <![CDATA[After Navitage to :file:///D:/Training/Multisoft/Eshopper/index.html]]>
    </line>
    <line>
      <![CDATA[------------------- Starting verifyExternalWebsiteLink Test -------------------]]>
    </line>
    <line>
      <![CDATA[Trying to find element By:By.xpath: //*[@id='accordian']/descendant::div[@class='panel panel-default']/descendant::div[@class='panel-heading']/descendant::a[@href='#mens']]]>
    </line>
    <line>
      <![CDATA[Found element By:By.xpath: //*[@id='accordian']/descendant::div[@class='panel panel-default']/descendant::div[@class='panel-heading']/descendant::a[@href='#mens']]]>
    </line>
    <line>
      <![CDATA[Clicked On: [[FirefoxDriver: firefox on WINDOWS (8d08b637-66a3-4950-b1fd-7a02a05649eb)] -> xpath: //*[@id='accordian']/descendant::div[@class='panel panel-default']/descendant::div[@class='panel-heading']/descendant::a[@href='#mens']]]]>
    </line>
    <line>
      <![CDATA[Clicked on mensNavigation menu item]]>
    </line>
    <line>
      <![CDATA[Trying to find element By:By.xpath: //*[@id='accordian']/descendant::div[@class='panel panel-default']/descendant::div[@id='mens']/descendant::div[@class='panel-body']/descendant::ul/child::li/child::a[contains(text(),'Valentino')]]]>
    </line>
    <line>
      <![CDATA[Found element By:By.xpath: //*[@id='accordian']/descendant::div[@class='panel panel-default']/descendant::div[@id='mens']/descendant::div[@class='panel-body']/descendant::ul/child::li/child::a[contains(text(),'Valentino')]]]>
    </line>
    <line>
      <![CDATA[Clicked On: [[FirefoxDriver: firefox on WINDOWS (8d08b637-66a3-4950-b1fd-7a02a05649eb)] -> xpath: //*[@id='accordian']/descendant::div[@class='panel panel-default']/descendant::div[@id='mens']/descendant::div[@class='panel-body']/descendant::ul/child::li/child::a[contains(text(),'Valentino')]]]]>
    </line>
    <line>
      <![CDATA[Clicked on Valentino of Mens]]>
    </line>
    <line>
      <![CDATA[Trying to find element By:By.xpath: //*[@id='footer']/div[3]/div/div/p[2]/span/a]]>
    </line>
    <line>
      <![CDATA[Found element By:By.xpath: //*[@id='footer']/div[3]/div/div/p[2]/span/a]]>
    </line>
    <line>
      <![CDATA[Clicked On: [[FirefoxDriver: firefox on WINDOWS (8d08b637-66a3-4950-b1fd-7a02a05649eb)] -> xpath: //*[@id='footer']/div[3]/div/div/p[2]/span/a]]]>
    </line>
    <line>
      <![CDATA[Trying to find element By:By.xpath: //*[@id='footer']/div[3]/div/div/p[2]/span/a]]>
    </line>
    <line>
      <![CDATA[Found element By:By.xpath: //*[@id='footer']/div[3]/div/div/p[2]/span/a]]>
    </line>
    <line>
      <![CDATA[Website Link clicked and object is :[[FirefoxDriver: firefox on WINDOWS (8d08b637-66a3-4950-b1fd-7a02a05649eb)] -> xpath: //*[@id='footer']/div[3]/div/div/p[2]/span/a]]]>
    </line>
    <line>
      <![CDATA[Trying to find element By:By.xpath: //p[contains(text(),'s functionality with our robus')]]]>
    </line>
    <line>
      <![CDATA[Exception Occured org.openqa.selenium.NoSuchElementException: Unable to locate element: //p[contains(text(),'s functionality with our robus')]
For documentation on this error, please visit: https://www.seleniumhq.org/exceptions/no_such_element.html
Build info: version: '3.141.59', revision: 'e82be7d358', time: '2018-11-14T08:17:03'
System info: host: 'DESKTOP-PN0RVR2', ip: '192.168.14.241', os.name: 'Windows 10', os.arch: 'amd64', os.version: '10.0', java.version: '1.8.0_181'
Driver info: org.openqa.selenium.firefox.FirefoxDriver
Capabilities {acceptInsecureCerts: true, browserName: firefox, browserVersion: 89.0.2, javascriptEnabled: true, moz:accessibilityChecks: false, moz:buildID: 20210622155641, moz:geckodriverVersion: 0.29.1, moz:headless: false, moz:processID: 14312, moz:profile: C:\Users\tarun\AppData\Loca..., moz:shutdownTimeout: 60000, moz:useNonSpecCompliantPointerOrigin: false, moz:webdriverClick: true, pageLoadStrategy: normal, platform: WINDOWS, platformName: WINDOWS, platformVersion: 10.0, setWindowRect: true, strictFileInteractability: false, timeouts: {implicit: 0, pageLoad: 300000, script: 30000}, unhandledPromptBehavior: dismiss and notify}
Session ID: 8d08b637-66a3-4950-b1fd-7a02a05649eb
*** Element info: {Using=xpath, value=//p[contains(text(),'s functionality with our robus')]}]]>
    </line>
    <line>
      <![CDATA[<a href='D:\Workspace\eclipse\PageFactoryFramework\src\main\java\com\pagefactory\framework\screenshot\blank_02_07_2021_11_31_57.png'><img src='D:\Workspace\eclipse\PageFactoryFramework\src\main\java\com\pagefactory\framework\screenshot\blank_02_07_2021_11_31_57.png' height='100' width='100'/> </a]]>
    </line>
    <line>
      <![CDATA[Browser Closed]]>
    </line>
    <line>
      <![CDATA[Browser Closed]]>
    </line>
  </reporter-output>
  <suite name="RegressionSuite" duration-ms="309195" started-at="2021-07-02T05:57:03Z" finished-at="2021-07-02T06:02:12Z">
    <groups>
    </groups>
    <test name="CompleteTest1" duration-ms="219384" started-at="2021-07-02T05:57:03Z" finished-at="2021-07-02T06:00:42Z">
      <class name="com.pagefactory.framework.homepage.TC002_VerifyCreateAccount">
        <test-method status="PASS" signature="setup()[pri:0, instance:com.pagefactory.framework.homepage.TC002_VerifyCreateAccount@3dfc5fb8]" name="setup" is-config="true" duration-ms="31888" started-at="2021-07-02T11:27:03Z" finished-at="2021-07-02T11:27:35Z">
          <reporter-output>
            <line>
              <![CDATA[Creating the object of firefox]]>
            </line>
            <line>
              <![CDATA[Navigating to the URL:file:///D:/Training/Multisoft/Eshopper/index.html]]>
            </line>
            <line>
              <![CDATA[Navitage to :file:///D:/Training/Multisoft/Eshopper/index.html]]>
            </line>
            <line>
              <![CDATA[After Navitage to :file:///D:/Training/Multisoft/Eshopper/index.html]]>
            </line>
          </reporter-output>
        </test-method> <!-- setup -->
        <test-method status="PASS" signature="beforeMethod(java.lang.reflect.Method)[pri:0, instance:com.pagefactory.framework.homepage.TC002_VerifyCreateAccount@3dfc5fb8]" name="beforeMethod" is-config="true" duration-ms="362" started-at="2021-07-02T11:27:35Z" finished-at="2021-07-02T11:27:35Z">
          <params>
            <param index="0">
              <value>
                <![CDATA[public void com.pagefactory.framework.homepage.TC002_VerifyCreateAccount.verifyCreateAccount()]]>
              </value>
            </param>
          </params>
          <reporter-output>
          </reporter-output>
        </test-method> <!-- beforeMethod -->
        <test-method status="PASS" signature="verifyCreateAccount()[pri:0, instance:com.pagefactory.framework.homepage.TC002_VerifyCreateAccount@3dfc5fb8]" name="verifyCreateAccount" duration-ms="2740" started-at="2021-07-02T11:27:35Z" finished-at="2021-07-02T11:27:38Z">
          <reporter-output>
            <line>
              <![CDATA[------------------- Starting verifyCreateAccount Test -------------------]]>
            </line>
            <line>
              <![CDATA[Trying to find element By:By.xpath: //*[@id='header']/div[2]/div/div/div[2]/div/ul/li[5]/a]]>
            </line>
            <line>
              <![CDATA[Found element By:By.xpath: //*[@id='header']/div[2]/div/div/div[2]/div/ul/li[5]/a]]>
            </line>
            <line>
              <![CDATA[Clicked On: [[FirefoxDriver: firefox on WINDOWS (e8642139-6e64-442b-b41b-7e5723b2ae89)] -> xpath: //*[@id='header']/div[2]/div/div/div[2]/div/ul/li[5]/a]]]>
            </line>
            <line>
              <![CDATA[Trying to find element By:By.xpath: //*[@id='form']/div/div/div[3]/div/form/input[1]]]>
            </line>
            <line>
              <![CDATA[Found element By:By.xpath: //*[@id='form']/div/div/div[3]/div/form/input[1]]]>
            </line>
            <line>
              <![CDATA[Value of the WebElement [[FirefoxDriver: firefox on WINDOWS (e8642139-6e64-442b-b41b-7e5723b2ae89)] -> xpath: //*[@id='form']/div/div/div[3]/div/form/input[1]] before any changes]]>
            </line>
            <line>
              <![CDATA[Value changed to [[FirefoxDriver: firefox on WINDOWS (e8642139-6e64-442b-b41b-7e5723b2ae89)] -> xpath: //*[@id='form']/div/div/div[3]/div/form/input[1]]]]>
            </line>
            <line>
              <![CDATA[Trying to find element By:By.xpath: //*[@id='form']/div/div/div[3]/div/form/input[1]]]>
            </line>
            <line>
              <![CDATA[Found element By:By.xpath: //*[@id='form']/div/div/div[3]/div/form/input[1]]]>
            </line>
            <line>
              <![CDATA[Value of the WebElement [[FirefoxDriver: firefox on WINDOWS (e8642139-6e64-442b-b41b-7e5723b2ae89)] -> xpath: //*[@id='form']/div/div/div[3]/div/form/input[1]] before any changes]]>
            </line>
            <line>
              <![CDATA[Value changed to [[FirefoxDriver: firefox on WINDOWS (e8642139-6e64-442b-b41b-7e5723b2ae89)] -> xpath: //*[@id='form']/div/div/div[3]/div/form/input[1]]]]>
            </line>
            <line>
              <![CDATA[Clicked on Sign In and object is:Hasu]]>
            </line>
            <line>
              <![CDATA[Trying to find element By:By.xpath: //*[@id='form']/div/div/div[3]/div/form/input[2]]]>
            </line>
            <line>
              <![CDATA[Found element By:By.xpath: //*[@id='form']/div/div/div[3]/div/form/input[2]]]>
            </line>
            <line>
              <![CDATA[Value of the WebElement [[FirefoxDriver: firefox on WINDOWS (e8642139-6e64-442b-b41b-7e5723b2ae89)] -> xpath: //*[@id='form']/div/div/div[3]/div/form/input[2]] before any changes]]>
            </line>
            <line>
              <![CDATA[Value changed to [[FirefoxDriver: firefox on WINDOWS (e8642139-6e64-442b-b41b-7e5723b2ae89)] -> xpath: //*[@id='form']/div/div/div[3]/div/form/input[2]]]]>
            </line>
            <line>
              <![CDATA[Trying to find element By:By.xpath: //*[@id='form']/div/div/div[3]/div/form/input[2]]]>
            </line>
            <line>
              <![CDATA[Found element By:By.xpath: //*[@id='form']/div/div/div[3]/div/form/input[2]]]>
            </line>
            <line>
              <![CDATA[Value of the WebElement [[FirefoxDriver: firefox on WINDOWS (e8642139-6e64-442b-b41b-7e5723b2ae89)] -> xpath: //*[@id='form']/div/div/div[3]/div/form/input[2]] before any changes]]>
            </line>
            <line>
              <![CDATA[Value changed to [[FirefoxDriver: firefox on WINDOWS (e8642139-6e64-442b-b41b-7e5723b2ae89)] -> xpath: //*[@id='form']/div/div/div[3]/div/form/input[2]]]]>
            </line>
            <line>
              <![CDATA[Clicked on Sign In and object is:hasu019@gmail.com]]>
            </line>
            <line>
              <![CDATA[Trying to find element By:By.xpath: //*[@id='form']/div/div/div[3]/div/form/input[3]]]>
            </line>
            <line>
              <![CDATA[Found element By:By.xpath: //*[@id='form']/div/div/div[3]/div/form/input[3]]]>
            </line>
            <line>
              <![CDATA[Value of the WebElement [[FirefoxDriver: firefox on WINDOWS (e8642139-6e64-442b-b41b-7e5723b2ae89)] -> xpath: //*[@id='form']/div/div/div[3]/div/form/input[3]] before any changes]]>
            </line>
            <line>
              <![CDATA[Value changed to [[FirefoxDriver: firefox on WINDOWS (e8642139-6e64-442b-b41b-7e5723b2ae89)] -> xpath: //*[@id='form']/div/div/div[3]/div/form/input[3]]]]>
            </line>
            <line>
              <![CDATA[Trying to find element By:By.xpath: //*[@id='form']/div/div/div[3]/div/form/input[3]]]>
            </line>
            <line>
              <![CDATA[Found element By:By.xpath: //*[@id='form']/div/div/div[3]/div/form/input[3]]]>
            </line>
            <line>
              <![CDATA[Value of the WebElement [[FirefoxDriver: firefox on WINDOWS (e8642139-6e64-442b-b41b-7e5723b2ae89)] -> xpath: //*[@id='form']/div/div/div[3]/div/form/input[3]] before any changes]]>
            </line>
            <line>
              <![CDATA[Value changed to [[FirefoxDriver: firefox on WINDOWS (e8642139-6e64-442b-b41b-7e5723b2ae89)] -> xpath: //*[@id='form']/div/div/div[3]/div/form/input[3]]]]>
            </line>
            <line>
              <![CDATA[Clicked on Sign In and object is:password]]>
            </line>
            <line>
              <![CDATA[Trying to find element By:By.xpath: //*[@id='header']/div[1]/div/div/div[1]/div/ul/li[1]/a]]>
            </line>
            <line>
              <![CDATA[Found element By:By.xpath: //*[@id='header']/div[1]/div/div/div[1]/div/ul/li[1]/a]]>
            </line>
            <line>
              <![CDATA[------------------- Ending verifyCreateAccount Test -------------------]]>
            </line>
          </reporter-output>
        </test-method> <!-- verifyCreateAccount -->
        <test-method status="PASS" signature="afterMethod(org.testng.ITestResult)[pri:0, instance:com.pagefactory.framework.homepage.TC002_VerifyCreateAccount@3dfc5fb8]" name="afterMethod" is-config="true" duration-ms="0" started-at="2021-07-02T11:27:38Z" finished-at="2021-07-02T11:27:38Z">
          <params>
            <param index="0">
              <value>
                <![CDATA[[TestResult name=verifyCreateAccount status=SUCCESS method=TC002_VerifyCreateAccount.verifyCreateAccount()[pri:0, instance:com.pagefactory.framework.homepage.TC002_VerifyCreateAccount@3dfc5fb8] output=------------------- Starting verifyCreateAccount Test -------------------]]]>
              </value>
            </param>
          </params>
          <reporter-output>
          </reporter-output>
        </test-method> <!-- afterMethod -->
        <test-method status="PASS" signature="endTest()[pri:0, instance:com.pagefactory.framework.homepage.TC002_VerifyCreateAccount@3dfc5fb8]" name="endTest" is-config="true" duration-ms="9805" started-at="2021-07-02T11:27:38Z" finished-at="2021-07-02T11:27:48Z">
          <reporter-output>
            <line>
              <![CDATA[Browser Closed]]>
            </line>
          </reporter-output>
        </test-method> <!-- endTest -->
      </class> <!-- com.pagefactory.framework.homepage.TC002_VerifyCreateAccount -->
      <class name="com.pagefactory.framework.homepage.TC003_VerifyLoginWithDifferentData">
        <test-method status="PASS" signature="setup()[pri:0, instance:com.pagefactory.framework.homepage.TC003_VerifyLoginWithDifferentData@467aecef]" name="setup" is-config="true" duration-ms="31491" started-at="2021-07-02T11:27:03Z" finished-at="2021-07-02T11:27:34Z">
          <reporter-output>
            <line>
              <![CDATA[Creating the object of firefox]]>
            </line>
            <line>
              <![CDATA[Navigating to the URL:file:///D:/Training/Multisoft/Eshopper/index.html]]>
            </line>
            <line>
              <![CDATA[Navitage to :file:///D:/Training/Multisoft/Eshopper/index.html]]>
            </line>
            <line>
              <![CDATA[After Navitage to :file:///D:/Training/Multisoft/Eshopper/index.html]]>
            </line>
          </reporter-output>
        </test-method> <!-- setup -->
        <test-method status="PASS" signature="beforeMethod(java.lang.reflect.Method)[pri:0, instance:com.pagefactory.framework.homepage.TC003_VerifyLoginWithDifferentData@467aecef]" name="beforeMethod" is-config="true" duration-ms="9" started-at="2021-07-02T11:27:48Z" finished-at="2021-07-02T11:27:48Z">
          <params>
            <param index="0">
              <value>
                <![CDATA[public void com.pagefactory.framework.homepage.TC003_VerifyLoginWithDifferentData.createAccountDifferentRecordsTest(java.lang.String,java.lang.String,java.lang.String,java.lang.String)]]>
              </value>
            </param>
          </params>
          <reporter-output>
          </reporter-output>
        </test-method> <!-- beforeMethod -->
        <test-method status="PASS" signature="createAccountDifferentRecordsTest(java.lang.String, java.lang.String, java.lang.String, java.lang.String)[pri:0, instance:com.pagefactory.framework.homepage.TC003_VerifyLoginWithDifferentData@467aecef]" name="createAccountDifferentRecordsTest" duration-ms="1020" started-at="2021-07-02T11:27:48Z" data-provider="createAccountData" finished-at="2021-07-02T11:27:49Z">
          <params>
            <param index="0">
              <value>
                <![CDATA[Alex]]>
              </value>
            </param>
            <param index="1">
              <value>
                <![CDATA[a@a.com]]>
              </value>
            </param>
            <param index="2">
              <value>
                <![CDATA[password]]>
              </value>
            </param>
            <param index="3">
              <value>
                <![CDATA[y]]>
              </value>
            </param>
          </params>
          <reporter-output>
            <line>
              <![CDATA[Trying to find element By:By.xpath: //*[@id='header']/div[2]/div/div/div[2]/div/ul/li[5]/a]]>
            </line>
            <line>
              <![CDATA[Found element By:By.xpath: //*[@id='header']/div[2]/div/div/div[2]/div/ul/li[5]/a]]>
            </line>
            <line>
              <![CDATA[Clicked On: [[FirefoxDriver: firefox on WINDOWS (14da6ee2-560f-42a5-b71d-39e1549b6d5a)] -> xpath: //*[@id='header']/div[2]/div/div/div[2]/div/ul/li[5]/a]]]>
            </line>
            <line>
              <![CDATA[------------------- Starting createAccountDifferentRecordsTest Test -------------------]]>
            </line>
            <line>
              <![CDATA[Trying to find element By:By.xpath: //*[@id='header']/div[2]/div/div/div[2]/div/ul/li[5]/a]]>
            </line>
            <line>
              <![CDATA[Found element By:By.xpath: //*[@id='header']/div[2]/div/div/div[2]/div/ul/li[5]/a]]>
            </line>
            <line>
              <![CDATA[Clicked On: [[FirefoxDriver: firefox on WINDOWS (14da6ee2-560f-42a5-b71d-39e1549b6d5a)] -> xpath: //*[@id='header']/div[2]/div/div/div[2]/div/ul/li[5]/a]]]>
            </line>
            <line>
              <![CDATA[Trying to find element By:By.xpath: //*[@id='form']/div/div/div[3]/div/form/input[1]]]>
            </line>
            <line>
              <![CDATA[Found element By:By.xpath: //*[@id='form']/div/div/div[3]/div/form/input[1]]]>
            </line>
            <line>
              <![CDATA[Value of the WebElement [[FirefoxDriver: firefox on WINDOWS (14da6ee2-560f-42a5-b71d-39e1549b6d5a)] -> xpath: //*[@id='form']/div/div/div[3]/div/form/input[1]] before any changes]]>
            </line>
            <line>
              <![CDATA[Value changed to [[FirefoxDriver: firefox on WINDOWS (14da6ee2-560f-42a5-b71d-39e1549b6d5a)] -> xpath: //*[@id='form']/div/div/div[3]/div/form/input[1]]]]>
            </line>
            <line>
              <![CDATA[Trying to find element By:By.xpath: //*[@id='form']/div/div/div[3]/div/form/input[1]]]>
            </line>
            <line>
              <![CDATA[Found element By:By.xpath: //*[@id='form']/div/div/div[3]/div/form/input[1]]]>
            </line>
            <line>
              <![CDATA[Value of the WebElement [[FirefoxDriver: firefox on WINDOWS (14da6ee2-560f-42a5-b71d-39e1549b6d5a)] -> xpath: //*[@id='form']/div/div/div[3]/div/form/input[1]] before any changes]]>
            </line>
            <line>
              <![CDATA[Value changed to [[FirefoxDriver: firefox on WINDOWS (14da6ee2-560f-42a5-b71d-39e1549b6d5a)] -> xpath: //*[@id='form']/div/div/div[3]/div/form/input[1]]]]>
            </line>
            <line>
              <![CDATA[Clicked on Sign In and object is:Alex]]>
            </line>
            <line>
              <![CDATA[Trying to find element By:By.xpath: //*[@id='form']/div/div/div[3]/div/form/input[2]]]>
            </line>
            <line>
              <![CDATA[Found element By:By.xpath: //*[@id='form']/div/div/div[3]/div/form/input[2]]]>
            </line>
            <line>
              <![CDATA[Value of the WebElement [[FirefoxDriver: firefox on WINDOWS (14da6ee2-560f-42a5-b71d-39e1549b6d5a)] -> xpath: //*[@id='form']/div/div/div[3]/div/form/input[2]] before any changes]]>
            </line>
            <line>
              <![CDATA[Value changed to [[FirefoxDriver: firefox on WINDOWS (14da6ee2-560f-42a5-b71d-39e1549b6d5a)] -> xpath: //*[@id='form']/div/div/div[3]/div/form/input[2]]]]>
            </line>
            <line>
              <![CDATA[Trying to find element By:By.xpath: //*[@id='form']/div/div/div[3]/div/form/input[2]]]>
            </line>
            <line>
              <![CDATA[Found element By:By.xpath: //*[@id='form']/div/div/div[3]/div/form/input[2]]]>
            </line>
            <line>
              <![CDATA[Value of the WebElement [[FirefoxDriver: firefox on WINDOWS (14da6ee2-560f-42a5-b71d-39e1549b6d5a)] -> xpath: //*[@id='form']/div/div/div[3]/div/form/input[2]] before any changes]]>
            </line>
            <line>
              <![CDATA[Value changed to [[FirefoxDriver: firefox on WINDOWS (14da6ee2-560f-42a5-b71d-39e1549b6d5a)] -> xpath: //*[@id='form']/div/div/div[3]/div/form/input[2]]]]>
            </line>
            <line>
              <![CDATA[Clicked on Sign In and object is:a@a.com]]>
            </line>
            <line>
              <![CDATA[Trying to find element By:By.xpath: //*[@id='form']/div/div/div[3]/div/form/input[3]]]>
            </line>
            <line>
              <![CDATA[Found element By:By.xpath: //*[@id='form']/div/div/div[3]/div/form/input[3]]]>
            </line>
            <line>
              <![CDATA[Value of the WebElement [[FirefoxDriver: firefox on WINDOWS (14da6ee2-560f-42a5-b71d-39e1549b6d5a)] -> xpath: //*[@id='form']/div/div/div[3]/div/form/input[3]] before any changes]]>
            </line>
            <line>
              <![CDATA[Value changed to [[FirefoxDriver: firefox on WINDOWS (14da6ee2-560f-42a5-b71d-39e1549b6d5a)] -> xpath: //*[@id='form']/div/div/div[3]/div/form/input[3]]]]>
            </line>
            <line>
              <![CDATA[Trying to find element By:By.xpath: //*[@id='form']/div/div/div[3]/div/form/input[3]]]>
            </line>
            <line>
              <![CDATA[Found element By:By.xpath: //*[@id='form']/div/div/div[3]/div/form/input[3]]]>
            </line>
            <line>
              <![CDATA[Value of the WebElement [[FirefoxDriver: firefox on WINDOWS (14da6ee2-560f-42a5-b71d-39e1549b6d5a)] -> xpath: //*[@id='form']/div/div/div[3]/div/form/input[3]] before any changes]]>
            </line>
            <line>
              <![CDATA[Value changed to [[FirefoxDriver: firefox on WINDOWS (14da6ee2-560f-42a5-b71d-39e1549b6d5a)] -> xpath: //*[@id='form']/div/div/div[3]/div/form/input[3]]]]>
            </line>
            <line>
              <![CDATA[Clicked on Sign In and object is:password]]>
            </line>
            <line>
              <![CDATA[Trying to find element By:By.xpath: //*[@id='header']/div[1]/div/div/div[1]/div/ul/li[1]/a]]>
            </line>
            <line>
              <![CDATA[Found element By:By.xpath: //*[@id='header']/div[1]/div/div/div[1]/div/ul/li[1]/a]]>
            </line>
            <line>
              <![CDATA[<a href='D:\Workspace\eclipse\PageFactoryFramework\src\main\java\com\pagefactory\framework\screenshot\createAccountDifferentRecordsTestAlex_02_07_2021_11_27_49.png'><img src='D:\Workspace\eclipse\PageFactoryFramework\src\main\java\com\pagefactory\framework\screenshot\createAccountDifferentRecordsTestAlex_02_07_2021_11_27_49.png' height='100' width='100'/> </a]]>
            </line>
            <line>
              <![CDATA[------------------- Ending createAccountDifferentRecordsTest Test -------------------]]>
            </line>
          </reporter-output>
        </test-method> <!-- createAccountDifferentRecordsTest -->
        <test-method status="PASS" signature="afterMethod(org.testng.ITestResult)[pri:0, instance:com.pagefactory.framework.homepage.TC003_VerifyLoginWithDifferentData@467aecef]" name="afterMethod" is-config="true" duration-ms="1" started-at="2021-07-02T11:27:49Z" finished-at="2021-07-02T11:27:49Z">
          <params>
            <param index="0">
              <value>
                <![CDATA[[TestResult name=createAccountDifferentRecordsTest status=SUCCESS method=TC003_VerifyLoginWithDifferentData.createAccountDifferentRecordsTest(java.lang.String, java.lang.String, java.lang.String, java.lang.String)[pri:0, instance:com.pagefactory.framework.homepage.TC003_VerifyLoginWithDifferentData@467aecef] output=Trying to find element By:By.xpath: //*[@id='header']/div[2]/div/div/div[2]/div/ul/li[5]/a]]]>
              </value>
            </param>
          </params>
          <reporter-output>
          </reporter-output>
        </test-method> <!-- afterMethod -->
        <test-method status="SKIP" signature="createAccountDifferentRecordsTest(java.lang.String, java.lang.String, java.lang.String, java.lang.String)[pri:0, instance:com.pagefactory.framework.homepage.TC003_VerifyLoginWithDifferentData@467aecef]" name="createAccountDifferentRecordsTest" duration-ms="2" started-at="2021-07-02T11:27:49Z" data-provider="createAccountData" finished-at="2021-07-02T11:27:49Z">
          <params>
            <param index="0">
              <value>
                <![CDATA[Bhavik]]>
              </value>
            </param>
            <param index="1">
              <value>
                <![CDATA[b@b.com]]>
              </value>
            </param>
            <param index="2">
              <value>
                <![CDATA[password]]>
              </value>
            </param>
            <param index="3">
              <value>
                <![CDATA[n]]>
              </value>
            </param>
          </params>
          <exception class="org.testng.SkipException">
            <message>
              <![CDATA[This record is marked this as no Run ]]>
            </message>
            <full-stacktrace>
              <![CDATA[org.testng.SkipException: This record is marked this as no Run 
	at com.pagefactory.framework.homepage.TC003_VerifyLoginWithDifferentData.createAccountDifferentRecordsTest(TC003_VerifyLoginWithDifferentData.java:37)
	at sun.reflect.NativeMethodAccessorImpl.invoke0(Native Method)
	at sun.reflect.NativeMethodAccessorImpl.invoke(NativeMethodAccessorImpl.java:62)
	at sun.reflect.DelegatingMethodAccessorImpl.invoke(DelegatingMethodAccessorImpl.java:43)
	at java.lang.reflect.Method.invoke(Method.java:498)
	at org.testng.internal.MethodInvocationHelper.invokeMethod(MethodInvocationHelper.java:104)
	at org.testng.internal.Invoker.invokeMethod(Invoker.java:645)
	at org.testng.internal.Invoker.invokeTestMethod(Invoker.java:851)
	at org.testng.internal.Invoker.invokeTestMethods(Invoker.java:1177)
	at org.testng.internal.TestMethodWorker.invokeTestMethods(TestMethodWorker.java:129)
	at org.testng.internal.TestMethodWorker.run(TestMethodWorker.java:112)
	at java.util.concurrent.ThreadPoolExecutor.runWorker(ThreadPoolExecutor.java:1149)
	at java.util.concurrent.ThreadPoolExecutor$Worker.run(ThreadPoolExecutor.java:624)
	at java.lang.Thread.run(Thread.java:748)
]]>
            </full-stacktrace>
          </exception> <!-- org.testng.SkipException -->
          <reporter-output>
          </reporter-output>
        </test-method> <!-- createAccountDifferentRecordsTest -->
        <test-method status="PASS" signature="beforeMethod(java.lang.reflect.Method)[pri:0, instance:com.pagefactory.framework.homepage.TC003_VerifyLoginWithDifferentData@467aecef]" name="beforeMethod" is-config="true" duration-ms="0" started-at="2021-07-02T11:27:49Z" finished-at="2021-07-02T11:27:49Z">
          <params>
            <param index="0">
              <value>
                <![CDATA[public void com.pagefactory.framework.homepage.TC003_VerifyLoginWithDifferentData.createAccountDifferentRecordsTest(java.lang.String,java.lang.String,java.lang.String,java.lang.String)]]>
              </value>
            </param>
          </params>
          <reporter-output>
          </reporter-output>
        </test-method> <!-- beforeMethod -->
        <test-method status="PASS" signature="afterMethod(org.testng.ITestResult)[pri:0, instance:com.pagefactory.framework.homepage.TC003_VerifyLoginWithDifferentData@467aecef]" name="afterMethod" is-config="true" duration-ms="0" started-at="2021-07-02T11:27:49Z" finished-at="2021-07-02T11:27:49Z">
          <params>
            <param index="0">
              <value>
                <![CDATA[[TestResult name=createAccountDifferentRecordsTest status=SKIP method=TC003_VerifyLoginWithDifferentData.createAccountDifferentRecordsTest(java.lang.String, java.lang.String, java.lang.String, java.lang.String)[pri:0, instance:com.pagefactory.framework.homepage.TC003_VerifyLoginWithDifferentData@467aecef] output={null}]]]>
              </value>
            </param>
          </params>
          <reporter-output>
          </reporter-output>
        </test-method> <!-- afterMethod -->
        <test-method status="SKIP" signature="createAccountDifferentRecordsTest(java.lang.String, java.lang.String, java.lang.String, java.lang.String)[pri:0, instance:com.pagefactory.framework.homepage.TC003_VerifyLoginWithDifferentData@467aecef]" name="createAccountDifferentRecordsTest" duration-ms="2" started-at="2021-07-02T11:27:49Z" data-provider="createAccountData" finished-at="2021-07-02T11:27:49Z">
          <params>
            <param index="0">
              <value>
                <![CDATA[Child]]>
              </value>
            </param>
            <param index="1">
              <value>
                <![CDATA[c@c.com]]>
              </value>
            </param>
            <param index="2">
              <value>
                <![CDATA[password]]>
              </value>
            </param>
            <param index="3">
              <value>
                <![CDATA[n]]>
              </value>
            </param>
          </params>
          <exception class="org.testng.SkipException">
            <message>
              <![CDATA[This record is marked this as no Run ]]>
            </message>
            <full-stacktrace>
              <![CDATA[org.testng.SkipException: This record is marked this as no Run 
	at com.pagefactory.framework.homepage.TC003_VerifyLoginWithDifferentData.createAccountDifferentRecordsTest(TC003_VerifyLoginWithDifferentData.java:37)
	at sun.reflect.NativeMethodAccessorImpl.invoke0(Native Method)
	at sun.reflect.NativeMethodAccessorImpl.invoke(NativeMethodAccessorImpl.java:62)
	at sun.reflect.DelegatingMethodAccessorImpl.invoke(DelegatingMethodAccessorImpl.java:43)
	at java.lang.reflect.Method.invoke(Method.java:498)
	at org.testng.internal.MethodInvocationHelper.invokeMethod(MethodInvocationHelper.java:104)
	at org.testng.internal.Invoker.invokeMethod(Invoker.java:645)
	at org.testng.internal.Invoker.invokeTestMethod(Invoker.java:851)
	at org.testng.internal.Invoker.invokeTestMethods(Invoker.java:1177)
	at org.testng.internal.TestMethodWorker.invokeTestMethods(TestMethodWorker.java:129)
	at org.testng.internal.TestMethodWorker.run(TestMethodWorker.java:112)
	at java.util.concurrent.ThreadPoolExecutor.runWorker(ThreadPoolExecutor.java:1149)
	at java.util.concurrent.ThreadPoolExecutor$Worker.run(ThreadPoolExecutor.java:624)
	at java.lang.Thread.run(Thread.java:748)
]]>
            </full-stacktrace>
          </exception> <!-- org.testng.SkipException -->
          <reporter-output>
          </reporter-output>
        </test-method> <!-- createAccountDifferentRecordsTest -->
        <test-method status="PASS" signature="beforeMethod(java.lang.reflect.Method)[pri:0, instance:com.pagefactory.framework.homepage.TC003_VerifyLoginWithDifferentData@467aecef]" name="beforeMethod" is-config="true" duration-ms="0" started-at="2021-07-02T11:27:49Z" finished-at="2021-07-02T11:27:49Z">
          <params>
            <param index="0">
              <value>
                <![CDATA[public void com.pagefactory.framework.homepage.TC003_VerifyLoginWithDifferentData.createAccountDifferentRecordsTest(java.lang.String,java.lang.String,java.lang.String,java.lang.String)]]>
              </value>
            </param>
          </params>
          <reporter-output>
          </reporter-output>
        </test-method> <!-- beforeMethod -->
        <test-method status="PASS" signature="afterMethod(org.testng.ITestResult)[pri:0, instance:com.pagefactory.framework.homepage.TC003_VerifyLoginWithDifferentData@467aecef]" name="afterMethod" is-config="true" duration-ms="0" started-at="2021-07-02T11:27:49Z" finished-at="2021-07-02T11:27:49Z">
          <params>
            <param index="0">
              <value>
                <![CDATA[[TestResult name=createAccountDifferentRecordsTest status=SKIP method=TC003_VerifyLoginWithDifferentData.createAccountDifferentRecordsTest(java.lang.String, java.lang.String, java.lang.String, java.lang.String)[pri:0, instance:com.pagefactory.framework.homepage.TC003_VerifyLoginWithDifferentData@467aecef] output={null}]]]>
              </value>
            </param>
          </params>
          <reporter-output>
          </reporter-output>
        </test-method> <!-- afterMethod -->
        <test-method status="PASS" signature="beforeMethod(java.lang.reflect.Method)[pri:0, instance:com.pagefactory.framework.homepage.TC003_VerifyLoginWithDifferentData@467aecef]" name="beforeMethod" is-config="true" duration-ms="0" started-at="2021-07-02T11:27:49Z" finished-at="2021-07-02T11:27:49Z">
          <params>
            <param index="0">
              <value>
                <![CDATA[public void com.pagefactory.framework.homepage.TC003_VerifyLoginWithDifferentData.createAccountDifferentRecordsTest(java.lang.String,java.lang.String,java.lang.String,java.lang.String)]]>
              </value>
            </param>
          </params>
          <reporter-output>
          </reporter-output>
        </test-method> <!-- beforeMethod -->
        <test-method status="SKIP" signature="createAccountDifferentRecordsTest(java.lang.String, java.lang.String, java.lang.String, java.lang.String)[pri:0, instance:com.pagefactory.framework.homepage.TC003_VerifyLoginWithDifferentData@467aecef]" name="createAccountDifferentRecordsTest" duration-ms="1" started-at="2021-07-02T11:27:49Z" data-provider="createAccountData" finished-at="2021-07-02T11:27:49Z">
          <params>
            <param index="0">
              <value>
                <![CDATA[Denmark]]>
              </value>
            </param>
            <param index="1">
              <value>
                <![CDATA[d@d.com]]>
              </value>
            </param>
            <param index="2">
              <value>
                <![CDATA[password]]>
              </value>
            </param>
            <param index="3">
              <value>
                <![CDATA[n]]>
              </value>
            </param>
          </params>
          <exception class="org.testng.SkipException">
            <message>
              <![CDATA[This record is marked this as no Run ]]>
            </message>
            <full-stacktrace>
              <![CDATA[org.testng.SkipException: This record is marked this as no Run 
	at com.pagefactory.framework.homepage.TC003_VerifyLoginWithDifferentData.createAccountDifferentRecordsTest(TC003_VerifyLoginWithDifferentData.java:37)
	at sun.reflect.NativeMethodAccessorImpl.invoke0(Native Method)
	at sun.reflect.NativeMethodAccessorImpl.invoke(NativeMethodAccessorImpl.java:62)
	at sun.reflect.DelegatingMethodAccessorImpl.invoke(DelegatingMethodAccessorImpl.java:43)
	at java.lang.reflect.Method.invoke(Method.java:498)
	at org.testng.internal.MethodInvocationHelper.invokeMethod(MethodInvocationHelper.java:104)
	at org.testng.internal.Invoker.invokeMethod(Invoker.java:645)
	at org.testng.internal.Invoker.invokeTestMethod(Invoker.java:851)
	at org.testng.internal.Invoker.invokeTestMethods(Invoker.java:1177)
	at org.testng.internal.TestMethodWorker.invokeTestMethods(TestMethodWorker.java:129)
	at org.testng.internal.TestMethodWorker.run(TestMethodWorker.java:112)
	at java.util.concurrent.ThreadPoolExecutor.runWorker(ThreadPoolExecutor.java:1149)
	at java.util.concurrent.ThreadPoolExecutor$Worker.run(ThreadPoolExecutor.java:624)
	at java.lang.Thread.run(Thread.java:748)
]]>
            </full-stacktrace>
          </exception> <!-- org.testng.SkipException -->
          <reporter-output>
          </reporter-output>
        </test-method> <!-- createAccountDifferentRecordsTest -->
        <test-method status="PASS" signature="afterMethod(org.testng.ITestResult)[pri:0, instance:com.pagefactory.framework.homepage.TC003_VerifyLoginWithDifferentData@467aecef]" name="afterMethod" is-config="true" duration-ms="0" started-at="2021-07-02T11:27:49Z" finished-at="2021-07-02T11:27:49Z">
          <params>
            <param index="0">
              <value>
                <![CDATA[[TestResult name=createAccountDifferentRecordsTest status=SKIP method=TC003_VerifyLoginWithDifferentData.createAccountDifferentRecordsTest(java.lang.String, java.lang.String, java.lang.String, java.lang.String)[pri:0, instance:com.pagefactory.framework.homepage.TC003_VerifyLoginWithDifferentData@467aecef] output={null}]]]>
              </value>
            </param>
          </params>
          <reporter-output>
          </reporter-output>
        </test-method> <!-- afterMethod -->
        <test-method status="PASS" signature="beforeMethod(java.lang.reflect.Method)[pri:0, instance:com.pagefactory.framework.homepage.TC003_VerifyLoginWithDifferentData@467aecef]" name="beforeMethod" is-config="true" duration-ms="0" started-at="2021-07-02T11:27:49Z" finished-at="2021-07-02T11:27:49Z">
          <params>
            <param index="0">
              <value>
                <![CDATA[public void com.pagefactory.framework.homepage.TC003_VerifyLoginWithDifferentData.createAccountDifferentRecordsTest(java.lang.String,java.lang.String,java.lang.String,java.lang.String)]]>
              </value>
            </param>
          </params>
          <reporter-output>
          </reporter-output>
        </test-method> <!-- beforeMethod -->
        <test-method status="SKIP" signature="createAccountDifferentRecordsTest(java.lang.String, java.lang.String, java.lang.String, java.lang.String)[pri:0, instance:com.pagefactory.framework.homepage.TC003_VerifyLoginWithDifferentData@467aecef]" name="createAccountDifferentRecordsTest" duration-ms="2" started-at="2021-07-02T11:27:49Z" data-provider="createAccountData" finished-at="2021-07-02T11:27:49Z">
          <params>
            <param index="0">
              <value>
                <![CDATA[England]]>
              </value>
            </param>
            <param index="1">
              <value>
                <![CDATA[e@e.com]]>
              </value>
            </param>
            <param index="2">
              <value>
                <![CDATA[password]]>
              </value>
            </param>
            <param index="3">
              <value>
                <![CDATA[n]]>
              </value>
            </param>
          </params>
          <exception class="org.testng.SkipException">
            <message>
              <![CDATA[This record is marked this as no Run ]]>
            </message>
            <full-stacktrace>
              <![CDATA[org.testng.SkipException: This record is marked this as no Run 
	at com.pagefactory.framework.homepage.TC003_VerifyLoginWithDifferentData.createAccountDifferentRecordsTest(TC003_VerifyLoginWithDifferentData.java:37)
	at sun.reflect.NativeMethodAccessorImpl.invoke0(Native Method)
	at sun.reflect.NativeMethodAccessorImpl.invoke(NativeMethodAccessorImpl.java:62)
	at sun.reflect.DelegatingMethodAccessorImpl.invoke(DelegatingMethodAccessorImpl.java:43)
	at java.lang.reflect.Method.invoke(Method.java:498)
	at org.testng.internal.MethodInvocationHelper.invokeMethod(MethodInvocationHelper.java:104)
	at org.testng.internal.Invoker.invokeMethod(Invoker.java:645)
	at org.testng.internal.Invoker.invokeTestMethod(Invoker.java:851)
	at org.testng.internal.Invoker.invokeTestMethods(Invoker.java:1177)
	at org.testng.internal.TestMethodWorker.invokeTestMethods(TestMethodWorker.java:129)
	at org.testng.internal.TestMethodWorker.run(TestMethodWorker.java:112)
	at java.util.concurrent.ThreadPoolExecutor.runWorker(ThreadPoolExecutor.java:1149)
	at java.util.concurrent.ThreadPoolExecutor$Worker.run(ThreadPoolExecutor.java:624)
	at java.lang.Thread.run(Thread.java:748)
]]>
            </full-stacktrace>
          </exception> <!-- org.testng.SkipException -->
          <reporter-output>
          </reporter-output>
        </test-method> <!-- createAccountDifferentRecordsTest -->
        <test-method status="PASS" signature="afterMethod(org.testng.ITestResult)[pri:0, instance:com.pagefactory.framework.homepage.TC003_VerifyLoginWithDifferentData@467aecef]" name="afterMethod" is-config="true" duration-ms="0" started-at="2021-07-02T11:27:49Z" finished-at="2021-07-02T11:27:49Z">
          <params>
            <param index="0">
              <value>
                <![CDATA[[TestResult name=createAccountDifferentRecordsTest status=SKIP method=TC003_VerifyLoginWithDifferentData.createAccountDifferentRecordsTest(java.lang.String, java.lang.String, java.lang.String, java.lang.String)[pri:0, instance:com.pagefactory.framework.homepage.TC003_VerifyLoginWithDifferentData@467aecef] output={null}]]]>
              </value>
            </param>
          </params>
          <reporter-output>
          </reporter-output>
        </test-method> <!-- afterMethod -->
        <test-method status="PASS" signature="endTest()[pri:0, instance:com.pagefactory.framework.homepage.TC003_VerifyLoginWithDifferentData@467aecef]" name="endTest" is-config="true" duration-ms="1842" started-at="2021-07-02T11:27:49Z" finished-at="2021-07-02T11:27:51Z">
          <reporter-output>
            <line>
              <![CDATA[Browser Closed]]>
            </line>
          </reporter-output>
        </test-method> <!-- endTest -->
      </class> <!-- com.pagefactory.framework.homepage.TC003_VerifyLoginWithDifferentData -->
      <class name="com.pagefactory.framework.homepage.TC004_VerifyExternalLink">
        <test-method status="PASS" signature="setup()[pri:0, instance:com.pagefactory.framework.homepage.TC004_VerifyExternalLink@4d50efb8]" name="setup" is-config="true" duration-ms="31883" started-at="2021-07-02T11:27:03Z" finished-at="2021-07-02T11:27:35Z">
          <reporter-output>
            <line>
              <![CDATA[Creating the object of firefox]]>
            </line>
            <line>
              <![CDATA[Navigating to the URL:file:///D:/Training/Multisoft/Eshopper/index.html]]>
            </line>
            <line>
              <![CDATA[Navitage to :file:///D:/Training/Multisoft/Eshopper/index.html]]>
            </line>
            <line>
              <![CDATA[After Navitage to :file:///D:/Training/Multisoft/Eshopper/index.html]]>
            </line>
          </reporter-output>
        </test-method> <!-- setup -->
        <test-method status="PASS" signature="beforeMethod(java.lang.reflect.Method)[pri:0, instance:com.pagefactory.framework.homepage.TC004_VerifyExternalLink@4d50efb8]" name="beforeMethod" is-config="true" duration-ms="362" started-at="2021-07-02T11:27:35Z" finished-at="2021-07-02T11:27:35Z">
          <params>
            <param index="0">
              <value>
                <![CDATA[public void com.pagefactory.framework.homepage.TC004_VerifyExternalLink.verifyExternalWebsiteLink()]]>
              </value>
            </param>
          </params>
          <reporter-output>
          </reporter-output>
        </test-method> <!-- beforeMethod -->
        <test-method status="SKIP" signature="verifyExternalWebsiteLink()[pri:0, instance:com.pagefactory.framework.homepage.TC004_VerifyExternalLink@4d50efb8]" name="verifyExternalWebsiteLink" duration-ms="62796" started-at="2021-07-02T11:27:35Z" finished-at="2021-07-02T11:28:38Z">
          <exception class="java.lang.AssertionError">
            <message>
              <![CDATA[expected [true] but found [false]]]>
            </message>
            <full-stacktrace>
              <![CDATA[java.lang.AssertionError: expected [true] but found [false]
	at org.testng.Assert.fail(Assert.java:94)
	at org.testng.Assert.failNotEquals(Assert.java:513)
	at org.testng.Assert.assertEqualsImpl(Assert.java:135)
	at org.testng.Assert.assertEquals(Assert.java:116)
	at org.testng.Assert.assertEquals(Assert.java:305)
	at org.testng.Assert.assertEquals(Assert.java:315)
	at com.pagefactory.framework.homepage.TC004_VerifyExternalLink.verifyExternalWebsiteLink(TC004_VerifyExternalLink.java:46)
	at sun.reflect.NativeMethodAccessorImpl.invoke0(Native Method)
	at sun.reflect.NativeMethodAccessorImpl.invoke(NativeMethodAccessorImpl.java:62)
	at sun.reflect.DelegatingMethodAccessorImpl.invoke(DelegatingMethodAccessorImpl.java:43)
	at java.lang.reflect.Method.invoke(Method.java:498)
	at org.testng.internal.MethodInvocationHelper.invokeMethod(MethodInvocationHelper.java:104)
	at org.testng.internal.Invoker.invokeMethod(Invoker.java:645)
	at org.testng.internal.Invoker.invokeTestMethod(Invoker.java:851)
	at org.testng.internal.Invoker.invokeTestMethods(Invoker.java:1177)
	at org.testng.internal.TestMethodWorker.invokeTestMethods(TestMethodWorker.java:129)
	at org.testng.internal.TestMethodWorker.run(TestMethodWorker.java:112)
	at java.util.concurrent.ThreadPoolExecutor.runWorker(ThreadPoolExecutor.java:1149)
	at java.util.concurrent.ThreadPoolExecutor$Worker.run(ThreadPoolExecutor.java:624)
	at java.lang.Thread.run(Thread.java:748)
]]>
            </full-stacktrace>
          </exception> <!-- java.lang.AssertionError -->
          <reporter-output>
            <line>
              <![CDATA[------------------- Starting verifyExternalWebsiteLink Test -------------------]]>
            </line>
            <line>
              <![CDATA[Trying to find element By:By.xpath: //*[@id='accordian']/descendant::div[@class='panel panel-default']/descendant::div[@class='panel-heading']/descendant::a[@href='#mens']]]>
            </line>
            <line>
              <![CDATA[Found element By:By.xpath: //*[@id='accordian']/descendant::div[@class='panel panel-default']/descendant::div[@class='panel-heading']/descendant::a[@href='#mens']]]>
            </line>
            <line>
              <![CDATA[Clicked On: [[FirefoxDriver: firefox on WINDOWS (12535c7f-e3e0-44f3-9568-d8b0585a79b8)] -> xpath: //*[@id='accordian']/descendant::div[@class='panel panel-default']/descendant::div[@class='panel-heading']/descendant::a[@href='#mens']]]]>
            </line>
            <line>
              <![CDATA[Clicked on mensNavigation menu item]]>
            </line>
            <line>
              <![CDATA[Trying to find element By:By.xpath: //*[@id='accordian']/descendant::div[@class='panel panel-default']/descendant::div[@id='mens']/descendant::div[@class='panel-body']/descendant::ul/child::li/child::a[contains(text(),'Valentino')]]]>
            </line>
            <line>
              <![CDATA[Found element By:By.xpath: //*[@id='accordian']/descendant::div[@class='panel panel-default']/descendant::div[@id='mens']/descendant::div[@class='panel-body']/descendant::ul/child::li/child::a[contains(text(),'Valentino')]]]>
            </line>
            <line>
              <![CDATA[Clicked On: [[FirefoxDriver: firefox on WINDOWS (12535c7f-e3e0-44f3-9568-d8b0585a79b8)] -> xpath: //*[@id='accordian']/descendant::div[@class='panel panel-default']/descendant::div[@id='mens']/descendant::div[@class='panel-body']/descendant::ul/child::li/child::a[contains(text(),'Valentino')]]]]>
            </line>
            <line>
              <![CDATA[Clicked on Valentino of Mens]]>
            </line>
            <line>
              <![CDATA[Trying to find element By:By.xpath: //*[@id='footer']/div[3]/div/div/p[2]/span/a]]>
            </line>
            <line>
              <![CDATA[Found element By:By.xpath: //*[@id='footer']/div[3]/div/div/p[2]/span/a]]>
            </line>
            <line>
              <![CDATA[Clicked On: [[FirefoxDriver: firefox on WINDOWS (12535c7f-e3e0-44f3-9568-d8b0585a79b8)] -> xpath: //*[@id='footer']/div[3]/div/div/p[2]/span/a]]]>
            </line>
            <line>
              <![CDATA[Trying to find element By:By.xpath: //*[@id='footer']/div[3]/div/div/p[2]/span/a]]>
            </line>
            <line>
              <![CDATA[Found element By:By.xpath: //*[@id='footer']/div[3]/div/div/p[2]/span/a]]>
            </line>
            <line>
              <![CDATA[Website Link clicked and object is :[[FirefoxDriver: firefox on WINDOWS (12535c7f-e3e0-44f3-9568-d8b0585a79b8)] -> xpath: //*[@id='footer']/div[3]/div/div/p[2]/span/a]]]>
            </line>
            <line>
              <![CDATA[Trying to find element By:By.xpath: //p[contains(text(),'s functionality with our robus')]]]>
            </line>
            <line>
              <![CDATA[Exception Occured org.openqa.selenium.NoSuchElementException: Unable to locate element: //p[contains(text(),'s functionality with our robus')]
For documentation on this error, please visit: https://www.seleniumhq.org/exceptions/no_such_element.html
Build info: version: '3.141.59', revision: 'e82be7d358', time: '2018-11-14T08:17:03'
System info: host: 'DESKTOP-PN0RVR2', ip: '192.168.14.241', os.name: 'Windows 10', os.arch: 'amd64', os.version: '10.0', java.version: '1.8.0_181'
Driver info: org.openqa.selenium.firefox.FirefoxDriver
Capabilities {acceptInsecureCerts: true, browserName: firefox, browserVersion: 89.0.2, javascriptEnabled: true, moz:accessibilityChecks: false, moz:buildID: 20210622155641, moz:geckodriverVersion: 0.29.1, moz:headless: false, moz:processID: 12548, moz:profile: C:\Users\tarun\AppData\Loca..., moz:shutdownTimeout: 60000, moz:useNonSpecCompliantPointerOrigin: false, moz:webdriverClick: true, pageLoadStrategy: normal, platform: WINDOWS, platformName: WINDOWS, platformVersion: 10.0, setWindowRect: true, strictFileInteractability: false, timeouts: {implicit: 0, pageLoad: 300000, script: 30000}, unhandledPromptBehavior: dismiss and notify}
Session ID: 12535c7f-e3e0-44f3-9568-d8b0585a79b8
*** Element info: {Using=xpath, value=//p[contains(text(),'s functionality with our robus')]}]]>
            </line>
            <line>
              <![CDATA[Retrying test verifyExternalWebsiteLink with status FAILURE for the 1 time(s).]]>
            </line>
          </reporter-output>
        </test-method> <!-- verifyExternalWebsiteLink -->
        <test-method status="PASS" signature="afterMethod(org.testng.ITestResult)[pri:0, instance:com.pagefactory.framework.homepage.TC004_VerifyExternalLink@4d50efb8]" name="afterMethod" is-config="true" duration-ms="0" started-at="2021-07-02T11:28:38Z" finished-at="2021-07-02T11:28:38Z">
          <params>
            <param index="0">
              <value>
                <![CDATA[[TestResult name=verifyExternalWebsiteLink status=SKIP method=TC004_VerifyExternalLink.verifyExternalWebsiteLink()[pri:0, instance:com.pagefactory.framework.homepage.TC004_VerifyExternalLink@4d50efb8] output=------------------- Starting verifyExternalWebsiteLink Test -------------------]]]>
              </value>
            </param>
          </params>
          <reporter-output>
          </reporter-output>
        </test-method> <!-- afterMethod -->
        <test-method status="SKIP" signature="verifyExternalWebsiteLink()[pri:0, instance:com.pagefactory.framework.homepage.TC004_VerifyExternalLink@4d50efb8]" name="verifyExternalWebsiteLink" duration-ms="61190" started-at="2021-07-02T11:28:38Z" finished-at="2021-07-02T11:29:39Z">
          <exception class="java.lang.AssertionError">
            <message>
              <![CDATA[expected [true] but found [false]]]>
            </message>
            <full-stacktrace>
              <![CDATA[java.lang.AssertionError: expected [true] but found [false]
	at org.testng.Assert.fail(Assert.java:94)
	at org.testng.Assert.failNotEquals(Assert.java:513)
	at org.testng.Assert.assertEqualsImpl(Assert.java:135)
	at org.testng.Assert.assertEquals(Assert.java:116)
	at org.testng.Assert.assertEquals(Assert.java:305)
	at org.testng.Assert.assertEquals(Assert.java:315)
	at com.pagefactory.framework.homepage.TC004_VerifyExternalLink.verifyExternalWebsiteLink(TC004_VerifyExternalLink.java:46)
	at sun.reflect.NativeMethodAccessorImpl.invoke0(Native Method)
	at sun.reflect.NativeMethodAccessorImpl.invoke(NativeMethodAccessorImpl.java:62)
	at sun.reflect.DelegatingMethodAccessorImpl.invoke(DelegatingMethodAccessorImpl.java:43)
	at java.lang.reflect.Method.invoke(Method.java:498)
	at org.testng.internal.MethodInvocationHelper.invokeMethod(MethodInvocationHelper.java:104)
	at org.testng.internal.Invoker.invokeMethod(Invoker.java:645)
	at org.testng.internal.Invoker.retryFailed(Invoker.java:998)
	at org.testng.internal.Invoker.invokeTestMethods(Invoker.java:1200)
	at org.testng.internal.TestMethodWorker.invokeTestMethods(TestMethodWorker.java:129)
	at org.testng.internal.TestMethodWorker.run(TestMethodWorker.java:112)
	at java.util.concurrent.ThreadPoolExecutor.runWorker(ThreadPoolExecutor.java:1149)
	at java.util.concurrent.ThreadPoolExecutor$Worker.run(ThreadPoolExecutor.java:624)
	at java.lang.Thread.run(Thread.java:748)
]]>
            </full-stacktrace>
          </exception> <!-- java.lang.AssertionError -->
          <reporter-output>
            <line>
              <![CDATA[------------------- Starting verifyExternalWebsiteLink Test -------------------]]>
            </line>
            <line>
              <![CDATA[Trying to find element By:By.xpath: //*[@id='accordian']/descendant::div[@class='panel panel-default']/descendant::div[@class='panel-heading']/descendant::a[@href='#mens']]]>
            </line>
            <line>
              <![CDATA[Found element By:By.xpath: //*[@id='accordian']/descendant::div[@class='panel panel-default']/descendant::div[@class='panel-heading']/descendant::a[@href='#mens']]]>
            </line>
            <line>
              <![CDATA[Clicked On: [[FirefoxDriver: firefox on WINDOWS (12535c7f-e3e0-44f3-9568-d8b0585a79b8)] -> xpath: //*[@id='accordian']/descendant::div[@class='panel panel-default']/descendant::div[@class='panel-heading']/descendant::a[@href='#mens']]]]>
            </line>
            <line>
              <![CDATA[Clicked on mensNavigation menu item]]>
            </line>
            <line>
              <![CDATA[Trying to find element By:By.xpath: //*[@id='accordian']/descendant::div[@class='panel panel-default']/descendant::div[@id='mens']/descendant::div[@class='panel-body']/descendant::ul/child::li/child::a[contains(text(),'Valentino')]]]>
            </line>
            <line>
              <![CDATA[Found element By:By.xpath: //*[@id='accordian']/descendant::div[@class='panel panel-default']/descendant::div[@id='mens']/descendant::div[@class='panel-body']/descendant::ul/child::li/child::a[contains(text(),'Valentino')]]]>
            </line>
            <line>
              <![CDATA[Clicked On: [[FirefoxDriver: firefox on WINDOWS (12535c7f-e3e0-44f3-9568-d8b0585a79b8)] -> xpath: //*[@id='accordian']/descendant::div[@class='panel panel-default']/descendant::div[@id='mens']/descendant::div[@class='panel-body']/descendant::ul/child::li/child::a[contains(text(),'Valentino')]]]]>
            </line>
            <line>
              <![CDATA[Clicked on Valentino of Mens]]>
            </line>
            <line>
              <![CDATA[Trying to find element By:By.xpath: //*[@id='footer']/div[3]/div/div/p[2]/span/a]]>
            </line>
            <line>
              <![CDATA[Found element By:By.xpath: //*[@id='footer']/div[3]/div/div/p[2]/span/a]]>
            </line>
            <line>
              <![CDATA[Clicked On: [[FirefoxDriver: firefox on WINDOWS (12535c7f-e3e0-44f3-9568-d8b0585a79b8)] -> xpath: //*[@id='footer']/div[3]/div/div/p[2]/span/a]]]>
            </line>
            <line>
              <![CDATA[Trying to find element By:By.xpath: //*[@id='footer']/div[3]/div/div/p[2]/span/a]]>
            </line>
            <line>
              <![CDATA[Found element By:By.xpath: //*[@id='footer']/div[3]/div/div/p[2]/span/a]]>
            </line>
            <line>
              <![CDATA[Website Link clicked and object is :[[FirefoxDriver: firefox on WINDOWS (12535c7f-e3e0-44f3-9568-d8b0585a79b8)] -> xpath: //*[@id='footer']/div[3]/div/div/p[2]/span/a]]]>
            </line>
            <line>
              <![CDATA[Trying to find element By:By.xpath: //p[contains(text(),'s functionality with our robus')]]]>
            </line>
            <line>
              <![CDATA[Exception Occured org.openqa.selenium.NoSuchElementException: Unable to locate element: //p[contains(text(),'s functionality with our robus')]
For documentation on this error, please visit: https://www.seleniumhq.org/exceptions/no_such_element.html
Build info: version: '3.141.59', revision: 'e82be7d358', time: '2018-11-14T08:17:03'
System info: host: 'DESKTOP-PN0RVR2', ip: '192.168.14.241', os.name: 'Windows 10', os.arch: 'amd64', os.version: '10.0', java.version: '1.8.0_181'
Driver info: org.openqa.selenium.firefox.FirefoxDriver
Capabilities {acceptInsecureCerts: true, browserName: firefox, browserVersion: 89.0.2, javascriptEnabled: true, moz:accessibilityChecks: false, moz:buildID: 20210622155641, moz:geckodriverVersion: 0.29.1, moz:headless: false, moz:processID: 12548, moz:profile: C:\Users\tarun\AppData\Loca..., moz:shutdownTimeout: 60000, moz:useNonSpecCompliantPointerOrigin: false, moz:webdriverClick: true, pageLoadStrategy: normal, platform: WINDOWS, platformName: WINDOWS, platformVersion: 10.0, setWindowRect: true, strictFileInteractability: false, timeouts: {implicit: 0, pageLoad: 300000, script: 30000}, unhandledPromptBehavior: dismiss and notify}
Session ID: 12535c7f-e3e0-44f3-9568-d8b0585a79b8
*** Element info: {Using=xpath, value=//p[contains(text(),'s functionality with our robus')]}]]>
            </line>
            <line>
              <![CDATA[Retrying test verifyExternalWebsiteLink with status FAILURE for the 2 time(s).]]>
            </line>
          </reporter-output>
        </test-method> <!-- verifyExternalWebsiteLink -->
        <test-method status="PASS" signature="beforeMethod(java.lang.reflect.Method)[pri:0, instance:com.pagefactory.framework.homepage.TC004_VerifyExternalLink@4d50efb8]" name="beforeMethod" is-config="true" duration-ms="0" started-at="2021-07-02T11:28:38Z" finished-at="2021-07-02T11:28:38Z">
          <params>
            <param index="0">
              <value>
                <![CDATA[public void com.pagefactory.framework.homepage.TC004_VerifyExternalLink.verifyExternalWebsiteLink()]]>
              </value>
            </param>
          </params>
          <reporter-output>
          </reporter-output>
        </test-method> <!-- beforeMethod -->
        <test-method status="FAIL" signature="verifyExternalWebsiteLink()[pri:0, instance:com.pagefactory.framework.homepage.TC004_VerifyExternalLink@4d50efb8]" name="verifyExternalWebsiteLink" duration-ms="61057" started-at="2021-07-02T11:29:39Z" finished-at="2021-07-02T11:30:40Z">
          <exception class="java.lang.AssertionError">
            <message>
              <![CDATA[expected [true] but found [false]]]>
            </message>
            <full-stacktrace>
              <![CDATA[java.lang.AssertionError: expected [true] but found [false]
	at org.testng.Assert.fail(Assert.java:94)
	at org.testng.Assert.failNotEquals(Assert.java:513)
	at org.testng.Assert.assertEqualsImpl(Assert.java:135)
	at org.testng.Assert.assertEquals(Assert.java:116)
	at org.testng.Assert.assertEquals(Assert.java:305)
	at org.testng.Assert.assertEquals(Assert.java:315)
	at com.pagefactory.framework.homepage.TC004_VerifyExternalLink.verifyExternalWebsiteLink(TC004_VerifyExternalLink.java:46)
	at sun.reflect.NativeMethodAccessorImpl.invoke0(Native Method)
	at sun.reflect.NativeMethodAccessorImpl.invoke(NativeMethodAccessorImpl.java:62)
	at sun.reflect.DelegatingMethodAccessorImpl.invoke(DelegatingMethodAccessorImpl.java:43)
	at java.lang.reflect.Method.invoke(Method.java:498)
	at org.testng.internal.MethodInvocationHelper.invokeMethod(MethodInvocationHelper.java:104)
	at org.testng.internal.Invoker.invokeMethod(Invoker.java:645)
	at org.testng.internal.Invoker.retryFailed(Invoker.java:998)
	at org.testng.internal.Invoker.invokeTestMethods(Invoker.java:1200)
	at org.testng.internal.TestMethodWorker.invokeTestMethods(TestMethodWorker.java:129)
	at org.testng.internal.TestMethodWorker.run(TestMethodWorker.java:112)
	at java.util.concurrent.ThreadPoolExecutor.runWorker(ThreadPoolExecutor.java:1149)
	at java.util.concurrent.ThreadPoolExecutor$Worker.run(ThreadPoolExecutor.java:624)
	at java.lang.Thread.run(Thread.java:748)
]]>
            </full-stacktrace>
          </exception> <!-- java.lang.AssertionError -->
          <reporter-output>
            <line>
              <![CDATA[------------------- Starting verifyExternalWebsiteLink Test -------------------]]>
            </line>
            <line>
              <![CDATA[Trying to find element By:By.xpath: //*[@id='accordian']/descendant::div[@class='panel panel-default']/descendant::div[@class='panel-heading']/descendant::a[@href='#mens']]]>
            </line>
            <line>
              <![CDATA[Found element By:By.xpath: //*[@id='accordian']/descendant::div[@class='panel panel-default']/descendant::div[@class='panel-heading']/descendant::a[@href='#mens']]]>
            </line>
            <line>
              <![CDATA[Clicked On: [[FirefoxDriver: firefox on WINDOWS (12535c7f-e3e0-44f3-9568-d8b0585a79b8)] -> xpath: //*[@id='accordian']/descendant::div[@class='panel panel-default']/descendant::div[@class='panel-heading']/descendant::a[@href='#mens']]]]>
            </line>
            <line>
              <![CDATA[Clicked on mensNavigation menu item]]>
            </line>
            <line>
              <![CDATA[Trying to find element By:By.xpath: //*[@id='accordian']/descendant::div[@class='panel panel-default']/descendant::div[@id='mens']/descendant::div[@class='panel-body']/descendant::ul/child::li/child::a[contains(text(),'Valentino')]]]>
            </line>
            <line>
              <![CDATA[Found element By:By.xpath: //*[@id='accordian']/descendant::div[@class='panel panel-default']/descendant::div[@id='mens']/descendant::div[@class='panel-body']/descendant::ul/child::li/child::a[contains(text(),'Valentino')]]]>
            </line>
            <line>
              <![CDATA[Clicked On: [[FirefoxDriver: firefox on WINDOWS (12535c7f-e3e0-44f3-9568-d8b0585a79b8)] -> xpath: //*[@id='accordian']/descendant::div[@class='panel panel-default']/descendant::div[@id='mens']/descendant::div[@class='panel-body']/descendant::ul/child::li/child::a[contains(text(),'Valentino')]]]]>
            </line>
            <line>
              <![CDATA[Clicked on Valentino of Mens]]>
            </line>
            <line>
              <![CDATA[Trying to find element By:By.xpath: //*[@id='footer']/div[3]/div/div/p[2]/span/a]]>
            </line>
            <line>
              <![CDATA[Found element By:By.xpath: //*[@id='footer']/div[3]/div/div/p[2]/span/a]]>
            </line>
            <line>
              <![CDATA[Clicked On: [[FirefoxDriver: firefox on WINDOWS (12535c7f-e3e0-44f3-9568-d8b0585a79b8)] -> xpath: //*[@id='footer']/div[3]/div/div/p[2]/span/a]]]>
            </line>
            <line>
              <![CDATA[Trying to find element By:By.xpath: //*[@id='footer']/div[3]/div/div/p[2]/span/a]]>
            </line>
            <line>
              <![CDATA[Found element By:By.xpath: //*[@id='footer']/div[3]/div/div/p[2]/span/a]]>
            </line>
            <line>
              <![CDATA[Website Link clicked and object is :[[FirefoxDriver: firefox on WINDOWS (12535c7f-e3e0-44f3-9568-d8b0585a79b8)] -> xpath: //*[@id='footer']/div[3]/div/div/p[2]/span/a]]]>
            </line>
            <line>
              <![CDATA[Trying to find element By:By.xpath: //p[contains(text(),'s functionality with our robus')]]]>
            </line>
            <line>
              <![CDATA[Exception Occured org.openqa.selenium.NoSuchElementException: Unable to locate element: //p[contains(text(),'s functionality with our robus')]
For documentation on this error, please visit: https://www.seleniumhq.org/exceptions/no_such_element.html
Build info: version: '3.141.59', revision: 'e82be7d358', time: '2018-11-14T08:17:03'
System info: host: 'DESKTOP-PN0RVR2', ip: '192.168.14.241', os.name: 'Windows 10', os.arch: 'amd64', os.version: '10.0', java.version: '1.8.0_181'
Driver info: org.openqa.selenium.firefox.FirefoxDriver
Capabilities {acceptInsecureCerts: true, browserName: firefox, browserVersion: 89.0.2, javascriptEnabled: true, moz:accessibilityChecks: false, moz:buildID: 20210622155641, moz:geckodriverVersion: 0.29.1, moz:headless: false, moz:processID: 12548, moz:profile: C:\Users\tarun\AppData\Loca..., moz:shutdownTimeout: 60000, moz:useNonSpecCompliantPointerOrigin: false, moz:webdriverClick: true, pageLoadStrategy: normal, platform: WINDOWS, platformName: WINDOWS, platformVersion: 10.0, setWindowRect: true, strictFileInteractability: false, timeouts: {implicit: 0, pageLoad: 300000, script: 30000}, unhandledPromptBehavior: dismiss and notify}
Session ID: 12535c7f-e3e0-44f3-9568-d8b0585a79b8
*** Element info: {Using=xpath, value=//p[contains(text(),'s functionality with our robus')]}]]>
            </line>
          </reporter-output>
        </test-method> <!-- verifyExternalWebsiteLink -->
        <test-method status="PASS" signature="afterMethod(org.testng.ITestResult)[pri:0, instance:com.pagefactory.framework.homepage.TC004_VerifyExternalLink@4d50efb8]" name="afterMethod" is-config="true" duration-ms="0" started-at="2021-07-02T11:29:39Z" finished-at="2021-07-02T11:29:39Z">
          <params>
            <param index="0">
              <value>
                <![CDATA[[TestResult name=verifyExternalWebsiteLink status=SKIP method=TC004_VerifyExternalLink.verifyExternalWebsiteLink()[pri:0, instance:com.pagefactory.framework.homepage.TC004_VerifyExternalLink@4d50efb8] output=------------------- Starting verifyExternalWebsiteLink Test -------------------]]]>
              </value>
            </param>
          </params>
          <reporter-output>
          </reporter-output>
        </test-method> <!-- afterMethod -->
        <test-method status="PASS" signature="beforeMethod(java.lang.reflect.Method)[pri:0, instance:com.pagefactory.framework.homepage.TC004_VerifyExternalLink@4d50efb8]" name="beforeMethod" is-config="true" duration-ms="0" started-at="2021-07-02T11:29:39Z" finished-at="2021-07-02T11:29:39Z">
          <params>
            <param index="0">
              <value>
                <![CDATA[public void com.pagefactory.framework.homepage.TC004_VerifyExternalLink.verifyExternalWebsiteLink()]]>
              </value>
            </param>
          </params>
          <reporter-output>
          </reporter-output>
        </test-method> <!-- beforeMethod -->
        <test-method status="PASS" signature="afterMethod(org.testng.ITestResult)[pri:0, instance:com.pagefactory.framework.homepage.TC004_VerifyExternalLink@4d50efb8]" name="afterMethod" is-config="true" duration-ms="209" started-at="2021-07-02T11:30:40Z" finished-at="2021-07-02T11:30:41Z">
          <params>
            <param index="0">
              <value>
                <![CDATA[[TestResult name=verifyExternalWebsiteLink status=FAILURE method=TC004_VerifyExternalLink.verifyExternalWebsiteLink()[pri:0, instance:com.pagefactory.framework.homepage.TC004_VerifyExternalLink@4d50efb8] output=------------------- Starting verifyExternalWebsiteLink Test -------------------]]]>
              </value>
            </param>
          </params>
          <reporter-output>
            <line>
              <![CDATA[<a href='D:\Workspace\eclipse\PageFactoryFramework\src\main\java\com\pagefactory\framework\screenshot\blank_02_07_2021_11_30_40.png'><img src='D:\Workspace\eclipse\PageFactoryFramework\src\main\java\com\pagefactory\framework\screenshot\blank_02_07_2021_11_30_40.png' height='100' width='100'/> </a]]>
            </line>
          </reporter-output>
        </test-method> <!-- afterMethod -->
        <test-method status="PASS" signature="endTest()[pri:0, instance:com.pagefactory.framework.homepage.TC004_VerifyExternalLink@4d50efb8]" name="endTest" is-config="true" duration-ms="1771" started-at="2021-07-02T11:30:41Z" finished-at="2021-07-02T11:30:42Z">
          <reporter-output>
            <line>
              <![CDATA[Browser Closed]]>
            </line>
          </reporter-output>
        </test-method> <!-- endTest -->
      </class> <!-- com.pagefactory.framework.homepage.TC004_VerifyExternalLink -->
    </test> <!-- CompleteTest1 -->
    <test name="CompleteTest2" duration-ms="89708" started-at="2021-07-02T06:00:42Z" finished-at="2021-07-02T06:02:12Z">
      <class name="com.pagefactory.framework.homepage.TC002_VerifyCreateAccount">
        <test-method status="PASS" signature="setup()[pri:0, instance:com.pagefactory.framework.homepage.TC002_VerifyCreateAccount@6b9651f3]" name="setup" is-config="true" duration-ms="11046" started-at="2021-07-02T11:30:42Z" finished-at="2021-07-02T11:30:53Z">
          <reporter-output>
            <line>
              <![CDATA[Creating the object of firefox]]>
            </line>
            <line>
              <![CDATA[Navigating to the URL:file:///D:/Training/Multisoft/Eshopper/index.html]]>
            </line>
            <line>
              <![CDATA[Navitage to :file:///D:/Training/Multisoft/Eshopper/index.html]]>
            </line>
            <line>
              <![CDATA[After Navitage to :file:///D:/Training/Multisoft/Eshopper/index.html]]>
            </line>
          </reporter-output>
        </test-method> <!-- setup -->
        <test-method status="PASS" signature="beforeMethod(java.lang.reflect.Method)[pri:0, instance:com.pagefactory.framework.homepage.TC002_VerifyCreateAccount@6b9651f3]" name="beforeMethod" is-config="true" duration-ms="1" started-at="2021-07-02T11:30:53Z" finished-at="2021-07-02T11:30:53Z">
          <params>
            <param index="0">
              <value>
                <![CDATA[public void com.pagefactory.framework.homepage.TC002_VerifyCreateAccount.verifyCreateAccount()]]>
              </value>
            </param>
          </params>
          <reporter-output>
          </reporter-output>
        </test-method> <!-- beforeMethod -->
        <test-method status="PASS" signature="verifyCreateAccount()[pri:0, instance:com.pagefactory.framework.homepage.TC002_VerifyCreateAccount@6b9651f3]" name="verifyCreateAccount" duration-ms="1148" started-at="2021-07-02T11:30:53Z" finished-at="2021-07-02T11:30:55Z">
          <reporter-output>
            <line>
              <![CDATA[------------------- Starting verifyCreateAccount Test -------------------]]>
            </line>
            <line>
              <![CDATA[Trying to find element By:By.xpath: //*[@id='header']/div[2]/div/div/div[2]/div/ul/li[5]/a]]>
            </line>
            <line>
              <![CDATA[Found element By:By.xpath: //*[@id='header']/div[2]/div/div/div[2]/div/ul/li[5]/a]]>
            </line>
            <line>
              <![CDATA[Clicked On: [[FirefoxDriver: firefox on WINDOWS (379887cf-b71d-4e9b-818f-1cffb2e748e0)] -> xpath: //*[@id='header']/div[2]/div/div/div[2]/div/ul/li[5]/a]]]>
            </line>
            <line>
              <![CDATA[Trying to find element By:By.xpath: //*[@id='form']/div/div/div[3]/div/form/input[1]]]>
            </line>
            <line>
              <![CDATA[Found element By:By.xpath: //*[@id='form']/div/div/div[3]/div/form/input[1]]]>
            </line>
            <line>
              <![CDATA[Value of the WebElement [[FirefoxDriver: firefox on WINDOWS (379887cf-b71d-4e9b-818f-1cffb2e748e0)] -> xpath: //*[@id='form']/div/div/div[3]/div/form/input[1]] before any changes]]>
            </line>
            <line>
              <![CDATA[Value changed to [[FirefoxDriver: firefox on WINDOWS (379887cf-b71d-4e9b-818f-1cffb2e748e0)] -> xpath: //*[@id='form']/div/div/div[3]/div/form/input[1]]]]>
            </line>
            <line>
              <![CDATA[Trying to find element By:By.xpath: //*[@id='form']/div/div/div[3]/div/form/input[1]]]>
            </line>
            <line>
              <![CDATA[Found element By:By.xpath: //*[@id='form']/div/div/div[3]/div/form/input[1]]]>
            </line>
            <line>
              <![CDATA[Value of the WebElement [[FirefoxDriver: firefox on WINDOWS (379887cf-b71d-4e9b-818f-1cffb2e748e0)] -> xpath: //*[@id='form']/div/div/div[3]/div/form/input[1]] before any changes]]>
            </line>
            <line>
              <![CDATA[Value changed to [[FirefoxDriver: firefox on WINDOWS (379887cf-b71d-4e9b-818f-1cffb2e748e0)] -> xpath: //*[@id='form']/div/div/div[3]/div/form/input[1]]]]>
            </line>
            <line>
              <![CDATA[Clicked on Sign In and object is:Hasu]]>
            </line>
            <line>
              <![CDATA[Trying to find element By:By.xpath: //*[@id='form']/div/div/div[3]/div/form/input[2]]]>
            </line>
            <line>
              <![CDATA[Found element By:By.xpath: //*[@id='form']/div/div/div[3]/div/form/input[2]]]>
            </line>
            <line>
              <![CDATA[Value of the WebElement [[FirefoxDriver: firefox on WINDOWS (379887cf-b71d-4e9b-818f-1cffb2e748e0)] -> xpath: //*[@id='form']/div/div/div[3]/div/form/input[2]] before any changes]]>
            </line>
            <line>
              <![CDATA[Value changed to [[FirefoxDriver: firefox on WINDOWS (379887cf-b71d-4e9b-818f-1cffb2e748e0)] -> xpath: //*[@id='form']/div/div/div[3]/div/form/input[2]]]]>
            </line>
            <line>
              <![CDATA[Trying to find element By:By.xpath: //*[@id='form']/div/div/div[3]/div/form/input[2]]]>
            </line>
            <line>
              <![CDATA[Found element By:By.xpath: //*[@id='form']/div/div/div[3]/div/form/input[2]]]>
            </line>
            <line>
              <![CDATA[Value of the WebElement [[FirefoxDriver: firefox on WINDOWS (379887cf-b71d-4e9b-818f-1cffb2e748e0)] -> xpath: //*[@id='form']/div/div/div[3]/div/form/input[2]] before any changes]]>
            </line>
            <line>
              <![CDATA[Value changed to [[FirefoxDriver: firefox on WINDOWS (379887cf-b71d-4e9b-818f-1cffb2e748e0)] -> xpath: //*[@id='form']/div/div/div[3]/div/form/input[2]]]]>
            </line>
            <line>
              <![CDATA[Clicked on Sign In and object is:hasu019@gmail.com]]>
            </line>
            <line>
              <![CDATA[Trying to find element By:By.xpath: //*[@id='form']/div/div/div[3]/div/form/input[3]]]>
            </line>
            <line>
              <![CDATA[Found element By:By.xpath: //*[@id='form']/div/div/div[3]/div/form/input[3]]]>
            </line>
            <line>
              <![CDATA[Value of the WebElement [[FirefoxDriver: firefox on WINDOWS (379887cf-b71d-4e9b-818f-1cffb2e748e0)] -> xpath: //*[@id='form']/div/div/div[3]/div/form/input[3]] before any changes]]>
            </line>
            <line>
              <![CDATA[Value changed to [[FirefoxDriver: firefox on WINDOWS (379887cf-b71d-4e9b-818f-1cffb2e748e0)] -> xpath: //*[@id='form']/div/div/div[3]/div/form/input[3]]]]>
            </line>
            <line>
              <![CDATA[Trying to find element By:By.xpath: //*[@id='form']/div/div/div[3]/div/form/input[3]]]>
            </line>
            <line>
              <![CDATA[Found element By:By.xpath: //*[@id='form']/div/div/div[3]/div/form/input[3]]]>
            </line>
            <line>
              <![CDATA[Value of the WebElement [[FirefoxDriver: firefox on WINDOWS (379887cf-b71d-4e9b-818f-1cffb2e748e0)] -> xpath: //*[@id='form']/div/div/div[3]/div/form/input[3]] before any changes]]>
            </line>
            <line>
              <![CDATA[Value changed to [[FirefoxDriver: firefox on WINDOWS (379887cf-b71d-4e9b-818f-1cffb2e748e0)] -> xpath: //*[@id='form']/div/div/div[3]/div/form/input[3]]]]>
            </line>
            <line>
              <![CDATA[Clicked on Sign In and object is:password]]>
            </line>
            <line>
              <![CDATA[Trying to find element By:By.xpath: //*[@id='header']/div[1]/div/div/div[1]/div/ul/li[1]/a]]>
            </line>
            <line>
              <![CDATA[Found element By:By.xpath: //*[@id='header']/div[1]/div/div/div[1]/div/ul/li[1]/a]]>
            </line>
            <line>
              <![CDATA[------------------- Ending verifyCreateAccount Test -------------------]]>
            </line>
          </reporter-output>
        </test-method> <!-- verifyCreateAccount -->
        <test-method status="PASS" signature="afterMethod(org.testng.ITestResult)[pri:0, instance:com.pagefactory.framework.homepage.TC002_VerifyCreateAccount@6b9651f3]" name="afterMethod" is-config="true" duration-ms="0" started-at="2021-07-02T11:30:55Z" finished-at="2021-07-02T11:30:55Z">
          <params>
            <param index="0">
              <value>
                <![CDATA[[TestResult name=verifyCreateAccount status=SUCCESS method=TC002_VerifyCreateAccount.verifyCreateAccount()[pri:0, instance:com.pagefactory.framework.homepage.TC002_VerifyCreateAccount@6b9651f3] output=------------------- Starting verifyCreateAccount Test -------------------]]]>
              </value>
            </param>
          </params>
          <reporter-output>
          </reporter-output>
        </test-method> <!-- afterMethod -->
        <test-method status="PASS" signature="endTest()[pri:0, instance:com.pagefactory.framework.homepage.TC002_VerifyCreateAccount@6b9651f3]" name="endTest" is-config="true" duration-ms="77511" started-at="2021-07-02T11:30:55Z" finished-at="2021-07-02T11:32:12Z">
          <reporter-output>
            <line>
              <![CDATA[Browser Closed]]>
            </line>
          </reporter-output>
        </test-method> <!-- endTest -->
      </class> <!-- com.pagefactory.framework.homepage.TC002_VerifyCreateAccount -->
      <class name="com.pagefactory.framework.homepage.TC004_VerifyExternalLink">
        <test-method status="PASS" signature="setup()[pri:0, instance:com.pagefactory.framework.homepage.TC004_VerifyExternalLink@38bc8ab5]" name="setup" is-config="true" duration-ms="13553" started-at="2021-07-02T11:30:42Z" finished-at="2021-07-02T11:30:56Z">
          <reporter-output>
            <line>
              <![CDATA[Creating the object of firefox]]>
            </line>
            <line>
              <![CDATA[Navigating to the URL:file:///D:/Training/Multisoft/Eshopper/index.html]]>
            </line>
            <line>
              <![CDATA[Navitage to :file:///D:/Training/Multisoft/Eshopper/index.html]]>
            </line>
            <line>
              <![CDATA[After Navitage to :file:///D:/Training/Multisoft/Eshopper/index.html]]>
            </line>
          </reporter-output>
        </test-method> <!-- setup -->
        <test-method status="FAIL" signature="verifyExternalWebsiteLink()[pri:0, instance:com.pagefactory.framework.homepage.TC004_VerifyExternalLink@38bc8ab5]" name="verifyExternalWebsiteLink" duration-ms="61410" started-at="2021-07-02T11:30:56Z" finished-at="2021-07-02T11:31:57Z">
          <exception class="java.lang.AssertionError">
            <message>
              <![CDATA[expected [true] but found [false]]]>
            </message>
            <full-stacktrace>
              <![CDATA[java.lang.AssertionError: expected [true] but found [false]
	at org.testng.Assert.fail(Assert.java:94)
	at org.testng.Assert.failNotEquals(Assert.java:513)
	at org.testng.Assert.assertEqualsImpl(Assert.java:135)
	at org.testng.Assert.assertEquals(Assert.java:116)
	at org.testng.Assert.assertEquals(Assert.java:305)
	at org.testng.Assert.assertEquals(Assert.java:315)
	at com.pagefactory.framework.homepage.TC004_VerifyExternalLink.verifyExternalWebsiteLink(TC004_VerifyExternalLink.java:46)
	at sun.reflect.NativeMethodAccessorImpl.invoke0(Native Method)
	at sun.reflect.NativeMethodAccessorImpl.invoke(NativeMethodAccessorImpl.java:62)
	at sun.reflect.DelegatingMethodAccessorImpl.invoke(DelegatingMethodAccessorImpl.java:43)
	at java.lang.reflect.Method.invoke(Method.java:498)
	at org.testng.internal.MethodInvocationHelper.invokeMethod(MethodInvocationHelper.java:104)
	at org.testng.internal.Invoker.invokeMethod(Invoker.java:645)
	at org.testng.internal.Invoker.invokeTestMethod(Invoker.java:851)
	at org.testng.internal.Invoker.invokeTestMethods(Invoker.java:1177)
	at org.testng.internal.TestMethodWorker.invokeTestMethods(TestMethodWorker.java:129)
	at org.testng.internal.TestMethodWorker.run(TestMethodWorker.java:112)
	at java.util.concurrent.ThreadPoolExecutor.runWorker(ThreadPoolExecutor.java:1149)
	at java.util.concurrent.ThreadPoolExecutor$Worker.run(ThreadPoolExecutor.java:624)
	at java.lang.Thread.run(Thread.java:748)
]]>
            </full-stacktrace>
          </exception> <!-- java.lang.AssertionError -->
          <reporter-output>
            <line>
              <![CDATA[------------------- Starting verifyExternalWebsiteLink Test -------------------]]>
            </line>
            <line>
              <![CDATA[Trying to find element By:By.xpath: //*[@id='accordian']/descendant::div[@class='panel panel-default']/descendant::div[@class='panel-heading']/descendant::a[@href='#mens']]]>
            </line>
            <line>
              <![CDATA[Found element By:By.xpath: //*[@id='accordian']/descendant::div[@class='panel panel-default']/descendant::div[@class='panel-heading']/descendant::a[@href='#mens']]]>
            </line>
            <line>
              <![CDATA[Clicked On: [[FirefoxDriver: firefox on WINDOWS (8d08b637-66a3-4950-b1fd-7a02a05649eb)] -> xpath: //*[@id='accordian']/descendant::div[@class='panel panel-default']/descendant::div[@class='panel-heading']/descendant::a[@href='#mens']]]]>
            </line>
            <line>
              <![CDATA[Clicked on mensNavigation menu item]]>
            </line>
            <line>
              <![CDATA[Trying to find element By:By.xpath: //*[@id='accordian']/descendant::div[@class='panel panel-default']/descendant::div[@id='mens']/descendant::div[@class='panel-body']/descendant::ul/child::li/child::a[contains(text(),'Valentino')]]]>
            </line>
            <line>
              <![CDATA[Found element By:By.xpath: //*[@id='accordian']/descendant::div[@class='panel panel-default']/descendant::div[@id='mens']/descendant::div[@class='panel-body']/descendant::ul/child::li/child::a[contains(text(),'Valentino')]]]>
            </line>
            <line>
              <![CDATA[Clicked On: [[FirefoxDriver: firefox on WINDOWS (8d08b637-66a3-4950-b1fd-7a02a05649eb)] -> xpath: //*[@id='accordian']/descendant::div[@class='panel panel-default']/descendant::div[@id='mens']/descendant::div[@class='panel-body']/descendant::ul/child::li/child::a[contains(text(),'Valentino')]]]]>
            </line>
            <line>
              <![CDATA[Clicked on Valentino of Mens]]>
            </line>
            <line>
              <![CDATA[Trying to find element By:By.xpath: //*[@id='footer']/div[3]/div/div/p[2]/span/a]]>
            </line>
            <line>
              <![CDATA[Found element By:By.xpath: //*[@id='footer']/div[3]/div/div/p[2]/span/a]]>
            </line>
            <line>
              <![CDATA[Clicked On: [[FirefoxDriver: firefox on WINDOWS (8d08b637-66a3-4950-b1fd-7a02a05649eb)] -> xpath: //*[@id='footer']/div[3]/div/div/p[2]/span/a]]]>
            </line>
            <line>
              <![CDATA[Trying to find element By:By.xpath: //*[@id='footer']/div[3]/div/div/p[2]/span/a]]>
            </line>
            <line>
              <![CDATA[Found element By:By.xpath: //*[@id='footer']/div[3]/div/div/p[2]/span/a]]>
            </line>
            <line>
              <![CDATA[Website Link clicked and object is :[[FirefoxDriver: firefox on WINDOWS (8d08b637-66a3-4950-b1fd-7a02a05649eb)] -> xpath: //*[@id='footer']/div[3]/div/div/p[2]/span/a]]]>
            </line>
            <line>
              <![CDATA[Trying to find element By:By.xpath: //p[contains(text(),'s functionality with our robus')]]]>
            </line>
            <line>
              <![CDATA[Exception Occured org.openqa.selenium.NoSuchElementException: Unable to locate element: //p[contains(text(),'s functionality with our robus')]
For documentation on this error, please visit: https://www.seleniumhq.org/exceptions/no_such_element.html
Build info: version: '3.141.59', revision: 'e82be7d358', time: '2018-11-14T08:17:03'
System info: host: 'DESKTOP-PN0RVR2', ip: '192.168.14.241', os.name: 'Windows 10', os.arch: 'amd64', os.version: '10.0', java.version: '1.8.0_181'
Driver info: org.openqa.selenium.firefox.FirefoxDriver
Capabilities {acceptInsecureCerts: true, browserName: firefox, browserVersion: 89.0.2, javascriptEnabled: true, moz:accessibilityChecks: false, moz:buildID: 20210622155641, moz:geckodriverVersion: 0.29.1, moz:headless: false, moz:processID: 14312, moz:profile: C:\Users\tarun\AppData\Loca..., moz:shutdownTimeout: 60000, moz:useNonSpecCompliantPointerOrigin: false, moz:webdriverClick: true, pageLoadStrategy: normal, platform: WINDOWS, platformName: WINDOWS, platformVersion: 10.0, setWindowRect: true, strictFileInteractability: false, timeouts: {implicit: 0, pageLoad: 300000, script: 30000}, unhandledPromptBehavior: dismiss and notify}
Session ID: 8d08b637-66a3-4950-b1fd-7a02a05649eb
*** Element info: {Using=xpath, value=//p[contains(text(),'s functionality with our robus')]}]]>
            </line>
          </reporter-output>
        </test-method> <!-- verifyExternalWebsiteLink -->
        <test-method status="PASS" signature="beforeMethod(java.lang.reflect.Method)[pri:0, instance:com.pagefactory.framework.homepage.TC004_VerifyExternalLink@38bc8ab5]" name="beforeMethod" is-config="true" duration-ms="0" started-at="2021-07-02T11:30:56Z" finished-at="2021-07-02T11:30:56Z">
          <params>
            <param index="0">
              <value>
                <![CDATA[public void com.pagefactory.framework.homepage.TC004_VerifyExternalLink.verifyExternalWebsiteLink()]]>
              </value>
            </param>
          </params>
          <reporter-output>
          </reporter-output>
        </test-method> <!-- beforeMethod -->
        <test-method status="PASS" signature="afterMethod(org.testng.ITestResult)[pri:0, instance:com.pagefactory.framework.homepage.TC004_VerifyExternalLink@38bc8ab5]" name="afterMethod" is-config="true" duration-ms="166" started-at="2021-07-02T11:31:57Z" finished-at="2021-07-02T11:31:58Z">
          <params>
            <param index="0">
              <value>
                <![CDATA[[TestResult name=verifyExternalWebsiteLink status=FAILURE method=TC004_VerifyExternalLink.verifyExternalWebsiteLink()[pri:0, instance:com.pagefactory.framework.homepage.TC004_VerifyExternalLink@38bc8ab5] output=------------------- Starting verifyExternalWebsiteLink Test -------------------]]]>
              </value>
            </param>
          </params>
          <reporter-output>
            <line>
              <![CDATA[<a href='D:\Workspace\eclipse\PageFactoryFramework\src\main\java\com\pagefactory\framework\screenshot\blank_02_07_2021_11_31_57.png'><img src='D:\Workspace\eclipse\PageFactoryFramework\src\main\java\com\pagefactory\framework\screenshot\blank_02_07_2021_11_31_57.png' height='100' width='100'/> </a]]>
            </line>
          </reporter-output>
        </test-method> <!-- afterMethod -->
        <test-method status="PASS" signature="endTest()[pri:0, instance:com.pagefactory.framework.homepage.TC004_VerifyExternalLink@38bc8ab5]" name="endTest" is-config="true" duration-ms="2245" started-at="2021-07-02T11:31:58Z" finished-at="2021-07-02T11:32:00Z">
          <reporter-output>
            <line>
              <![CDATA[Browser Closed]]>
            </line>
          </reporter-output>
        </test-method> <!-- endTest -->
      </class> <!-- com.pagefactory.framework.homepage.TC004_VerifyExternalLink -->
    </test> <!-- CompleteTest2 -->
  </suite> <!-- RegressionSuite -->
</testng-results>
